0 1 2 3 4 5 6 7 8 10 11 12 13 14 16 17 18 19 20 21 23 26 28 29 33 34 35 36 37 39 40 41 42 44 46 47 48 52 53 55 60 61 62 64 65 66 67 68 69 70 71 74 83 87 94 95 97 30 38 43 45 50 51
0 53
0 44
1 40
1 83
2 68
2 36
2 61
3 53
3 37
4 45
4 8
4 65
5 83
5 18
6 64
7 34
7 48
8 67
8 10
10 51
11 68
11 87
12 43
12 23
12 69
13 95
14 74
16 18
17 46
17 52
19 39
19 71
20 60
20 41
21 30
21 94
23 33
26 42
26 62
26 48
28 70
28 67
29 69
33 50
34 97
35 97
36 83
36 60
37 30
42 55
44 68
44 95
47 94
52 70
52 74
62 64
66 74
67 38
69 71
71 95
87 51
87 97