0 1 7 3 2 9 31 5 14 4 13 20 6 8 16 32 17 10 15 11 12 33 18 51 24 21 22 37 43 25 19 23 27 28 29 54 26 61 57 30 44 58 80 35 34 40 38 36 39 48 50 41 42 45 46 52 47 49 82 73 53 56 55 63 62 59 74 60 64 69 72 65 66 88 67 89 91 71 68 90 70 97 76 79 75 84 77 86 93 78 87 81 83 85 92
0 1
0 7
1 3
7 6
7 8
3 5
3 14
2 9
2 31
9 17
14 24
4 13
13 10
13 51
20 23
20 27
8 32
16 43
16 37
32 35
17 21
17 43
10 15
15 12
15 21
11 12
11 33
18 51
18 25
24 19
24 23
21 29
21 28
22 28
25 54
27 26
28 57
54 55
54 63
61 60
57 56
57 58
30 58
30 80
44 42
58 59
80 52
80 78
35 38
35 34
34 40
40 41
40 42
40 36
38 50
38 48
36 39
48 47
41 45
42 46
45 52
47 49
47 82
49 73
82 81
53 56
56 62
63 65
59 60
74 79
74 71
60 72
60 69
60 64
64 66
64 88
69 68
69 90
72 76
65 67
66 89
66 91
67 71
90 97
90 92
70 97
76 77
75 84
84 81
77 93
77 86
78 87
87 85
81 83