79 8 17 26 27 39 52 61 63 69 76 78 80 81 84 85 88 89 91 97 98 1 32 66 74 75 77 82 83 86 87 35 43 12 15 92 53 55 57 96 65 34 51 56 58 28 94 93 95 64 67 36 41 42 62 37 70 71 10 49 90 29 6 21 30 0 72 24 31 44 68 45 46 47 48 60 33 50 59 2 19 25 13 54 23 22 3 4 5 14 20 18 38 7 73 40 9 16 11
79 8
79 52
79 78
17 16
26 27
27 74
39 32
39 75
52 53
61 49
63 64
63 87
63 92
69 51
69 89
69 25
76 77
76 85
76 84
78 82
78 94
80 54
80 91
80 74
80 67
81 57
84 38
84 67
84 98
85 16
88 48
89 56
91 43
97 87
98 1
98 83
32 31
32 33
66 74
74 28
75 4
77 62
86 94
87 55
35 50
12 0
12 13
15 37
55 54
57 56
96 5
96 59
65 95
65 2
65 22
34 68
51 68
51 46
56 67
58 10
58 13
94 93
94 95
93 9
95 41
36 73
36 60
36 37
42 25
62 29
62 90
70 2
71 72
71 44
71 9
10 9
10 6
10 11
49 0
21 38
21 33
30 31
72 40
24 38
45 46
47 48
47 60
48 54
48 13
48 18
60 59
60 50
2 3
19 20
19 22
13 14
54 23
38 7