85 67 3 33 10 18 99 34 87 53 52 72 56 69 32 26 63 95 82 89 78 61 19 20 14 24 5 37 62 55 94 7 11 9 23 36 83 58 51 79 49 74 45 92 96 21 12 77 80 16 71 60 47 91 59 57 30 54 42
85 55
67 26
67 53
67 94
3 20
3 95
3 19
33 37
33 10
33 56
33 9
10 34
10 74
10 96
18 87
99 55
34 19
87 11
87 69
53 78
53 14
53 72
53 79
53 71
52 20
52 54
56 92
69 61
32 37
32 11
32 5
32 42
32 47
32 60
26 19
63 55
82 9
82 45
82 30
89 37
89 49
19 21
14 55
24 94
37 59
62 54
62 12
55 77
55 36
7 11
11 16
11 83
9 58
9 51
23 12
96 57
96 91
96 80