78 80 82 83 85 86 89 74 75 71 69 66 68 64 62 60 61 58 59 56 57 54 55 52 53 50 51 48 49 46 47 44 45 42 43 40 41 38 39 36 37 34 35 32 33 30 31 28 29 26 27 24 25 22 23 20 21 18 16 17 14 12 13 11 8 9 7 5 2 0 96
78 80
78 75
80 82
82 83
82 85
83 86
86 89
74 71
74 75
71 69
69 68
66 68
66 64
64 62
62 60
60 57
60 61
58 56
59 56
56 54
57 55
57 54
54 53
52 53
53 51
50 48
50 47
51 48
48 45
48 49
46 45
44 43
45 43
42 40
42 41
43 40
41 38
38 37
38 39
39 36
36 34
34 33
35 33
32 33
33 31
30 31
31 29
28 27
29 27
26 27
26 23
24 22
25 22
22 20
22 23
22 21
20 18
18 16
16 17
17 14
14 11
12 13
12 9
13 11
8 9
8 7
7 5
5 2
2 0
0 96