0 14 38 40 42 44 45 51 52 55 57 59 63 64 65 1 32 69 70 73 74 78 79 83 84 85 86 90 91 2 24 93 94 95 97 98 3 16 31 4 5 26 7 28 37 9 17 12 10 33 13 34 20 22 27 35 19 21 30 29 36
0 14
0 40
0 42
0 45
0 38
14 4
14 22
14 27
44 9
45 10
51 20
52 21
55 24
57 26
59 29
63 33
64 34
65 35
1 32
1 69
1 86
1 84
1 78
1 79
1 85
1 73
32 2
70 4
74 13
83 26
84 27
90 33
91 34
2 24
2 98
2 93
24 5
94 4
95 7
97 9
3 16
3 31
16 10
31 36
26 13
7 28
7 37
28 12
37 29
9 12
9 17
17 35
33 36
13 34
13 20
20 19
19 30
19 21
30 29
29 36