0 1 11 5 2 25 26 27 8 28 29 30 6 24 31 32 33 3 16 14 34 35 36 4 10 37 38 39 15 23 40 41 42 43 44 45 7 9 46 47 48 49 50 51 18 52 53 54 55 56 57 58 59 60 12 21 61 62 63 13 22 64 65 66 20 67 68 69 70 71 72 73 74 75 17 76 77 78 79 80 81 19 82 83 84 85 86 87 88 89 90 91 92 93 94 95 96 97 98 99
0 26
0 27
1 28
1 29
1 30
11 58
11 60
11 59
5 42
5 40
5 41
2 32
2 33
2 31
25 43
27 49
8 50
8 51
8 49
28 34
28 51
6 43
6 45
6 44
24 97
24 98
24 99
31 67
32 42
33 57
33 73
3 35
3 34
3 36
16 74
16 73
16 75
14 67
14 69
14 68
4 38
4 39
4 37
10 55
10 57
10 56
37 84
15 72
15 70
15 71
23 95
23 96
23 94
44 99
7 47
7 46
7 48
9 53
9 54
9 52
47 80
48 67
51 85
18 81
18 79
18 80
53 74
54 96
54 87
55 61
58 94
59 93
60 78
12 61
12 63
12 62
21 88
21 90
21 89
13 65
13 64
13 66
22 93
22 92
22 91
64 68
20 85
20 87
69 98
70 83
72 87
17 76
17 77
76 90
78 89
19 82
19 83
19 84
86 95