0 60 59 24 27 79 69 55 18 80 25 16 10 30 33 50 48 53 67 97 85 86 20 32 15 62 47 81 35 91 12 95 73 46 40 90 26 99 4 96 57 3 94 66 2 72 9 36 78 84 28 42 22 39 82 89 68 70 88 31 11 58 52 38 17 37 8 44 19 92 93 14 75 87 29 51 77 13 64 54 34 83 41 1 23 43 98 45 61 74 56 6 5 71 63 76 7 65 49 21
0 38
0 34
0 64
0 47
60 40
60 84
60 24
59 75
24 6
24 85
24 17
24 76
27 12
27 29
79 71
69 85
55 6
18 64
80 15
25 13
25 7
25 19
16 8
16 89
10 8
30 98
30 1
33 13
50 64
48 61
48 22
53 42
53 73
67 91
97 21
97 40
85 31
86 29
86 14
20 1
20 72
20 49
20 91
20 37
20 57
32 21
15 99
15 52
15 22
62 87
62 70
62 5
62 42
81 17
35 88
12 63
12 31
95 41
95 63
46 88
46 70
46 90
46 96
90 23
26 6
99 94
4 72
4 7
96 3
96 82
94 77
66 7
2 84
2 9
36 77
78 45
84 11
28 93
28 51
28 41
42 39
42 56
68 92
68 87
88 58
31 74
31 92
52 45
52 43
17 13
8 83
44 13
92 65
92 75
51 71
77 64
54 41
83 65
45 7