0 8 17 24 30 78 91 1 13 16 29 33 50 57 83 85 96 2 41 49 94 3 18 34 73 4 76 98 6 69 72 77 82 7 22 42 19 23 60 10 12 38 40 80 11 27 36 53 89 95 55 15 90 39 92 61 20 28 88 54 79 32 48 37 44 62 31 26 63 56 66 99 68 67 35 45 64 43 51 81 97 70 52 84
0 17
8 23
8 73
17 57
17 23
24 62
24 44
30 63
78 80
78 52
78 7
91 34
91 55
1 85
1 96
1 29
1 50
13 95
13 38
16 49
29 27
29 10
29 66
33 82
33 23
50 69
50 81
57 35
57 4
83 54
85 56
85 90
96 88
2 94
41 79
41 56
49 45
49 37
49 88
94 10
94 43
3 34
18 22
18 92
34 12
73 40
76 26
98 69
98 31
98 84
6 77
6 72
72 51
72 32
7 22
42 19
19 61
23 60
60 95
10 40
12 53
12 36
11 27
36 15
36 54
36 45
53 89
95 97
95 28
39 45
39 26
92 70
92 20
61 43
28 63
88 48
88 68
79 99
44 97
63 70
99 51
67 35
64 51