0 2 18 19 21 29 52 62 98 73 9 33 53 74 94 3 6 11 14 23 65 4 24 31 55 61 5 15 28 64 84 44 7 8 47 68 97 12 51 72 27 32 85 87 88 92 10 42 48 56 60 50 57 78 20 38 63 58 16 37 45 46 59 43 99 66 25 76 26 35 75 82 34 54 39 90 69 89 95 49 79
0 98
0 18
0 21
2 94
18 61
18 88
19 52
19 92
19 59
19 72
19 9
29 26
29 98
52 75
52 63
52 68
62 56
62 24
98 66
73 39
73 54
9 27
9 87
33 26
53 3
53 20
74 26
74 84
74 75
94 7
3 23
6 44
6 31
11 60
14 63
23 99
23 42
65 50
65 97
4 61
24 44
24 42
31 38
55 79
55 99
5 28
15 58
28 8
64 95
44 59
7 97
7 8
7 47
8 72
47 49
47 34
68 85
97 37
97 46
12 50
12 57
51 37
72 82
32 45
32 60
32 89
10 48
10 56
48 39
56 78
56 69
58 90
58 25
58 76
16 37
45 35
59 35
43 76
99 95
54 90