29 3 15 95 82 20 10 8 89 39 58 87 26 96 73 61 85 63 36 33 48 94 34 21 98 2 97 54 22 75 19 24 80 77 17 40 37 70 91 53 38 78 1 13 16 12 41 68 27 4 92 43 9 71 23 14 69 28 46 55 99 93 57 0 32 62 90 74 51 5 60 47 18
29 3
29 85
3 40
3 74
3 36
15 47
15 95
95 96
95 2
82 74
82 89
82 41
20 10
10 5
10 68
10 93
8 89
89 46
39 61
39 58
39 87
58 12
87 27
26 2
26 93
26 62
96 43
96 0
73 21
85 69
85 78
63 22
36 4
36 80
36 13
36 33
33 17
48 94
48 2
94 34
34 80
21 38
98 2
2 92
2 77
97 54
54 14
54 57
54 51
22 75
75 40
75 37
19 91
19 24
24 9
24 77
24 53
80 90
77 12
40 38
70 91
38 60
1 13
13 32
16 12
12 71
41 28
4 23
14 90
55 99
99 93
99 18