87 64 80 31 69 97 93 89 76 98 68 66 59 51 77 38 70 63 18 54 48 27 79 13 35 28 30 36 81 21 90 45 99 43 92 12 3 11 86 1 96 55 4 2 20 32 65 60 57 94 41 7 47 74 46 62 49 10 9 14 34 8 67 85 83 24 37 33 25 88 40 5 78 44 58 26 39 71 73 23 29 22 50 91 82 84 95 0 19 17 15 42 6 56 75 53 52 72
87 0
87 64
87 19
87 17
87 15
87 42
87 98
87 93
87 6
87 80
87 66
87 56
87 76
87 97
87 89
87 75
87 68
87 53
87 69
87 52
87 72
87 31
64 59
64 74
64 46
64 62
64 90
64 49
64 10
64 9
80 83
80 43
80 5
80 73
80 55
80 57
80 34
31 51
31 13
31 36
31 47
31 50
31 44
31 95
31 65
69 77
69 18
69 54
69 28
69 11
69 23
69 14
69 4
97 70
97 63
97 79
97 20
97 60
97 58
93 3
93 88
93 94
89 37
89 7
89 91
76 27
76 67
76 85
76 24
76 40
76 22
98 35
98 30
68 96
68 39
68 84
66 81
66 92
66 1
66 71
59 48
51 21
51 45
77 99
77 12
77 86
38 0
38 2
38 32
63 41
18 8
54 78
48 25
48 33
79 29
36 82
55 26