11 0 20 6 12 14 2 24 17 3 19 22 9 8 1 13 15 10 7 18 5 16 23 4 21 25 28 29 30 31 32 33 34 35 36 52 53 54 55 56 57 59 60 64 65 66 70 71 72 76 77 78 82 83 84 91 92 93 96 97 98 99
11 59
11 60
11 20
0 25
0 6
6 12
12 14
2 32
2 31
2 33
24 97
24 99
24 98
17 78
17 76
17 77
3 34
3 35
3 36
19 84
19 83
19 82
22 92
22 91
22 93
9 54
9 52
9 53
8 13
1 30
1 29
1 28
13 65
13 66
13 64
15 72
15 71
15 70
10 56
10 55
10 57
10 18
10 7
18 5
16 23
23 96
23 4
4 21
25 52
25 96
29 82
30 99
33 55
35 59
36 54
53 77
54 82
56 78
64 98
72 78
77 92