65 35 41 11 44 12 31 61 37 38 56 60 5 46 50 63 40 9 13 47 62 33 1 71 53 59 3 67 20 54 48 57 36 30 39 0 43 15 17 72 45 23 32 28 14 24 26 52 64 7 42 29 18 58 68 51 16 27 49 21 22 55 66 19 69 10 6 2 34 70 4 8 25
65 41
65 11
65 31
35 40
35 20
41 44
11 63
11 60
44 68
44 61
44 25
12 24
61 56
61 38
61 37
37 57
37 42
38 4
38 8
56 34
60 50
60 46
5 24
5 69
5 14
5 22
46 72
46 19
50 32
50 55
63 40
63 62
63 47
9 53
13 1
33 59
33 71
1 34
53 19
59 67
59 20
3 54
54 48
54 57
48 36
48 30
36 27
39 0
39 17
39 43
0 32
0 21
0 26
15 58
17 23
72 18
45 28
28 24
24 26
26 52
64 21
7 42
29 58
58 51
58 68
68 16
16 49
22 6
55 66
10 34
6 2
34 70