1 0 2 3 5 6 7 8 9 10 11 12 13 14 15 16 17 18 19 20 21 22 24 25 27 28 29 30 31 32 33 34 35 36 37 38 40 41 42 43 44 46 48 49 50 51 52 53 54 55 56 60 61 62 63 64 65 66 68 69 70 71 72 73 74 76 77 78 79 80 81 82 83 84 85 86 88 89 90 91 93 94 95 97 98 99
1 2
1 0
2 3
3 56
3 52
5 6
6 85
6 7
8 88
9 74
9 10
10 20
10 60
11 31
12 97
13 79
14 18
15 16
15 34
17 25
17 18
19 64
19 85
20 52
20 21
21 22
22 25
24 25
24 43
27 68
27 28
29 97
29 95
30 31
30 62
31 32
32 33
32 55
33 68
34 46
35 80
35 36
35 79
35 85
37 46
37 76
37 95
37 65
38 65
38 86
40 41
41 94
42 43
43 65
44 53
48 68
49 50
50 78
50 79
51 52
53 61
53 86
54 55
55 56
60 71
63 74
63 81
66 99
66 69
68 69
69 94
70 85
72 98
73 84
76 77
77 78
78 88
82 83
83 84
83 91
88 89
90 91
91 95
93 94
98 99