0 2 3 4 9 10 11 15 19 20 21 22 27 28 29 32 33 35 36 37 41 43 44 46 49 52 53 54 57 59 62 64 67 68 69 71 72 73 75 76 79 81 83 84 85 87 88 92 93 94 98 99 1 12 13 16 18 24 38 39 45 48 51 55 61 63 65 74 77 78 80 82 89 7 8 23 34 58 95 96 97 5 6 17 25 30 42 50 66 70 90 91 26 31 40 60 56 86 47 14
0 4
2 21
2 95
3 16
3 11
4 55
4 77
9 72
9 7
10 88
15 71
15 90
19 79
19 25
20 64
20 40
21 80
22 37
27 34
27 17
28 46
28 49
28 76
29 76
29 39
32 65
32 92
32 74
33 77
35 95
36 53
37 87
37 24
37 44
37 91
41 93
43 70
43 93
44 17
46 14
46 68
49 75
52 5
53 64
54 94
57 95
59 30
59 85
62 92
62 38
67 58
67 47
68 16
68 88
68 96
69 81
69 25
71 82
73 39
79 97
83 90
84 50
85 58
85 26
87 23
87 14
88 82
92 95
92 50
93 8
94 78
98 96
98 99
99 6
99 61
1 39
12 42
13 42
18 24
38 51
38 82
45 31
45 40
45 91
48 77
55 61
63 86
63 58
78 91
89 96
7 8
7 40
23 56
23 66
97 90
5 6
25 42
91 86
60 86