0 30 61 79 80 84 1 28 64 67 72 87 2 5 13 55 66 85 3 8 23 31 63 89 4 7 9 45 52 65 44 90 6 12 54 92 22 41 46 40 50 69 86 10 29 39 88 11 14 60 91 25 77 19 71 17 73 78 15 21 27 16 43 49 36 18 38 81 47 20 42 82 37 48 33 56 70 24 74 68 26 58 62 57 83 32 34 75 35 51 76 53 59
0 80
0 79
0 84
30 62
30 6
61 12
61 48
79 86
79 90
80 75
80 43
84 25
1 64
1 67
1 28
28 57
64 11
64 72
67 68
87 59
2 85
2 55
2 13
5 8
55 39
55 59
66 47
66 56
85 24
85 7
3 31
3 63
3 89
8 46
8 22
23 41
23 29
23 36
63 77
4 9
9 40
45 73
45 92
45 50
52 25
65 20
65 34
65 41
44 38
6 12
6 54
54 77
22 56
41 71
46 10
46 81
40 18
69 19
69 53
86 82
86 18
29 83
29 24
88 70
11 14
11 91
14 17
14 78
60 34
77 53
77 16
71 57
17 15
73 48
78 47
21 47
27 49
16 49
43 74
49 35
18 38
20 42
42 70
37 51
48 83
33 32
26 58
58 75
57 76
83 32
34 75
51 53