0 1 4 13 14 15 19 22 25 28 31 33 36 48 52 60 63 66 67 68 70 76 90 96 3 11 12 17 26 30 32 39 45 57 61 62 94 99 2 10 20 34 43 46 55 56 58 64 72 78 79 80 81 84 86 97 8 18 44 50 73 75 85 88 98 21 27 47 49 54 71 74 82 83 5 35 37 40 6 7 23 29 69 91 9 42 65 87 89 95 16 38 51 77 93 53 41 59 24 92
0 68
1 99
1 96
1 11
1 33
1 61
4 3
13 51
13 47
14 99
15 96
15 24
19 47
22 23
22 95
22 17
25 53
28 65
28 87
31 37
33 64
33 89
36 91
48 35
48 23
52 30
60 84
60 55
63 58
63 68
66 93
66 46
66 85
66 97
67 76
68 99
68 56
70 21
70 53
76 73
76 69
90 93
96 87
3 75
3 81
11 5
12 58
17 39
26 30
30 98
32 55
32 50
45 27
45 78
57 89
62 93
94 93
99 7
2 78
2 80
10 38
10 49
20 95
34 77
43 85
46 84
55 44
58 40
72 91
78 69
79 7
81 92
81 93
81 77
81 21
84 54
84 18
86 21
97 59
8 83
50 88
98 82
98 9
98 24
27 77
49 92
49 71
49 95
54 37
74 59
74 51
83 89
35 16
6 91
7 91
29 87
42 93
87 93
41 92