0 1 2 3 4 5 6 7 8 10 11 12 14 15 16 17 18 20 22 23 24 26 28 29 30 31 32 33 35 36 37 38 39 40 41 42 44 45 46 47 48 49 50 53 54 56 57 58 61 62 63 65 66 67 68 69 70 73 74 77 78 79 80 81 82 85 86 89 90 91 92 93 94 95 97 98
0 30
1 36
1 35
1 30
1 5
2 7
2 8
2 38
3 26
3 40
3 39
4 41
4 5
4 24
4 14
5 44
6 18
6 29
6 45
7 48
8 50
8 49
8 22
10 53
10 54
10 23
11 56
11 32
12 58
12 14
12 57
14 62
14 29
15 28
15 63
16 65
16 66
17 67
17 30
18 20
18 69
18 70
20 74
20 73
22 78
22 28
22 77
23 80
23 30
24 82
24 81
26 85
26 86
28 89
29 91
29 92
30 94
30 93
31 95
32 98
32 97
33 35
37 39
38 40
42 44
45 47
46 48
54 56
61 63
65 67
66 68
77 79
89 91
90 92
93 95