0 31 43 45 71 28 36 88 93 1 44 68 5 20 22 33 92 2 40 67 72 73 10 32 65 77 3 18 70 7 81 4 16 23 56 60 24 11 14 42 6 50 55 62 90 79 85 91 8 41 61 82 30 46 9 51 54 69 21 37 38 75 87 19 12 13 39 64 74 15 66 63 17 47 26 29 34 48 83 49 76 27 94 57 25 89 35 86 80 59 58 53 52 84 78
0 28
0 93
31 5
31 13
43 7
43 80
43 6
45 20
45 36
71 29
28 21
28 87
36 65
36 86
88 91
1 5
44 86
68 72
68 39
68 46
68 30
5 14
5 11
20 70
20 4
20 41
22 64
33 42
33 17
33 16
92 14
92 56
2 10
2 72
2 73
40 77
67 38
67 69
67 25
73 57
10 75
32 55
65 58
65 59
65 77
3 18
3 70
3 7
18 87
7 91
7 79
81 83
4 23
16 23
16 55
16 15
23 94
56 34
60 50
60 14
24 27
24 62
14 12
62 85
90 41
90 74
8 46
61 21
82 15
30 74
9 51
9 54
51 58
69 47
69 89
21 76
21 49
21 37
87 64
87 53
19 29
19 83
13 64
64 26
15 63
66 25
63 52
17 47
26 83
48 83
76 78
27 35
35 59
84 78