0 1 2 3 4 5 6 7 8 9 10 11 12 13 14 15 16 17 18 19 20 21 22 23 24 25 26 27 28 29 30 31 32 33 34 35 36 37 39 40 41 42 43 44 45 46 47 48 49 50 52 53 54 55 56 58 59 60 61 62 63 64 65 66 67 68 69 70 71 72 73 74 75 76 77 78 79 80 81 82 83 84 85 86 87 88 89 90 91 92 93 94 95 96 97 98 99 38 51 57
0 17
1 68
1 87
1 53
2 22
3 22
4 6
4 72
5 21
6 16
7 77
7 47
7 35
8 88
9 22
9 77
10 20
11 74
11 36
12 44
13 39
13 76
14 68
14 31
14 71
14 65
15 20
15 62
15 19
16 81
17 95
18 52
18 49
19 59
19 48
19 64
20 22
20 95
20 23
21 52
22 93
22 65
22 26
22 90
22 55
24 46
25 86
27 54
27 61
28 84
28 78
29 46
30 36
31 94
31 44
32 80
32 60
33 47
34 80
34 99
36 95
36 50
36 63
37 52
37 93
39 70
40 96
41 85
41 93
42 96
43 93
43 73
45 77
46 76
46 71
47 83
47 75
48 51
50 58
54 82
54 86
54 91
55 92
56 62
58 38
61 69
62 97
63 57
66 73
67 71
70 89
72 91
75 98
76 91
79 90
84 92
88 57
89 96
92 99