3 0 1 2 61 58 55 59 52 60 56 49 57 54 53 46 50 43 51 40 48 47 45 44 37 41 34 42 39 38 31 35 28 36 32 25 33 29 22 30 27 26 19 16 24 23 21 20 13 17 10 18 15 14 7 11 4 12 8 9 5 6
3 0
0 1
0 2
0 61
1 4
1 5
1 6
61 58
58 55
55 59
55 60
52 56
52 57
52 49
49 46
49 53
49 54
46 43
46 50
46 51
43 40
43 47
43 48
40 37
40 44
40 45
37 34
37 41
37 42
34 31
34 38
34 39
31 28
31 35
31 36
28 25
28 32
28 33
25 22
25 29
25 30
22 19
22 26
22 27
19 16
19 23
19 24
16 13
16 20
16 21
13 10
13 17
13 18
10 7
10 14
10 15
7 4
7 11
7 12
4 8
4 9