0 27 1 29 9 13 2 20 96 50 16 3 75 70 69 21 57 59 34 6 56 47 88 31 62 30 4 67 46 95 32 48 71 55 45 93 7 37 86 51 97 26 33 44 25 90 5 19 60 28 82 12 15 89 85 83 41 43 87 92 61
0 9
0 27
27 46
1 59
1 3
29 55
29 56
9 15
9 12
13 3
2 46
2 32
2 48
2 70
2 69
2 67
20 96
96 34
96 19
50 5
16 25
75 56
70 28
69 55
21 30
57 71
59 5
34 5
6 5
47 60
88 5
31 87
31 71
62 67
62 41
30 89
30 43
4 33
67 83
46 33
95 28
95 61
32 92
48 89
45 12
93 7
93 90
7 12
7 5
37 97
86 33
51 25
97 82
26 19
44 90
25 85
5 60
82 87
12 85
85 87