0 2 5 10 13 18 19 22 23 24 33 38 39 43 44 45 49 52 73 78 80 82 94 98 1 11 14 17 25 35 41 51 53 63 64 72 77 88 96 7 15 21 27 30 32 36 46 50 55 56 61 65 68 70 74 75 79 92 99 3 8 16 29 31 34 47 48 59 66 83 86 91 93 97 4 6 20 54 57 60 69 26 37 42 81 85 87 62 76 90 95 9 40 89 67 12 58 71 84 28
0 2
2 27
2 21
5 36
5 26
5 10
13 86
13 95
18 64
19 51
19 38
22 66
22 1
22 33
23 3
23 38
23 74
23 42
24 21
24 35
24 30
24 87
33 6
33 12
39 68
39 45
39 58
43 54
43 94
43 31
44 1
44 71
45 9
49 90
52 85
52 46
73 54
73 88
73 95
78 50
80 41
80 35
82 11
98 8
11 35
11 61
14 67
17 56
25 27
25 60
25 70
35 26
53 84
53 46
53 31
63 77
64 79
64 54
72 69
77 12
77 93
77 26
77 29
96 26
7 29
15 90
15 99
21 89
21 16
21 4
27 3
27 67
30 57
30 20
32 47
50 6
50 83
55 58
56 81
56 59
65 3
68 34
75 26
92 9
92 12
92 62
99 89
3 8
16 48
29 40
29 54
47 40
48 28
91 54
91 97
91 76
57 69
37 12
81 9