0 2 1 4 5 6 7 8 9 10 12 11 13 14 15 18 19 16 20 22 23 21 24 26 29 28 25 32 34 31 33 35 37 39 38 42 43 44 40 41 45 49 46 47 48 50 52 53 54 56 59 55 58 57 61 62 60 63 64 65 68 66 69 67 72 73 70 74 71 77 76 78 75 81 83 84 80 82 87 88 85 89 86 91 93 94 92 90 97 99 96 98
0 1
2 1
2 4
4 48
5 55
5 9
5 8
6 7
7 8
9 89
10 13
10 14
10 12
12 11
11 63
11 53
14 54
15 73
18 16
18 19
19 48
20 87
20 22
20 23
22 21
23 73
21 82
21 24
26 29
26 75
29 25
28 25
32 34
32 33
34 31
31 98
33 49
33 81
35 39
35 37
37 43
39 38
39 50
42 75
42 62
43 44
44 40
40 41
41 84
45 49
45 48
45 46
47 48
47 70
52 53
56 59
56 57
56 90
59 58
55 58
57 64
61 60
62 74
60 63
63 64
65 68
68 67
66 69
66 91
69 67
72 71
70 74
70 71
77 86
77 76
78 75
81 80
83 80
83 82
83 84
87 88
88 85
85 86
85 89
91 94
91 90
93 92
94 92
97 99
97 96
99 98