0 1 3 4 5 12 13 14 17 18 19 21 22 24 25 26 27 28 29 30 31 32 33 35 36 37 39 40 41 43 45 46 47 48 49 50 52 53 56 57 58 62 63 64 65 66 67 69 73 77 80 96 71 72 74 75 76 78 79
0 69
1 58
3 13
4 57
4 17
5 49
5 79
12 13
12 24
14 24
14 52
14 63
14 66
17 77
18 40
18 25
18 62
19 78
21 24
22 37
22 63
22 46
24 75
26 75
27 48
28 29
29 62
30 78
31 36
31 32
32 33
33 74
35 74
35 69
36 48
39 80
39 41
40 58
43 48
43 52
45 49
47 65
49 56
50 96
50 56
50 67
50 73
52 71
53 79
57 75
57 76
58 72
64 65
64 77
66 78
66 96
69 80
72 79