0 10 11 12 13 14 15 16 17 18 19 20 21 22 23 24 25 26 27 28 29 30 31 32 33 34 35 36 37 38 39 40 41 42 43 44 45 46 47 48 49 50 51 52 53 54 55 56 57 58 59 60 61 62 63 64 65 66 67 68 69 70 71 72 73 74 75 76 77 78 79 80 81 82 83 84 85 86 87 88 89 90 91 92 93 94 95 96 97 98 99
0 50
0 40
0 10
0 70
0 80
0 30
0 20
0 90
0 60
10 14
10 19
10 12
10 15
10 17
10 18
10 11
10 13
10 16
20 22
20 23
20 26
20 25
20 21
20 29
20 27
20 28
20 24
30 31
30 33
30 32
30 38
30 37
30 39
30 36
30 34
30 35
40 48
40 47
40 41
40 44
40 46
40 49
40 42
40 43
40 45
50 57
50 52
50 54
50 59
50 56
50 55
50 58
50 53
50 51
60 66
60 65
60 64
60 63
60 62
60 68
60 69
60 67
60 61
70 71
70 72
70 79
70 75
70 74
70 77
70 73
70 78
70 76
80 83
80 81
80 89
80 86
80 88
80 84
80 87
80 82
80 85
90 95
90 94
90 98
90 96
90 97
90 92
90 99
90 93
90 91