34 33 36 39 38 44 41 45 54 48 51 46 47 49 50 52 53 55 56 59 65 58 57 60 66 68 70 67 76 71 72 77 73 79 88 86 89 91 90 96 97 81 82 64 62 40 35 19 18 20 22 24 25 15 27 10 3 6 13 17 21 4 16 7 1 32 99
34 39
34 33
34 36
33 35
33 19
39 38
44 41
44 45
44 54
41 35
41 40
45 46
45 51
48 46
51 49
46 47
49 50
50 52
52 55
52 53
55 56
55 59
59 58
59 65
65 64
65 68
65 67
58 57
60 66
66 68
70 76
70 71
67 73
76 81
71 77
72 73
77 73
77 88
77 79
79 82
88 89
86 89
86 91
89 99
91 90
96 97
97 99
64 62
19 20
19 22
19 18
18 32
20 21
22 24
24 25
25 15
15 27
10 6
10 13
3 1
3 4
6 7
13 4
13 21
17 21
4 16