34 43 1 35 44 2 36 45 3 37 40 46 4 30 38 41 47 5 31 39 42 48 6 32 49 7 33 10 53 11 54 55 13 50 56 14 51 57 15 52 58 16 59 17 19 20 63 64 22 65 23 60 66 24 61 67 25 62 68 26 69 27 73 74 75 76 77 72 83 84 85 86 81 89 93 94 95 96 91 92 98
34 77
34 68
43 77
43 86
43 17
43 6
1 44
1 35
35 72
44 10
44 7
2 36
2 45
36 73
45 11
3 40
3 37
40 83
40 74
46 72
46 89
46 83
4 30
30 73
30 64
38 64
41 15
41 75
47 84
5 48
5 42
5 31
31 65
39 65
39 76
42 16
48 85
48 14
6 49
6 32
32 75
32 66
33 76
53 96
53 27
11 54
54 17
54 20
54 91
55 92
55 81
55 98
55 89
13 56
50 84
50 24
56 22
56 19
56 93
51 25
51 94
57 23
57 83
15 58
52 95
58 84
58 95
59 85
59 96
20 63
63 26
64 27
64 98
22 65
23 60
24 61
24 67
25 68
62 96
26 69