0 1 2 4 8 16 32 64 3 5 9 17 33 65 6 10 18 34 66 7 11 19 35 67 12 20 36 68 13 21 37 69 14 22 38 70 15 23 39 71 24 40 72 25 41 73 26 42 74 27 43 75 28 44 76 29 45 77 30 46 78 31 47 79 48 80 49 81 50 82 51 83 52 84 53 85 54 86 55 87 56 88 57 89 58 90 59 91 60 92 61 93 62 94 63 95 96 97 98 99
0 1
0 16
1 9
2 6
2 66
2 3
4 5
4 20
8 10
32 33
32 36
32 40
64 68
3 7
9 73
17 25
17 21
33 97
33 41
65 97
65 67
6 22
6 70
10 74
18 82
18 50
34 38
34 35
34 50
66 98
66 82
11 27
19 51
35 43
67 75
12 14
12 13
20 21
36 44
36 52
68 76
68 69
21 53
21 23
37 39
37 45
69 71
69 85
14 30
14 46
14 15
14 78
22 30
22 54
70 86
23 31
23 55
23 87
39 55
24 25
24 88
40 42
72 74
25 89
73 89
26 27
26 30
26 90
74 90
27 31
27 91
28 29
76 92
29 31
77 79
77 93
46 47
78 94
31 95
48 52
80 81
80 88
49 51
51 59
51 55
83 87
52 60
52 53
84 92
53 61
54 62
56 57
56 58
57 59
89 93
92 93
62 63
96 98
97 99