0 14 25 26 27 1 20 3 28 29 30 2 17 31 32 33 7 18 15 34 35 36 4 8 6 37 38 39 5 19 40 41 42 12 22 43 44 45 46 47 48 49 50 51 9 52 53 54 10 24 55 56 57 11 58 59 60 61 62 63 13 21 64 65 66 23 67 68 69 70 71 72 16 73 74 75 76 77 78 79 80 81 82 83 84 85 86 87 88 89 90 91 92 93 94 95 96 97 98 99
0 26
0 25
0 27
14 69
14 68
27 61
27 77
1 29
1 28
1 30
20 85
20 86
20 87
3 35
3 34
3 36
28 87
2 31
2 32
2 33
17 78
17 77
17 76
31 60
31 45
32 91
7 46
7 47
7 48
18 80
18 79
18 81
15 70
15 72
15 71
35 68
4 38
4 37
4 39
8 50
8 49
8 51
6 44
6 43
37 49
5 42
5 41
19 82
19 84
19 83
40 80
41 69
12 61
12 62
12 63
22 92
22 91
22 93
43 47
44 83
45 87
49 96
9 52
9 54
9 53
52 66
53 55
10 56
10 55
10 57
24 98
24 97
24 99
55 79
56 76
56 67
57 90
57 73
11 59
11 60
11 58
59 88
62 99
62 68
13 66
13 65
13 64
21 88
21 90
21 89
23 96
23 95
23 94
71 92
16 74
16 73
16 75
78 95
84 96