0 1 2 3 23 40 97 64 68 37 63 6 85 5 61 58 11 10 92 28 21 53 54 77 91 75 90 35 51 39 88 33 56 62 69 32 46 13 9 76 73 52 71 30 27 93 8 14 96 19 98 41 70 65 7 25 57 82 84 83 4 55 15 50 78 22 74 94 86 60 81 45 89 34 17 49 29 67 66 99 48 12 16 43 24 36 87 31 26 72 44 80 42 20 38 47 79 59 18 95
0 41
1 84
1 37
1 36
2 53
2 64
3 66
23 17
40 34
40 60
97 83
68 8
68 43
68 27
37 34
63 16
63 84
63 9
63 77
6 73
85 49
85 99
5 13
61 65
61 90
58 13
11 75
11 94
11 48
10 55
10 14
92 47
28 42
21 84
21 73
53 62
53 33
53 15
54 50
77 38
91 55
90 33
90 66
35 86
51 78
39 46
88 76
88 45
56 22
56 72
69 79
32 87
46 65
13 43
9 87
76 80
76 4
73 27
73 47
52 71
52 79
30 82
30 34
93 84
96 20
19 42
98 48
41 81
70 29
70 59
7 89
25 95
57 42
57 24
83 48
4 17
4 50
55 36
78 81
78 18
74 49
94 66
94 49
86 36
60 44
81 42
81 80
81 26
89 24
89 66
34 95
17 72
67 31
66 79
99 31
12 38
43 59
20 18
38 79