0 2 7 12 13 15 16 18 19 25 28 30 32 33 39 47 48 49 50 57 61 62 66 67 69 71 72 83 87 89 95 98 1 4 23 27 34 35 41 43 44 51 52 56 59 64 80 82 84 85 86 88 93 3 6 11 24 29 31 36 37 38 60 63 76 81 90 92 94 99 10 14 17 21 42 45 46 53 65 74 78 96 5 8 58 77 9 54 55 75 79 20 40 97 68 70 22 73 91 26
0 15
0 39
0 7
2 38
2 25
12 28
12 77
13 68
13 32
13 45
15 51
15 1
15 72
15 26
16 80
16 55
18 24
19 48
19 46
19 4
25 47
25 22
28 92
30 88
30 46
30 24
32 69
32 41
33 9
33 11
33 65
33 94
47 97
47 66
48 59
49 35
49 64
50 97
57 68
57 54
57 6
57 34
57 14
61 93
62 99
62 45
66 44
67 59
67 43
69 17
69 5
69 75
71 82
72 79
72 78
83 29
87 38
87 90
89 92
95 70
98 31
1 64
4 58
23 79
23 70
27 10
34 86
41 81
44 58
44 84
44 92
51 29
51 58
51 82
52 40
52 14
56 78
56 74
56 8
80 31
80 46
84 21
85 60
86 73
93 11
93 14
93 76
3 63
3 10
29 42
36 21
37 75
60 55
63 46
81 91
10 96
42 73
53 58
53 20