0 11 28 33 44 47 85 97 5 15 92 80 2 23 25 34 66 68 76 86 91 38 20 63 83 98 54 4 16 75 99 17 6 37 60 61 93 94 19 21 59 82 96 12 22 56 62 65 78 88 14 27 72 30 48 84 31 32 79 52 39 55 67 36 81 69 89 64 77 43 49 73 41
0 47
11 65
11 83
11 14
28 49
28 76
28 84
33 17
44 93
47 85
47 69
85 21
97 43
97 16
97 25
5 17
15 32
15 34
15 4
15 79
92 4
80 68
80 23
2 38
23 88
23 64
66 20
68 14
68 4
68 17
76 72
86 75
91 12
91 52
38 4
38 75
38 82
20 94
63 48
63 49
83 36
83 61
98 19
54 96
75 37
99 31
6 19
60 43
60 93
93 14
94 19
19 79
21 72
21 89
59 41
59 73
96 73
12 72
12 62
22 67
56 73
78 77
88 84
27 84
30 48
48 77
31 77
32 81
39 36
55 81
67 77
49 73