0 15 26 60 75 87 93 4 5 12 19 21 28 35 47 57 77 81 2 8 9 16 20 24 25 40 41 63 72 54 85 27 31 32 46 99 3 17 51 64 61 74 90 1 14 34 58 59 66 94 97 6 42 56 48 79 96 13 29 53 55 70 80 89 30 62 76 22 33 11 36 78 84 52 18 37 73 71 83 10 39 91 43 67 95 7 38
0 60
15 81
26 41
26 25
60 81
75 27
87 51
87 77
93 16
4 34
5 20
12 33
19 58
21 37
28 61
28 52
28 76
35 34
47 24
47 52
57 34
77 70
77 58
81 95
81 31
81 41
81 20
81 30
2 10
2 32
2 6
8 6
9 99
16 61
20 18
25 34
40 33
40 1
41 61
63 13
72 7
72 79
54 3
54 31
54 43
85 76
27 99
31 53
31 1
31 55
32 61
46 76
99 71
17 76
64 37
61 90
74 18
1 97
14 42
34 62
59 97
66 11
94 71
94 78
97 78
97 83
42 33
42 22
56 91
56 38
48 70
48 10
48 29
48 84
79 80
96 73
96 36
13 10
13 89
55 11
36 91
36 37
78 73
84 67
37 7
10 39