0 49 1 91 52 30 66 9 76 62 84 26 92 33 14 94 34 7 51 95 85 23 97 75 35 4 29 50 18 6 89 47 90 72 5 28 37 70 3 24 54 40 21 77 22 2 38 46 45 31 71 16 80 82 96 73 25 86 65 61 57 55 67 53 19 17 32 41 87 8 13 64 99 43 27 88 58 78 63 15 83 36 10 20 60 79 11 68 98 74 59 56 12 42 44 48 81 93 39 69
0 12
0 41
0 64
0 35
49 80
49 72
1 51
1 21
1 40
91 82
91 38
52 43
52 93
30 84
66 2
66 78
9 89
76 54
76 63
76 23
76 8
62 44
62 77
84 80
26 39
26 3
92 72
92 65
33 53
33 56
33 96
14 81
94 69
34 19
7 48
51 75
95 68
95 81
85 69
85 59
23 93
23 98
97 87
97 25
97 44
75 24
4 68
4 61
29 46
29 6
50 88
18 3
18 73
18 40
89 64
89 22
47 28
90 72
5 57
28 42
28 88
37 68
37 71
70 56
3 53
3 31
40 36
21 20
77 48
77 99
77 86
2 25
2 71
46 79
46 60
46 93
45 74
31 98
71 69
16 96
82 68
25 17
65 12
65 58
65 67
57 83
55 12
55 19
67 27
53 10
19 42
17 58
32 81
41 13
27 15
83 68
79 48
11 48
98 74