0 2 4 7 8 13 15 16 19 21 23 26 28 34 35 39 40 42 43 44 46 47 50 53 54 55 58 61 64 65 66 68 72 74 76 77 79 80 82 83 85 88 90 97 98 1 3 9 11 14 17 20 22 27 30 31 33 36 41 51 57 59 69 70 84 86 89 91 95 96 12 18 24 32 48 56 60 62 75 78 87 92 93 10 25 37 45 49 52 94 38 63 67 71 73 81 99 5 29 6
0 82
2 8
4 62
7 77
7 53
7 40
7 55
8 90
8 47
8 26
13 64
15 49
16 86
19 20
19 86
21 44
21 5
21 83
23 5
23 95
23 58
26 45
26 86
26 81
28 14
28 50
34 44
34 61
35 67
35 63
35 37
39 73
39 29
39 10
42 55
43 6
43 56
44 80
46 73
46 99
47 68
53 1
54 97
54 30
54 96
54 98
64 9
65 59
65 30
66 36
66 33
72 41
74 49
74 25
76 88
76 11
77 9
77 94
79 71
82 92
83 24
85 67
88 31
90 14
90 38
97 67
1 17
3 9
14 78
14 57
22 32
22 36
22 93
27 41
30 31
31 70
31 48
36 25
41 51
51 94
51 5
69 73
84 91
86 62
86 18
89 63
89 73
91 56
96 92
96 71
96 60
12 56
32 56
75 73
78 25
78 52
87 25
49 67
94 63