0 21 25 46 48 66 90 1 3 13 17 19 22 30 39 47 55 62 86 97 2 4 6 11 36 40 53 33 37 41 24 29 68 80 5 8 50 70 93 14 52 58 84 99 7 23 26 63 78 87 32 88 9 10 65 92 54 60 73 18 12 89 20 31 79 61 74 15 77 95 96 28 44 69 57 35 76 85 45 43
0 46
0 90
21 60
21 10
25 36
25 88
46 50
48 69
66 88
1 30
1 86
1 3
1 19
3 37
13 58
17 86
19 22
19 8
30 97
30 41
39 10
39 58
39 14
39 61
47 53
47 45
55 6
62 6
86 45
97 43
2 11
2 53
2 4
4 68
4 40
6 58
6 84
6 36
36 57
33 50
33 70
24 14
24 79
29 31
29 78
29 77
68 50
80 76
5 8
50 93
50 99
70 44
70 95
14 99
14 54
52 12
52 9
58 85
84 35
99 18
99 32
7 23
23 60
26 61
63 79
78 85
78 65
87 20
32 89
9 92
9 10
10 73
92 74
20 69
20 15
79 96
74 76
28 85
44 69