36 35 37 38 39 40 41 42 43 44 45 46 47 48 49 50 51 52 53 54 56 55 57 58 59 60 61 62 63 64 65 66 67 68 69 70 71 72 73 74 75 76 77 78 80 79 81 82 83 84 85 86 87 88 89 90 91 92 93 94 95 96 97 98 33 34 32 30 31 29 27 28 26 24 25 23 21 22 20 18 19 17 16 15 14 12 13 11 9 10 8 6 7 5 3 4 2 0 1
36 35
36 38
35 34
37 38
38 39
39 40
39 41
41 42
42 43
43 44
44 45
45 47
46 47
47 48
48 50
49 50
50 51
51 53
52 53
53 54
54 56
56 57
56 55
57 58
58 59
59 60
60 61
61 62
62 63
63 64
64 65
65 66
66 68
67 68
68 69
69 71
70 71
71 72
72 74
73 74
74 75
75 76
75 77
77 78
78 79
80 81
80 79
81 82
82 83
83 84
84 85
84 86
86 87
87 89
88 89
89 90
90 91
91 92
92 93
93 95
94 95
95 96
96 97
97 98
33 32
33 34
32 31
32 30
30 29
29 27
27 26
27 28
26 25
24 25
24 23
23 22
21 20
21 22
20 18
18 17
18 19
17 15
16 15
15 14
14 12
12 13
12 11
11 9
11 10
9 8
8 7
8 6
6 5
5 4
3 4
3 2
2 0
0 1