6 1 0 5 8 40 48 82 71 10 91 2 4 17 86 39 41 11 12 54 23 26 37 68 84 24 35 63 32 3 70 7 19 55 9 42 15 25 83 20 45 46 75 56 16 18 14 50 27 31 29 21 36 13 49 22 28 65 67 64 72 69
6 1
1 82
1 8
1 40
1 48
1 5
1 0
0 17
0 4
0 2
5 10
8 71
10 91
2 70
2 55
2 7
2 19
2 3
2 32
4 54
4 12
4 11
4 23
17 86
17 39
39 41
11 24
23 26
23 37
26 84
26 68
24 35
35 63
32 72
32 64
3 13
3 36
3 21
7 25
7 42
7 9
7 15
9 16
9 14
9 18
42 56
15 20
25 83
20 45
45 46
46 75
18 29
14 27
14 50
14 31
21 49
21 22
49 65
22 28
65 67
64 69