33 91 62 65 59 37 6 48 61 85 81 26 4 45 97 10 31 28 19 80 88 24 8 52 89 71 95 12 54 5 40 79 7 25 93 82 53 13 43 58 50 14 30 78 42 41 94 18 96 68 22 76 47 51 2 63 83 49 23 3 60 87 46 1 75 84 16 21 92 99 27 72 98 70 29 66 77 17 36 20 86 57 0 67 34 64 39 55 38 9 69 73 44 15 90 32 56 11 35 74
33 95
33 30
33 87
91 83
62 1
65 66
59 2
59 20
59 42
37 4
37 71
37 64
6 34
48 46
48 53
61 42
61 75
61 98
85 70
81 36
81 7
81 26
26 50
26 97
26 52
26 27
45 72
45 49
10 77
31 34
31 2
28 34
28 27
19 21
19 36
19 93
19 67
80 56
80 0
88 77
88 55
24 14
24 1
8 12
52 46
89 46
71 36
71 13
95 93
12 96
12 82
54 57
54 36
54 38
5 60
5 44
5 49
40 64
79 29
25 14
25 68
93 74
82 99
82 86
13 92
43 35
58 11
50 94
78 70
42 86
41 39
41 83
18 73
96 90
96 69
68 44
22 21
76 44
47 21
51 20
63 74
83 21
49 16
23 27
23 16
23 70
3 84
3 11
92 66
99 15
72 32
98 29
98 35
17 69
20 73
34 11
55 73
9 35
15 56