0 2 55 68 70 74 76 77 92 93 94 95 96 1 38 28 3 6 20 4 21 31 5 14 42 7 59 8 37 9 10 43 11 34 12 29 13 15 17 16 18 22 19 25 23 24 27 54 51 26 30 35 33 47 44 32 39 36 40 45 46 41 48
0 2
0 55
0 70
0 68
0 93
0 74
0 96
0 94
0 92
0 77
2 28
55 25
55 9
68 10
70 12
74 18
76 20
77 21
92 37
93 38
94 39
95 40
96 41
1 38
38 19
28 15
3 6
3 20
20 25
4 21
4 31
31 44
5 42
5 14
14 17
42 24
7 59
59 48
59 36
8 37
37 45
37 46
10 43
11 34
34 29
12 29
13 15
16 18
18 22
25 51
25 54
25 23
24 27
27 47
27 33
27 35
54 36
51 32
26 30
30 35
33 39
36 40