0 93 49 1 18 19 65 2 3 47 66 22 4 67 5 68 6 27 63 7 41 79 8 58 30 56 9 59 24 10 11 48 31 60 12 44 70 13 20 14 15 32 39 62 16 28 17 53 43 34 52 46 21 23 26 25 72 82 54 29 36 55 37 33 38 99 35 40 42 45 97 69 91 64 50 51 57 61
0 49
93 79
93 33
49 91
49 25
1 65
1 18
18 34
18 19
18 8
19 52
65 40
65 23
65 57
2 47
2 66
3 22
66 20
22 5
22 20
22 12
4 67
67 53
67 64
67 15
67 42
67 56
5 68
6 63
6 27
27 21
27 72
7 41
7 79
41 82
79 14
79 10
8 58
8 30
30 24
9 24
9 59
11 60
11 48
11 31
48 12
48 69
31 55
12 44
12 70
44 29
44 82
70 91
13 20
15 32
15 39
39 37
62 55
16 28
28 82
28 54
17 53
17 43
34 99
34 38
52 50
46 38
23 26
72 51
72 64
72 97
82 38
82 64
54 35
29 36
99 61
45 97