1 5 7 9 17 24 0 2 3 4 13 14 22 23 36 28 44 31 48 27 29 33 37 38 39 43 47 49 51 55 57 59 67 74 53 54 58 56 60 61 62 63 64 69 72 73 86 78 94 81 98 77 79 83 87 88 89 93 97 99
1 5
1 7
1 0
1 2
7 9
9 17
9 14
9 4
9 3
9 13
17 24
24 36
24 23
24 22
36 28
36 44
36 48
28 27
44 31
44 33
44 43
44 47
48 51
48 49
48 38
48 37
48 39
48 29
51 55
51 57
55 56
55 60
57 59
57 58
57 62
57 61
59 67
59 64
59 54
59 53
59 63
67 74
74 86
74 73
74 72
69 78
86 78
86 94
86 98
78 77
94 81
94 83
94 93
94 97
98 99
98 88
98 87
98 89
98 79