0 1 2 3 4 5 6 7 8 9 10 11 12 13 14 15 16 17 18 19 20 21 22 23 24 25 26 27 28 29 30 31 32 33 34 35 36 37 38 39 40 41 42 43 44 45 46 47 48 49 50 51 52 53 54 55 56 57 58 59 60 61 69 87 88 92
0 30
0 4
0 40
0 87
0 88
0 69
0 92
1 22
2 54
2 57
2 28
3 44
3 37
3 26
3 19
4 48
4 29
5 28
6 31
6 52
7 37
8 16
8 58
8 69
9 55
9 35
10 42
10 27
11 59
11 15
11 28
11 38
12 43
12 23
12 49
13 41
14 15
15 33
16 21
17 18
18 45
18 25
20 38
22 46
23 47
24 44
25 50
30 32
31 61
31 53
34 36
34 87
35 88
37 49
39 49
39 92
39 57
41 55
42 60
45 49
46 50
48 56
51 59
53 60
57 61