0 36 23 70 80 83 92 98 1 14 54 2 44 13 3 41 8 40 4 42 9 5 33 11 6 28 7 12 53 47 32 10 22 39 15 31 19 16 49 17 18 56 52 20 34 45 43 21 55 50 24 48 26 25 51 27 29 30 57 37 35 38 46
0 23
0 36
0 80
0 70
0 92
0 83
23 54
80 29
83 33
92 46
98 57
1 54
1 14
54 56
54 57
54 19
2 44
2 13
13 15
3 41
3 8
3 40
41 6
8 47
40 32
4 9
4 42
9 53
9 32
5 11
5 33
6 28
7 53
7 12
12 39
53 17
10 22
22 20
22 48
15 31
15 19
31 16
31 24
19 52
19 17
16 49
18 56
20 45
20 34
20 43
34 37
43 21
43 38
21 50
21 24
21 55
50 35
50 25
24 26
25 51
27 29
30 57