0 39 8 9 10 29 45 21 2 32 92 27 76 3 68 85 73 25 26 62 53 33 56 31 5 16 98 51 6 94 89 7 40 17 74 95 46 47 99 93 24 19 71 79 11 97 36 66 15 13 70 72 58 78 14 84 28 22 37 80 49 42 82 65 81 34 90 64 38 54 75 52 77 83 59 60
0 8
0 10
39 62
8 3
9 85
9 31
10 19
10 79
29 38
45 11
45 95
45 84
21 80
2 92
2 27
32 14
32 80
92 51
92 17
76 11
3 68
3 73
68 83
85 64
73 71
25 81
25 53
25 58
26 78
62 65
53 90
53 33
53 60
56 28
56 38
31 58
5 16
16 37
98 99
51 47
51 93
6 89
94 19
89 13
89 54
7 17
7 40
40 82
17 80
17 24
74 14
95 34
46 19
47 15
99 54
99 75
19 49
97 22
97 37
36 75
66 64
66 75
66 37
13 70
72 34
78 28
14 28
14 84
84 52
49 64
42 52
82 75
65 34
54 77
52 59