4 70 52 58 54 66 7 41 0 63 11 16 48 76 35 75 61 71 31 91 2 93 22 9 24 57 55 42 6 85 53 37 45 87 21 13 38 74 33 46 88 90 8 67 68 27 47 25 36 59 39 72 78 92 49 12 82 43 3 18 73 64 62 5 84 17 51 29 86 89 32 77 1 14 26 10 79 34 50 60 28 44 65 56 19 15 81 23 40 69 30 80 83 20
4 76
4 79
4 8
4 51
70 82
70 91
52 45
52 54
58 34
54 64
54 61
66 92
7 24
7 88
7 36
41 1
41 44
0 76
0 62
63 37
63 17
11 10
11 68
11 55
11 47
16 5
48 45
48 13
76 38
76 35
76 30
75 49
61 42
61 71
71 81
31 38
31 92
31 84
31 68
31 40
91 39
91 24
91 43
91 65
91 69
2 49
93 51
22 74
22 25
9 82
24 72
24 57
24 81
6 45
6 18
85 27
85 90
53 84
53 44
37 56
87 74
21 38
21 15
38 46
38 60
74 23
74 28
33 23
33 29
46 49
8 89
67 72
68 12
68 20
27 78
47 34
25 59
25 62
59 80
39 14
78 80
78 56
12 32
82 3
43 83
73 28
5 26
86 44
77 1
26 15
34 50
65 15
56 19