0 50 51 52 53 54 55 56 57 58 59 60 64 65 66 67 70 72 74 76 79 81 82 85 86 87 89 91 95 99 1 61 68 69 75 77 83 90 92 93 97 2 62 63 71 78 80 88 98 3 73 4 5 6 94 7 96 8 84 9 10 11 12 13 14 15 16 17 18 19 20 21 22 23 24 25 26 27 28 29 30 31 32 33 34 35 36 37 38 39 40 41 42 43 44 45 46 47 48 49
0 50
50 11
50 27
50 41
51 12
51 35
51 96
51 44
51 11
51 28
51 77
51 54
51 3
52 18
52 28
53 61
53 90
53 94
53 65
53 31
54 26
55 72
55 17
55 13
56 74
57 19
57 66
57 36
57 60
57 6
58 5
58 34
59 29
59 48
64 84
64 87
64 98
65 45
65 32
65 93
66 69
66 24
67 46
70 2
70 22
70 29
72 82
72 83
72 90
72 1
72 25
74 68
74 82
76 35
76 42
79 14
81 5
81 9
82 95
85 7
85 15
85 21
85 84
85 44
86 4
87 22
87 16
89 71
91 90
99 8
99 37
68 69
68 84
69 62
69 33
75 4
75 88
75 73
77 14
83 34
83 23
90 20
92 15
97 62
62 43
62 47
63 22
63 46
63 39
71 35
71 38
78 48
80 31
88 49
73 34
73 30
94 40
96 10
96 37