22 21 20 60 61 72 64 6 7 8 9 10 40 11 92 93 94 95 96 97 90 89 50 45 48 49 43 42 41 51 52 53 54 55 56 57 82 81 83 84 32 85 86 88 4 1 31 28 27 26 25 71 70 69 68 78 79 80 75 74 73 33 12 13 14 15 16 17 39 38 37 36
22 21
21 20
20 60
60 61
61 72
72 73
72 71
72 33
64 6
6 7
7 8
8 9
9 10
10 92
10 11
10 40
40 41
40 39
11 12
92 93
93 94
94 95
95 96
96 97
90 50
90 89
90 45
89 88
50 51
50 49
48 49
43 42
42 51
42 41
41 82
51 52
52 53
53 54
54 55
55 56
56 57
82 83
82 81
81 80
83 84
84 85
84 32
32 33
32 31
85 86
88 4
1 31
28 27
27 26
26 25
26 71
71 70
70 69
69 68
78 79
79 80
75 74
74 73
12 13
13 14
14 15
15 16
16 17
39 38
38 37
37 36