0 57 61 55 70 71 73 74 76 78 80 82 86 87 88 89 90 93 97 98 99 1 39 45 2 7 3 47 46 28 6 68 31 8 10 9 25 37 11 67 21 13 53 41 14 56 15 44 26 17 64 19 40 27 69 51 23 24 65 32 34 36 49 38 59 42 63 60 62
0 57
0 55
0 61
0 87
0 76
0 88
0 98
0 93
0 74
0 70
0 89
0 97
0 99
0 78
57 21
55 42
55 8
71 3
73 6
76 9
80 15
82 17
86 23
90 28
98 38
1 39
1 45
39 32
45 68
45 24
45 46
2 7
7 46
7 31
3 47
47 63
47 64
46 19
46 25
28 41
28 19
6 68
8 10
10 37
9 25
11 67
67 34
67 38
21 14
13 53
13 41
53 23
53 63
41 59
14 56
56 62
15 44
44 27
26 65
17 64
19 27
19 69
19 40
69 51
65 62
65 60
36 49
49 38