5 0 8 9 4 6 7 11 13 15 12 14 16 17 18 21 19 29 34 23 24 28 33 35 27 26 30 36 31 25 22 37 39 41 47 42 53 44 48 56 54 64 55 58 59 60 67 72 73 74 75 76 77 78 80 84 87 90 96 43 20 10 1 2 3
5 0
0 1
0 6
0 2
0 3
8 14
8 6
9 11
9 7
9 4
6 10
6 7
6 12
11 13
15 12
12 17
12 18
12 16
18 19
18 21
18 20
21 29
29 23
29 34
29 24
34 39
23 22
24 27
24 28
24 26
28 35
28 33
33 30
35 31
36 41
36 39
25 22
37 43
39 44
47 42
42 43
42 44
53 56
53 44
48 58
56 54
54 59
54 55
54 60
64 60
58 59
60 67
67 72
72 73
72 74
72 75
72 76
75 80
76 77
76 78
80 87
84 87
84 90
90 96