0 1 2 3 4 5 6 7 8 9 10 11 12 13 14 15 16 17 18 19 20 21 22 23 24 25 26 27 28 29 30 31 32 33 34 35 36 37 38 39 40 41 42 43 44 45 46 47 48 49 50 51 52 53 54 55 56 57 58 59 60 61 62 63 64 65 66 67 68 69 70 71 72 73 74 75 76 77 78 79 80 81 82 83 84 85 88 92 94 95 96 98 97 99 86 87 89
0 92
0 3
1 23
1 4
1 39
1 45
1 44
2 70
3 29
3 17
5 39
6 77
7 57
8 96
8 9
9 59
9 95
10 88
10 54
10 33
10 92
11 35
11 72
12 23
12 92
12 82
13 62
14 20
15 82
15 58
16 27
17 74
18 88
19 98
20 80
20 83
20 49
20 40
21 50
21 32
22 25
22 84
23 76
23 85
23 42
23 30
24 96
25 66
26 35
27 73
28 95
31 47
31 40
31 68
31 61
31 73
32 88
32 52
34 82
36 40
37 81
38 55
38 88
39 94
39 69
40 46
41 94
42 86
43 68
43 62
44 98
44 81
46 84
47 60
48 69
48 78
49 79
51 85
51 71
51 87
53 59
56 71
57 72
61 85
61 89
61 95
63 65
64 67
65 83
67 68
68 75
70 83
71 97
72 85
72 99
77 83