4 76 1 6 9 31 28 56 72 8 10 32 29 20 89 90 42 48 57 60 69 67 68 85 80 84 93 98 2 3 5 7 11 12 13 14 16 17 18 26 27 25 30 19 21 22 36 37 38 39 40 41 43 47 49 50 51 52 61 62 63 66 75 86 81 82 94 83 99 0
4 3
4 5
4 20
4 57
4 90
76 67
76 29
76 75
76 42
1 0
1 2
1 99
1 72
6 5
6 7
9 8
9 10
9 85
31 60
31 48
31 30
31 32
28 27
28 29
28 10
56 93
56 57
72 69
8 7
8 98
10 11
29 30
20 19
20 21
89 84
42 41
42 43
48 47
48 49
60 61
67 66
67 68
85 84
85 86
80 81
84 83
93 94
2 3
11 12
12 13
13 14
16 17
17 18
18 19
26 25
26 27
21 22
36 37
37 38
38 39
39 40
40 41
49 50
50 51
51 52
61 62
62 63
81 82
82 83