0 19 24 25 26 27 1 20 8 28 29 30 2 11 7 31 32 33 3 34 35 36 4 9 10 13 37 38 39 5 40 41 42 6 43 44 45 46 47 48 21 49 50 51 12 52 53 54 14 15 55 56 57 58 59 60 61 62 63 16 64 65 66 67 68 69 70 71 72 18 73 74 75 17 23 76 77 78 22 79 80 81 82 83 84 85 86 87 88 89 90 91 92 93 94 95 96 97 98 99
0 26
0 27
0 25
19 83
19 82
19 84
24 99
24 97
24 98
26 42
27 86
1 30
1 28
20 86
20 87
8 49
8 50
8 51
28 38
29 99
30 58
2 31
2 33
2 32
11 59
11 58
7 47
7 48
7 46
31 35
31 44
3 36
3 35
3 34
35 95
36 39
4 37
4 38
9 52
9 53
9 54
10 57
10 56
10 55
13 65
13 66
13 64
37 39
5 40
5 41
5 42
40 61
41 67
42 81
6 43
6 45
6 44
45 63
47 85
48 91
21 89
21 88
21 90
49 71
12 62
12 61
53 75
14 67
14 68
14 69
15 71
15 70
55 60
56 91
61 64
16 73
16 74
16 75
70 74
72 89
18 80
18 79
18 81
74 80
17 77
17 78
17 76
23 96
23 95
23 94
76 84
78 90
22 92
22 91
22 93
82 94
83 98
87 95
93 99