74 1 75 29 3 38 18 23 57 28 41 45 27 63 67 36 72 44 46 26 25 34 70 9 77 66 43 79 51 56 58 2 76 59 37 16 32 15 54 78 8 68 5 71 50 21 53 0 33 12 11 7 40 73 10 48 80 19 42 22 62 47 30 52 65 81 49 39 20 82 24 35 31 14 61 4 60 13 55 64 6 17 69 97 98 99 84 85 87
74 75
1 47
75 73
75 16
29 57
29 28
3 18
38 69
38 31
18 25
18 43
18 53
23 62
57 63
41 39
41 71
45 26
27 70
63 26
63 44
63 46
63 87
63 36
67 85
67 55
67 7
72 54
26 12
26 64
26 42
26 58
25 9
34 99
70 33
77 43
77 66
66 39
66 55
43 10
43 15
43 98
79 31
51 20
51 80
56 64
56 13
58 2
58 76
59 37
59 16
16 54
32 4
54 78
54 8
8 5
8 99
8 68
68 64
50 97
21 39
53 12
0 24
33 48
33 64
11 10
7 19
40 99
19 22
22 62
47 13
30 52
52 81
52 65
52 49
81 14
81 20
39 20
20 24
20 82
24 35
35 31
61 60
4 87
4 60
13 97
55 84
6 99
6 17