78 15 29 17 66 11 48 39 34 1 65 88 44 13 10 42 28 20 79 16 91 97 77 59 45 70 43 30 33 84 86 55 0 63 57 60 69 38 75 83 19 76 58 80 7 49 27 26 87 31 94 24 35 62 46 14 61 3 18 6 2 89 82 50 22 8 32 5 9 98 36 71 40 96 21 51 85 37 92 56 73 64 53 74 54 52 41 95 99 12 23 67 4 93 25 90 68 81
78 15
15 74
29 17
29 3
17 77
66 11
66 93
11 85
48 39
48 46
39 24
34 1
34 62
1 59
65 88
65 84
88 51
44 13
44 16
13 3
10 42
10 27
42 30
28 20
28 75
20 45
79 16
79 59
91 97
91 49
97 70
77 94
45 40
70 43
43 99
30 33
33 0
84 94
86 55
86 67
55 27
0 75
63 57
63 36
57 38
60 69
60 52
69 90
38 89
83 19
83 51
19 98
76 58
76 26
58 50
80 7
80 98
7 68
49 90
26 31
87 31
87 22
24 35
35 2
62 2
46 85
14 61
14 40
61 93
18 6
18 54
6 71
89 82
82 56
50 23
22 25
8 32
8 68
32 92
5 9
5 23
9 53
36 12
71 41
96 21
96 37
21 81
37 99
92 52
56 67
73 64
73 81
64 4
53 12
74 54
41 95
95 25