8 9 13 14 19 20 25 26 27 30 31 32 33 34 35 39 40 41 42 43 44 47 48 49 50 52 57 58 59 60 62 66 67 68 70 71 74 76 77 78 82 83 84 87 88 92 3 6 16 21 22 29 64 72 73 79 90 95 98 99
8 9
9 6
9 14
13 14
14 20
19 20
20 21
20 26
25 33
26 33
27 21
30 39
30 29
31 39
32 41
33 34
33 41
34 35
39 49
39 48
40 49
40 41
40 50
41 42
42 52
43 52
43 44
47 57
48 57
49 59
52 62
58 66
58 59
59 67
59 68
60 68
66 74
68 76
70 77
71 78
74 73
76 77
76 82
76 83
77 78
78 79
83 88
83 84
84 90
87 92
88 92
92 95
3 6
16 22
22 29
64 72
72 79
95 98
98 99