65 66 63 64 61 62 60 58 59 57 56 55 54 52 53 51 49 50 48 46 47 45 43 44 42 40 41 39 37 38 36 34 35 33 32 31 30 28 29 27 25 26 24 22 23 21 19 20 18 16 17 15 13 14 12 10 11 9 8 7 6 4 5 3 1 2 0 67 68 69 70 71 72 73 74 75 76 77 78 80 79 81 82 83 84 85 86 87 88 89 90 91 92 93 94 95 96 97
65 63
65 66
66 68
63 61
63 64
61 60
62 60
60 58
58 57
59 57
57 55
57 56
55 54
54 52
54 53
52 51
51 50
49 48
50 48
48 47
46 45
47 45
45 44
45 43
43 42
42 41
42 40
40 39
39 37
37 36
38 36
36 34
36 35
34 33
33 32
33 31
31 30
30 28
30 29
28 27
27 25
25 24
26 24
24 23
24 22
22 21
21 19
19 18
20 18
18 17
18 16
17 15
15 14
15 13
13 12
12 10
12 11
10 9
9 7
8 6
7 6
6 5
6 4
5 3
3 1
3 2
2 0
67 69
68 69
69 70
69 71
70 72
72 74
73 75
74 75
75 77
76 78
77 78
78 80
78 79
79 81
81 83
82 84
83 84
84 86
84 85
85 87
87 88
88 90
89 90
90 92
91 93
92 93
93 94
94 96
95 96
96 97