0 1 2 3 4 6 7 8 9 10 12 13 14 15 16 17 18 19 20 21 22 24 26 28 29 30 31 32 33 34 35 36 37 38 40 41 42 45 46 47 49 50 51 52 53 54 57 58 59 61 62 63 64 65 66 67 68 69 70 71 73 74 75 77 78 81 82 85 86 89 90 91 93 94 95 97 98
0 33
0 34
0 21
1 35
1 36
1 24
1 3
2 37
2 38
3 40
4 42
4 41
4 12
6 26
6 46
7 47
7 18
8 50
9 52
9 51
9 15
10 54
10 14
10 53
12 58
12 32
12 57
12 26
13 59
14 21
14 61
15 64
15 63
16 65
16 20
17 67
17 22
17 28
17 68
18 31
18 29
18 70
19 71
19 24
20 74
20 73
22 77
22 78
24 82
24 81
24 26
26 85
26 86
26 29
28 90
28 29
29 91
30 93
30 94
31 95
32 97
32 98
33 35
38 40
45 47
49 51
50 52
57 59
61 63
62 64
65 67
66 68
69 71
73 75
89 91
93 95