0 1 2 4 5 6 8 10 11 12 13 14 15 16 17 18 19 20 22 23 24 26 27 28 30 32 33 34 35 36 37 38 41 42 43 44 45 46 49 50 53 54 56 57 58 60 61 62 63 65 66 67 69 70 71 72 73 74 77 78 79 80 81 82 85 86 88 89 90 93 94 97 98
0 34
0 33
0 23
0 18
1 35
1 22
1 15
1 27
2 38
2 37
2 5
4 13
4 22
4 20
4 17
5 44
5 19
5 43
6 45
6 30
6 46
8 10
8 49
8 50
10 14
10 53
10 54
11 56
11 16
12 57
12 19
12 15
13 60
13 30
14 62
14 26
14 18
14 61
15 63
16 66
17 67
18 70
18 69
19 71
19 72
19 24
20 73
20 74
23 80
23 79
24 82
24 28
24 81
26 85
26 32
27 88
28 89
28 90
30 93
30 94
32 98
32 97
34 36
41 43
42 44
54 56
58 60
65 67
69 71
77 79
78 80
86 88