0 1 2 4 5 6 7 8 10 12 13 14 16 17 18 20 21 22 23 24 25 26 27 28 30 31 32 33 34 35 36 37 38 41 42 44 45 46 47 49 50 53 54 57 58 59 61 62 65 66 68 69 70 73 74 76 77 78 79 81 82 83 85 86 87 88 89 90 93 94 96 97 98
0 33
0 6
0 34
1 36
1 17
1 8
2 38
2 37
2 30
2 5
4 41
4 16
4 25
4 42
5 44
5 23
5 13
6 46
6 21
6 45
7 47
7 17
7 22
8 49
8 50
10 53
10 54
10 25
12 17
12 58
12 57
12 27
13 59
14 61
14 16
14 62
16 65
17 24
17 68
18 69
18 70
18 27
20 73
20 74
20 28
21 76
21 26
22 78
22 31
22 77
24 82
25 26
25 83
27 87
27 88
27 32
28 90
28 89
30 93
31 96
32 97
32 98
33 35
42 44
57 59
66 68
74 76
77 79
81 83
85 87
86 88
94 96