0 10 12 54 75 78 85 1 25 38 44 48 82 90 92 2 14 17 28 47 55 61 62 68 70 88 3 4 19 32 46 21 5 24 63 80 6 65 66 7 99 8 41 76 9 50 72 26 30 57 60 84 11 18 27 39 89 93 15 56 73 51 95 33 86 49 96 20 29 87 58 22 34 37 53 36
0 12
0 85
10 84
10 19
10 60
10 21
12 56
12 15
12 88
54 56
54 46
54 26
75 8
78 5
78 17
78 49
1 38
25 88
25 51
38 92
38 29
44 73
44 56
48 53
82 53
90 33
90 18
92 4
2 88
2 68
14 6
28 15
28 96
28 5
47 96
47 22
55 7
61 30
61 8
61 65
61 57
62 41
70 99
3 46
19 89
19 96
32 37
32 89
32 87
32 7
5 63
24 63
80 8
6 65
66 26
7 99
99 9
41 53
41 73
76 50
50 11
72 11
57 93
57 39
11 93
11 27
27 53
27 86
93 20
73 33
73 36
73 58
95 36
29 53
34 53