30 32 8 59 29 31 70 72 28 73 27 26 63 64 62 35 36 61 4 53 60 51 3 50 52 24 48 23 25 11 22 21 33 74 20 56 19 18 17 16 40 39 41 42 69 43 14 67 13 15 71 9 12 76 75 77 78 5 1 6 7 0 2 65 66 45 44 46 49 47 37 38 68 54 55 10 57 58 34 81 82 84 85 86
30 32
30 8
30 59
30 31
30 29
32 9
8 12
59 60
29 41
31 70
31 72
31 28
70 22
70 19
70 42
70 71
28 73
28 27
73 84
73 46
27 63
26 41
26 0
64 6
64 82
62 36
62 35
35 40
35 58
36 7
36 43
61 4
61 53
4 54
53 16
60 51
60 86
51 3
51 24
50 85
50 84
52 11
24 48
23 11
25 85
11 34
11 18
11 44
11 10
21 33
21 74
21 20
33 69
74 5
20 56
56 55
56 57
18 81
17 40
16 45
40 42
39 15
39 38
41 66
42 69
42 14
14 67
13 9
15 71
15 82
9 81
12 76
76 77
75 54
75 68
78 5
5 1
0 49
2 65
65 45
45 49
47 86
47 37