1 7 8 9 11 12 13 14 17 18 19 20 21 22 23 25 28 29 30 31 32 33 34 35 36 37 38 39 40 41 44 45 47 48 49 50 53 54 55 56 57 58 59 60 61 62 63 64 65 68 69 70 71 72 73 74 76 77 80 81 82 83 84 85 86 87 88 89 90 91 94 98 99
1 7
7 8
8 9
8 21
11 12
12 13
12 17
13 14
17 18
18 19
18 49
19 20
20 21
21 22
22 23
25 29
25 30
28 29
28 36
29 38
30 31
30 39
31 32
31 48
32 33
33 34
34 35
35 44
36 37
39 40
40 74
40 41
44 45
47 48
48 49
50 54
50 55
53 54
53 61
54 63
55 56
55 64
56 57
56 73
57 58
58 59
58 71
59 60
60 69
61 62
64 65
65 99
68 69
69 70
71 72
73 74
76 77
76 82
77 84
80 81
80 89
81 82
81 98
82 83
84 85
85 86
85 94
86 87
87 88
89 90
90 91
98 99