0 1 2 3 8 10 11 12 13 14 15 17 18 19 20 21 22 24 26 30 31 32 34 35 36 37 39 40 41 42 43 44 45 46 48 49 50 51 52 53 54 55 56 57 60 62 63 64 65 66 67 69 70 71 72 73 75 76 77 78 79 80 83 85 87 88 89 90 91 94 96 97
0 17
0 65
0 37
1 66
2 31
2 3
3 91
8 85
10 39
10 41
10 46
10 11
11 20
12 36
13 72
14 36
15 71
15 54
17 18
18 60
19 35
20 21
20 97
21 22
22 75
22 34
24 52
26 46
30 89
32 54
32 73
34 42
35 49
35 48
35 96
36 94
37 71
37 44
37 97
39 94
39 56
40 41
42 83
43 44
44 91
44 45
48 63
48 62
49 51
49 80
50 80
50 77
52 78
53 54
55 94
56 57
63 88
63 64
64 65
65 66
65 85
66 67
69 94
70 88
70 79
71 72
75 90
76 83
78 79
87 88
89 90