12 8 95 1 30 50 2 38 64 14 39 75 63 3 27 71 94 51 4 84 60 35 55 5 92 13 34 6 17 29 74 37 7 72 45 58 11 23 77 10 83 41 82 56 19 73 96 47 15 18 16 52 98 97 49 46 25 32 54 31 21 88 24 22 61 87 81 80 26 78 65 89 90 91 76 42 67 62 66 48 68 53 85 57 79 59
12 39
12 27
8 23
8 32
8 71
95 34
1 64
1 50
30 42
30 76
30 60
50 15
50 52
2 90
2 14
38 48
38 18
64 19
64 29
39 92
39 13
75 49
63 62
63 42
3 94
94 21
94 5
51 5
51 6
4 49
84 54
84 6
60 80
35 62
55 87
5 22
92 72
92 57
34 16
34 31
6 91
17 47
17 98
29 67
29 49
74 81
74 59
74 83
37 10
7 24
7 72
72 90
45 91
58 79
11 16
11 82
11 41
11 47
77 21
10 56
82 15
56 67
19 21
19 79
73 98
96 42
96 88
96 65
15 25
18 22
16 78
97 53
49 66
46 65
25 59
32 26
32 61
21 87
22 61
61 53
61 89
89 85
90 59
76 48
68 85