79 12 29 74 37 60 38 91 6 39 89 10 52 54 15 65 82 42 97 80 8 17 7 55 98 77 99 21 48 83 56 68 41 24 19 64 46 18 1 43 51 75 66 9 20 73 71 27 72 36 95 25 58 0 16 61 92 62 2 47 34 35 45 53 85 11 86 93 26 94 87 13 22 69 5
79 29
79 24
79 65
79 37
12 77
12 15
29 8
74 48
74 35
60 43
60 21
38 98
38 91
91 47
91 52
91 92
91 6
6 64
39 5
39 10
39 13
89 55
89 51
10 73
10 85
52 83
54 36
15 99
65 97
82 85
42 99
42 2
97 41
97 68
80 43
8 34
17 71
17 27
17 61
7 98
55 25
98 56
77 86
21 2
48 86
48 46
83 36
83 75
68 25
24 1
24 66
19 9
64 69
46 45
18 72
18 22
18 0
1 26
1 61
43 95
43 58
43 72
75 16
75 35
9 86
20 25
27 5
27 93
95 87
62 47
34 86
53 11
11 93
86 94