80 0 12 42 55 22 78 15 97 7 98 85 16 79 43 75 72 31 91 47 13 89 21 70 54 4 6 5 96 86 20 41 33 68 77 58 88 60 2 1 53 56 14 50 71 73 44 34 23 82 90 84 39 66 52 61 74 8 36 35 64 18 10 65 62 3 59 26 27 37 30 63 51 45 25 83 32 28 17 67 9 94 49 48 46 95 76 57 93 38 11 92 87 69 40 24 19 81 29
80 61
80 82
0 60
12 52
12 96
12 74
12 38
42 74
42 29
55 79
55 88
55 27
55 54
22 25
22 11
78 89
78 6
15 40
15 63
15 93
15 14
97 88
7 98
7 95
85 35
85 45
85 16
79 3
43 74
75 91
72 47
31 35
31 36
91 53
47 9
47 40
13 21
13 4
13 17
89 68
89 9
89 48
21 27
21 53
70 20
4 71
4 26
4 67
5 33
5 40
86 28
86 37
20 93
20 56
41 63
41 57
77 38
77 10
58 45
58 34
58 2
60 17
1 39
53 23
50 18
71 52
73 8
73 46
44 87
34 95
34 92
82 49
82 69
90 32
90 25
90 51
84 48
84 62
39 3
66 59
66 67
52 46
61 11
74 83
8 30
64 48
18 94
65 9
3 9
26 76
37 94
63 11
9 94
94 92
57 24
11 19
87 29
24 81