0 1 2 4 6 7 8 10 11 12 13 14 15 16 17 18 20 22 23 24 25 26 27 28 29 30 32 33 34 35 36 37 38 41 42 45 46 47 49 50 53 54 55 57 58 59 61 62 63 64 65 66 67 69 70 73 74 77 78 79 81 82 83 85 86 88 89 90 91 92 93 94 97 98
0 34
0 33
0 24
0 30
1 35
1 15
1 18
1 28
1 36
2 38
2 37
2 20
4 41
4 42
4 20
4 14
6 46
6 23
7 47
7 17
7 29
7 25
8 49
8 50
8 15
8 20
10 53
10 54
10 30
11 55
12 58
12 32
12 27
12 57
13 59
13 23
13 17
14 61
15 63
15 64
16 66
16 30
17 67
17 26
18 70
18 69
18 23
20 73
20 74
22 78
22 77
23 79
24 82
25 83
26 85
26 86
29 91
29 92
30 93
30 94
32 97
32 98
33 35
45 47
53 55
57 59
62 64
65 67
77 79
81 83
86 88
89 91
90 92