1 2 95 96 85 86 62 63 37 38 26 27 89 90 92 93 39 40 78 79 81 82 64 65 74 75 10 11 72 73 49 50 7 8 84 28 29 15 16 76 77 20 21 48 67 68 53 54 32 33 30 70 71 87 88 59 60 94 42 43 24 25 44 45 83 46 31 52 91 97 98 58 66 35 36 9 69 13 14 56 57 5 6 34 80 23 41 3 4 55 19 51 12 17 18 61 47 22
1 2
2 3
95 96
95 94
96 97
85 86
85 84
86 87
62 63
62 61
63 64
37 38
37 36
38 39
26 27
26 25
27 28
89 90
89 88
90 91
92 93
92 91
93 94
39 40
40 41
78 79
78 77
79 80
81 82
81 80
82 83
64 65
65 66
74 75
74 73
75 76
10 11
10 9
11 12
72 73
72 71
49 50
49 48
50 51
7 8
7 6
8 9
84 83
28 29
29 30
15 16
15 14
16 17
76 77
20 21
20 19
21 22
48 47
67 68
67 66
68 69
53 54
53 52
54 55
32 33
32 31
33 34
30 31
70 71
70 69
87 88
59 60
59 58
60 61
42 43
42 41
43 44
24 25
24 23
44 45
45 46
46 47
52 51
97 98
58 57
35 36
35 34
13 14
13 12
56 57
56 55
5 6
5 4
23 22
3 4
19 18
17 18