59 57 58 60 61 62 63 64 65 66 67 68 69 70 71 72 74 75 77 78 80 81 83 84 86 87 89 90 92 93 95 96 98 56 54 55 53 51 52 50 48 47 45 46 44 42 43 41 40 39 38 36 37 35 33 34 32 30 31 29 27 26 24 25 23 21 20 18 17 15 14 12 11 9 8 6 5 3 2
59 57
59 60
57 56
57 58
60 61
61 62
62 63
63 64
64 65
65 66
66 67
67 68
68 69
69 70
69 71
71 72
72 74
74 75
75 77
77 78
78 80
80 81
81 83
83 84
84 86
86 87
87 89
89 90
90 92
92 93
93 95
95 96
96 98
56 54
56 55
54 53
53 52
51 50
51 52
50 48
48 47
47 46
45 46
45 44
44 43
44 42
42 41
41 40
41 39
39 38
38 37
38 36
36 35
35 34
35 33
33 32
32 31
32 30
30 29
29 27
27 26
26 24
24 25
24 23
23 21
21 20
20 18
18 17
17 15
15 14
14 12
12 11
11 9
9 8
8 6
6 5
5 3
3 2