7 8 3 4 83 82 36 37 74 75 77 78 94 95 40 41 15 16 17 56 57 97 98 23 24 14 25 26 69 68 60 61 52 53 66 67 18 5 30 31 90 91 84 72 71 73 35 87 86 92 81 89 88 93 39 13 11 10 65 64 62 42 43 80 48 47 85 70 34 79 2 58 63 76 28 29 46 27 59 33 32 51 50 49 9 22 96 12 54 55 19 45 44 38 1 6 21 20
7 8
7 6
8 9
3 4
3 2
4 5
83 82
83 84
82 81
36 37
36 35
37 38
74 75
74 73
75 76
77 78
77 76
78 79
94 95
94 93
95 96
40 41
40 39
41 42
15 16
15 14
16 17
17 18
56 57
56 55
57 58
97 98
97 96
23 24
23 22
24 25
14 13
25 26
26 27
69 68
69 70
68 67
60 61
60 59
61 62
52 53
52 51
53 54
66 67
66 65
18 19
5 6
30 31
30 29
31 32
90 91
90 89
91 92
84 85
72 71
72 73
71 70
35 34
87 86
87 88
86 85
92 93
81 80
89 88
39 38
13 12
11 10
11 12
10 9
65 64
64 63
62 63
42 43
43 44
80 79
48 47
48 49
47 46
34 33
2 1
58 59
28 29
28 27
46 45
33 32
51 50
50 49
22 21
54 55
19 20
45 44
21 20