0 14 61 71 84 86 1 6 8 13 62 93 96 99 2 4 5 11 22 28 56 59 63 92 95 3 33 39 75 81 24 26 40 50 83 89 29 67 7 46 51 79 15 35 43 9 12 18 47 70 41 55 20 73 91 27 37 42 48 82 16 17 54 85 21 69 31 94
0 61
14 18
61 54
61 59
71 18
71 11
84 93
84 22
86 8
86 50
1 6
6 46
6 99
6 75
8 9
8 24
13 48
62 35
93 16
93 12
96 2
96 27
96 67
99 24
2 92
2 11
2 56
4 26
4 83
5 29
5 40
22 17
22 41
28 42
56 46
63 82
92 20
92 31
92 89
95 75
3 75
33 17
39 85
75 69
75 82
75 37
81 9
40 21
50 51
83 15
29 47
29 7
67 47
67 85
67 79
7 35
46 91
51 70
15 47
43 18
55 27
73 94
91 42
42 48
82 94
82 54
17 54