0 14 23 19 25 26 27 1 2 3 28 29 30 31 32 33 16 34 35 36 4 10 37 38 39 5 17 20 40 41 42 6 15 12 43 44 45 7 9 46 47 48 8 18 49 50 51 52 53 54 24 55 56 57 11 58 59 60 61 62 63 13 22 64 65 66 67 68 69 70 71 72 73 74 75 76 77 78 79 80 81 82 83 84 85 86 87 21 88 89 90 91 92 93 94 95 96 97 98 99
0 25
0 26
0 27
14 69
14 68
23 94
23 96
23 95
19 84
19 82
19 83
25 39
26 82
27 52
1 28
1 29
1 30
2 32
2 31
2 33
3 36
3 34
3 35
28 34
29 32
30 67
16 74
16 75
16 73
36 45
36 64
4 37
4 39
4 38
10 56
10 57
10 55
37 74
39 63
5 40
5 42
5 41
17 76
17 77
17 78
20 86
20 87
20 85
41 58
6 44
6 45
6 43
15 70
15 71
15 72
12 63
43 93
44 73
45 97
7 46
7 48
7 47
9 53
9 54
9 52
47 71
8 49
8 50
8 51
18 81
18 79
18 80
49 89
50 81
51 96
51 61
24 99
24 97
55 78
56 80
57 62
11 58
11 59
11 60
59 86
13 65
13 66
13 64
22 92
22 93
22 91
68 86
71 81
81 99
87 91
21 88
21 89
21 90
93 98