14 38 62 88 31 17 99 13 29 51 43 48 78 55 20 56 72 50 58 82 41 68 93 5 98 16 64 87 53 26 28 2 86 57 19 8 12 47 70 96 0 61 81 3 40 45 76 32 6 95 33 73 1 52 9 34 71 24 60 49 37 77 25 35 65 15 10 11 67 92 69 83 36 85 80 91 7 30 44 89 74 54 4 22 21 97 18 42 79 27 23
14 27
14 51
14 83
14 95
38 37
38 28
38 8
62 29
62 43
62 95
62 19
62 36
88 73
88 29
31 11
31 26
31 68
17 37
17 89
99 8
13 51
13 37
13 40
13 23
29 0
29 3
29 33
51 41
51 47
43 32
48 16
48 78
78 61
78 12
55 33
20 28
56 36
56 70
72 40
50 21
50 60
58 83
82 7
82 64
82 71
41 35
41 98
68 52
68 27
93 19
5 22
5 32
87 85
53 52
53 21
53 4
53 86
28 2
57 44
57 61
57 1
57 83
47 85
96 15
96 10
96 22
0 81
61 80
40 49
45 30
45 7
45 67
45 34
76 7
76 25
6 83
6 74
6 24
33 54
33 97
73 65
52 77
9 24
9 79
60 91
37 42
11 69
92 7
92 21
7 18