82 83 75 76 87 86 68 69 70 73 60 71 56 50 59 58 57 48 49 47 51 46 41 42 43 37 45 19 44 9 7 8 5 10 4 6 3 0 11 18 20 21 22 23 24 26 27 25 1 2 13 16 14 15 12 17 28 29 30 32 33 34 35 31 38 39 36 52 61 64 54 77 78 79 84 85 65
82 83
82 75
83 84
75 76
76 87
87 86
86 68
68 69
69 70
70 71
70 73
73 77
60 56
60 61
71 56
56 47
50 49
50 35
59 58
58 57
57 48
57 49
48 47
47 46
47 51
51 52
46 43
46 41
46 42
43 37
45 19
19 9
19 44
9 6
7 8
8 6
8 14
8 28
5 6
10 3
10 2
10 13
4 3
3 11
3 0
0 1
11 18
11 20
11 21
20 22
22 23
23 24
23 27
23 26
24 25
1 12
13 14
13 16
14 15
12 17
28 30
29 30
30 35
30 34
30 33
32 34
35 36
35 39
31 38
38 39
52 54
64 65
64 54
77 78
78 79
84 85