23 26 30 34 35 27 29 28 24 22 17 12 13 7 3 4 11 15 40 36 41 37 44 45 47 49 51 54 57 55 58 53 56 61 62 63 74 76 79 82 78 81 86 87 88 92 91 85 95 75 73 69 70 66 65 60 59 52 50 48 46 42 43 39 38 33 32 97
23 26
26 30
30 35
30 34
30 27
30 29
34 39
34 33
35 36
35 40
27 28
27 24
24 22
22 17
17 12
12 13
12 7
7 4
7 3
7 11
11 15
40 45
36 41
41 37
44 45
45 47
47 49
51 54
54 57
54 55
57 61
57 53
57 56
57 58
57 62
53 52
53 50
61 65
61 60
61 66
62 63
74 76
76 79
79 82
82 81
82 78
82 87
82 86
78 75
86 85
86 91
87 92
87 88
92 97
91 95
75 73
73 69
69 66
70 66
60 59
50 48
48 46
46 43
46 42
42 39
38 33
33 32