0 27 40 43 45 47 48 50 51 52 53 56 60 61 62 63 65 67 1 12 69 72 74 76 80 81 82 83 86 87 91 94 99 2 6 18 5 11 28 30 35 25 7 31 29 13 9 10 19 24 21 33 14 17 23 15 16 20 36 22 26 38 32 39
0 27
0 60
0 67
0 63
0 50
0 51
0 56
0 45
0 53
0 40
43 5
47 10
48 11
50 15
52 17
61 31
62 32
65 36
1 12
1 69
1 83
1 74
1 80
1 81
1 99
1 91
1 87
1 76
12 21
72 5
82 18
86 24
94 33
2 6
6 25
6 35
18 19
5 28
5 30
5 11
11 24
28 23
30 26
30 39
35 15
25 29
25 16
7 29
7 13
7 31
31 9
29 32
13 33
10 19
19 16
21 22
21 26
33 36
14 23
14 17
17 20
20 36
26 38