0 1 2 3 4 5 6 7 8 9 10 11 12 13 14 15 16 17 18 19 20 21 22 23 24 25 26 27 28 29 30 31 32 33 34 35 36 37 38 39 40 41 42 43 44 45 46 47 48 50 57 63 64 66 67 73 74 78 80 85 87 89 96 97 98 99
0 16
0 98
0 89
0 74
0 78
0 96
0 97
0 73
0 80
0 99
1 31
2 17
3 11
4 44
5 31
6 41
7 28
7 19
7 57
7 73
8 25
8 34
9 39
10 29
11 19
11 30
12 46
13 36
13 27
13 78
14 31
14 33
15 16
16 35
17 80
18 32
19 44
20 33
21 66
22 37
22 23
23 32
24 63
26 64
26 31
26 85
27 40
28 67
28 29
28 87
31 89
34 41
37 43
37 42
38 64
39 40
41 63
41 96
42 46
42 97
45 50
47 98
48 99
50 67
57 66