0 3 4 6 8 10 11 12 14 16 17 20 21 22 25 27 31 32 33 34 35 38 39 40 41 46 48 49 55 57 58 59 60 62 64 1 7 19 24 26 28 36 37 42 47 50 53 54 65 2 9 15 23 30 51 56 61 5 13 18 44 45 52 63 29 43
0 8
0 25
0 55
3 53
4 46
4 61
6 45
6 27
6 17
8 29
8 30
10 25
10 38
11 19
11 28
11 39
11 50
11 51
11 64
12 39
14 55
16 24
16 18
20 50
20 57
21 60
22 41
22 9
27 44
31 15
31 42
32 40
32 42
32 33
34 46
35 24
38 47
38 45
38 43
39 56
39 52
39 65
40 52
46 47
46 53
46 63
48 37
49 57
58 18
59 9
60 30
62 45
62 42
1 42
7 50
19 23
24 63
26 36
26 45
26 37
28 9
54 44
2 9
5 29
13 63