0 1 2 3 4 5 6 7 8 9 10 11 12 13 14 15 16 17 18 19 20 21 22 23 24 25 26 27 28 29 30 31 32 33 34 35 36 37 38 39 40 41 42 43 44 45 46 47 48 49 50 51 52 53 54 55 56 57 58 59 60 61 62 63 64 65 66 67 68 69 70 71 72 73 74 75 76 77 78 79 80 81 82 83 84 85 86 87 88 89 90 91 92 93 94 95 96 97 98 99
0 63
0 99
0 75
0 1
2 13
2 4
3 26
4 49
5 6
6 15
7 19
8 9
8 41
8 98
9 88
10 46
11 35
11 12
12 56
12 13
12 87
13 14
13 86
14 15
16 65
16 17
17 84
18 19
18 50
20 55
20 21
21 51
21 62
22 75
23 24
24 89
25 92
26 61
27 63
28 76
29 30
29 37
31 66
32 57
33 71
33 45
33 34
35 36
37 38
38 50
38 68
39 44
39 84
40 41
40 62
42 73
42 43
43 44
44 45
46 94
46 47
48 67
49 50
52 87
53 54
54 76
54 78
55 60
56 91
56 57
58 59
58 81
59 92
60 61
63 64
64 83
66 82
66 67
69 70
70 71
71 79
72 95
72 73
73 74
74 81
74 90
77 78
78 79
79 85
80 81
81 82
86 97
89 94
93 94
94 95
95 96
96 97
97 98
98 99