0 40 52 53 55 56 57 58 60 61 63 64 69 70 71 72 73 74 76 77 82 84 1 31 51 86 90 92 96 97 99 2 5 16 15 7 6 32 11 44 24 8 50 9 13 10 14 17 36 19 38 28 20 21 42 35 22 33 23 49 29 30 48 34 46 43 39
0 40
0 76
0 77
0 52
0 73
0 74
0 55
0 71
0 64
0 58
40 20
40 31
53 5
56 8
57 10
60 13
61 14
63 21
69 28
70 29
72 33
76 38
82 46
84 48
1 31
1 51
1 86
1 90
1 97
1 96
1 92
31 29
51 11
99 17
2 16
2 5
16 17
15 9
7 6
7 24
7 44
6 11
6 32
32 30
44 28
44 39
24 10
8 50
50 46
50 10
9 13
13 14
13 10
14 17
17 36
19 38
38 22
38 43
21 35
21 42
42 34
35 46
22 33
23 49
49 43
30 48