0 1 3 4 5 6 7 8 9 10 11 12 13 14 15 16 17 18 19 20 21 22 23 24 25 26 27 28 29 30 31 32 33 34 35 36 37 38 39 40 41 42 43 44 45 46 47 48 49 50 51 52 53 54 55 56 57 58 60 61 62 63 64 65 67 68 73 75 76 77 80 81 82 83 84 86 87 90 91 92 98
0 1
0 6
0 7
3 4
4 9
4 11
5 10
6 12
8 9
9 14
10 11
12 13
12 19
12 18
13 26
13 20
14 20
15 21
15 20
16 17
17 22
21 22
22 23
22 29
24 31
24 30
24 25
26 33
26 32
26 31
27 33
28 35
29 34
29 35
29 50
29 51
30 36
32 38
34 41
36 37
36 42
36 43
37 44
38 39
39 46
40 41
41 52
45 46
46 47
47 48
49 54
50 56
51 54
53 56
54 58
55 87
55 57
56 63
57 58
58 75
60 61
60 63
61 62
61 64
62 98
64 67
64 68
65 68
73 76
76 77
77 81
80 83
81 82
82 86
83 84
84 87
86 90
86 98
87 91
91 92