0 27 32 33 41 47 52 53 56 61 62 63 74 75 81 89 91 92 99 1 8 10 14 15 18 31 37 40 45 46 48 54 72 83 84 86 2 16 26 28 30 49 50 51 59 66 69 70 73 76 93 3 7 12 20 23 29 44 68 78 87 4 17 19 85 95 97 5 21 35 39 55 65 88 90 6 24 25 34 43 67 94 11 58 60 71 77 79 9 36 80 38 96 98 13 22 42 64 57 82
0 81
0 56
27 29
27 70
27 85
32 66
32 14
32 63
33 62
41 65
41 38
47 19
52 92
53 54
53 66
53 86
56 4
61 71
61 81
61 67
62 14
74 84
74 8
74 10
75 85
81 25
89 1
91 92
92 17
92 93
99 8
1 37
8 71
8 79
14 45
14 44
14 13
15 28
18 68
31 59
31 26
31 35
37 28
40 85
45 82
46 12
46 95
46 80
48 83
48 3
54 19
54 76
54 55
72 21
72 86
72 96
84 90
86 88
2 16
16 59
16 9
26 73
26 51
26 19
26 57
28 68
28 29
28 49
28 69
30 51
50 7
51 64
70 34
3 20
3 12
3 87
7 44
12 34
12 60
20 21
20 22
20 43
23 87
29 42
44 36
78 4
17 11
19 24
19 5
97 57
5 39
65 11
65 71
6 24
24 98
25 60
94 13
58 64
77 96