0 2 3 4 7 8 9 10 12 15 18 19 21 24 27 28 29 30 31 34 36 38 39 40 41 43 45 47 51 53 54 55 57 58 59 60 61 62 63 69 70 71 72 75 76 77 78 79 81 85 89 1 5 6 11 14 16 17 22 23 33 35 37 46 49 52 65 66 73 83 84 86 87 91 20 25 26 42 48 67 90 13 32 50 56 64 88 92 44 80 68 74 82
0 47
0 8
0 85
2 48
3 61
4 34
4 22
7 30
7 33
7 12
8 44
9 27
9 55
9 77
9 91
10 88
10 48
12 31
15 84
15 79
18 51
18 73
19 77
19 13
21 90
24 54
27 65
28 70
28 58
28 56
29 59
29 72
29 65
30 81
30 5
31 41
34 66
36 89
36 55
36 46
36 37
36 39
36 23
38 44
38 35
40 78
40 80
43 6
43 48
45 20
45 71
47 83
47 48
51 17
53 26
53 20
53 68
54 81
55 76
57 33
58 87
58 59
58 67
59 32
59 33
59 25
60 61
60 52
61 85
62 46
63 17
69 81
71 1
72 64
72 22
75 22
76 82
78 83
81 16
11 84
14 50
14 86
14 91
35 49
73 13
73 42
84 20
20 88
26 64
48 74
90 88
32 92