4 6 11 12 17 18 22 23 24 29 30 34 35 36 40 41 42 46 47 48 52 53 54 59 60 65 66 71 72 76 77 78 83 84 89 90 94 2 8 14 20 26 32 38 44 50 56 62 68 74 80 86 92 25 31 37 43 49 55 61
4 6
4 2
6 11
6 8
11 12
12 17
12 14
17 18
18 20
22 20
22 23
23 24
24 26
24 29
29 30
29 25
30 35
30 34
30 32
35 31
35 36
36 40
36 38
40 37
41 37
41 42
42 44
42 47
42 46
47 43
47 48
48 53
52 50
52 53
52 49
53 54
54 56
54 59
59 60
59 55
60 62
60 65
65 66
65 61
66 71
66 68
71 72
72 77
72 74
72 76
77 78
78 83
78 80
83 84
84 86
84 89
89 90
90 92
94 92