0 1 2 3 4 6 8 10 11 12 13 14 15 16 18 19 20 22 23 25 28 31 33 37 38 45 47 48 50 54 55 56 57 58 60 61 62 64 65 66 74 75 76 78 80 81 82 83 84 85 86 87 88 89 90 91 92 93 95 97 99 5 9 24 29 30 40 44 49 52 53 63 71 77 79 94 96 17 27 34 43 59 68 70 72 73 98 7 21 32 35 41 42 46 51 67 69 36 39 26
0 14
0 20
0 58
1 4
1 12
2 43
2 27
2 53
2 87
2 15
3 96
4 71
4 36
4 18
6 86
6 42
8 82
10 33
11 9
11 38
12 95
12 39
12 86
12 31
12 81
13 14
13 52
14 32
15 95
15 76
16 89
19 5
20 7
22 83
23 92
25 83
25 98
28 50
31 46
33 21
37 7
38 63
38 54
45 44
45 17
45 74
47 87
48 41
48 26
50 73
55 68
56 63
57 85
57 59
58 30
58 95
58 93
60 68
61 96
62 24
62 97
62 35
64 29
64 80
65 67
65 34
66 89
66 69
75 32
75 92
78 96
78 95
80 99
82 72
82 63
83 79
84 63
85 87
88 99
88 97
88 40
89 68
90 93
91 36
5 36
5 79
24 34
24 51
49 79
63 98
63 17
77 32
94 32
96 21
34 73
43 68
68 35
70 35
69 26