1 12 36 46 52 80 81 84 98 2 7 11 18 22 34 38 43 45 82 83 90 17 39 42 53 70 72 87 93 96 3 8 10 32 58 62 85 97 23 29 31 50 54 60 71 30 59 92 35 55 88 9 14 67 51 99 19 94 40
1 22
1 18
1 34
12 10
36 34
36 42
46 81
46 38
52 31
52 93
80 30
80 70
81 11
81 40
81 67
84 53
98 96
98 53
2 39
2 17
7 72
7 88
7 18
7 71
11 50
22 62
22 32
38 30
43 97
43 94
45 35
82 96
82 99
83 87
90 32
17 59
53 29
53 9
70 51
72 23
87 85
93 85
96 59
3 8
3 62
8 54
8 55
10 99
58 92
58 85
97 23
97 92
31 35
60 9
71 67
88 99
14 67
14 19