41 27 38 67 71 98 14 15 66 76 0 2 3 25 32 46 56 54 80 83 1 4 5 6 10 8 16 20 21 24 33 35 36 37 43 47 49 44 45 50 52 53 48 57 58 59 60 64 69 62 68 74 72 84 86 89 81 82 88 92 93 85 94
41 50
41 52
41 32
27 37
27 36
27 16
27 8
38 47
67 98
67 56
67 57
67 66
67 68
71 72
71 80
71 60
71 62
98 88
14 5
14 15
14 4
15 25
15 16
66 76
76 86
0 1
0 10
2 1
2 3
3 4
25 35
25 24
32 33
46 45
46 35
46 56
56 47
54 64
80 81
83 82
83 93
83 92
5 6
10 20
20 21
24 33
43 52
49 59
44 45
44 53
50 60
48 57
48 58
58 69
59 69
64 74
74 84
72 84
89 88
81 82
93 94
85 94