0 16 15 24 25 26 27 1 13 21 28 29 30 2 22 31 32 33 3 6 12 34 35 36 4 20 37 38 39 5 10 40 41 42 7 11 9 19 43 44 45 46 47 48 8 14 23 49 50 51 17 52 53 54 55 56 57 58 59 60 61 62 63 64 65 66 67 68 69 70 71 72 73 74 75 76 77 78 18 79 80 81 82 83 84 85 86 87 88 89 90 91 92 93 94 95 96 97 98 99
0 26
0 25
0 27
16 73
16 74
16 75
15 72
15 70
15 71
24 99
24 98
24 97
25 56
26 87
27 70
1 30
1 29
1 28
13 65
13 66
21 88
21 90
21 89
29 73
30 34
30 68
2 32
2 33
2 31
22 92
22 93
22 91
31 42
3 35
3 36
3 34
6 45
6 44
12 61
12 62
12 63
4 39
4 37
4 38
20 85
20 87
20 86
37 60
5 42
5 41
5 40
10 56
10 55
10 57
40 60
42 64
42 77
42 74
7 47
7 46
7 48
11 58
11 59
11 60
9 52
9 54
9 53
19 83
19 82
19 84
43 95
44 85
46 62
47 84
47 54
8 50
8 51
8 49
14 69
14 67
23 96
23 95
23 94
51 79
17 78
17 76
17 77
58 80
59 91
61 98
62 65
66 89
69 70
74 86
18 79
18 81
18 80
86 88
93 95