0 1 6 66 91 16 18 45 53 2 43 98 28 62 99 54 7 57 33 47 25 50 52 93 29 10 94 48 34 8 89 3 9 37 65 77 60 14 69 19 11 79 81 24 30 84 95 70 87 75 80 56 61 31 5 82 36 20 40 26 85 42 38 23 46 72 96 17 74 67 15 44 13 4 41 90 88 35 32 83 49 76 86 78 73 55 71 27 68 64 63 12 39 22 58 51 59 21 97 92
0 22
1 69
1 30
1 37
6 11
66 90
91 3
91 27
16 21
16 93
16 61
18 64
18 92
18 29
45 62
53 17
2 7
43 94
43 21
98 76
98 71
28 87
62 95
62 87
99 58
99 33
54 14
7 8
7 77
57 72
33 34
33 17
47 20
47 44
47 46
25 5
25 19
50 35
52 61
93 74
93 35
93 34
93 67
29 89
29 9
29 72
10 87
48 40
48 34
34 78
8 83
8 39
89 85
3 71
37 23
37 64
37 75
37 51
65 22
77 61
60 14
60 70
60 90
14 95
14 80
69 26
11 12
79 64
79 15
79 71
81 39
81 22
24 55
30 32
84 86
87 39
80 12
56 85
31 73
5 58
82 39
36 96
20 51
40 38
85 59
42 71
23 13
96 88
17 4
74 86
67 68
15 88
13 58
41 83
88 63
49 97
49 73
73 55
97 92