0 22 25 26 27 1 12 14 7 28 29 30 2 6 31 32 33 3 16 24 34 35 36 4 9 21 37 38 39 5 40 41 42 43 44 45 20 46 47 48 8 49 50 51 10 52 53 54 17 55 56 57 11 18 58 59 60 61 62 63 13 64 65 66 67 68 69 15 70 71 72 19 73 74 75 76 77 78 79 80 81 82 83 84 23 85 86 87 88 89 90 91 92 93 94 95 96 97 98 99
0 27
0 26
0 25
22 91
22 93
22 92
27 83
1 30
1 28
1 29
12 61
12 63
12 62
14 68
14 69
14 67
7 48
7 47
7 46
28 60
29 42
29 47
2 33
2 32
2 31
6 44
6 43
6 45
31 36
31 43
32 72
33 66
3 34
3 35
3 36
16 73
16 74
16 75
24 98
24 97
24 99
34 37
35 53
35 83
4 37
4 39
4 38
9 52
9 53
9 54
21 90
21 88
21 89
5 42
5 40
5 41
40 93
41 71
20 87
20 86
20 85
46 65
47 76
8 50
8 49
8 51
50 77
10 55
10 57
10 56
17 76
17 77
17 78
56 95
57 86
11 60
11 58
11 59
18 79
18 81
18 80
63 69
13 65
13 64
67 91
15 71
15 72
70 81
19 83
19 82
19 84
73 86
80 90
84 89
23 94
23 95
23 96
93 99
94 99