0 40 89 73 47 51 4 50 71 31 79 86 48 23 18 76 32 30 82 19 7 33 43 22 85 45 34 57 13 94 88 28 1 80 95 78 96 11 97 75 66 58 12 39 37 49 9 41 77 36 15 69 2 60 98 61 16 74 56 27 92 42 46 54 8 25 44 17 35 59 53 81 67 64 10 5 52 68 38 90 99 26 83 14 6 87 29 24 3 62 93 21 55 91 84 63 20 72 65 70
0 12
0 51
40 72
89 80
89 92
73 43
47 42
47 48
47 17
4 53
50 10
71 18
31 36
79 55
86 67
48 15
48 21
23 22
23 20
23 34
18 75
76 8
76 16
32 87
32 8
30 36
30 59
30 94
82 90
19 12
19 85
7 25
7 99
33 27
43 27
22 88
22 81
45 37
57 78
57 72
13 64
88 84
28 52
28 24
1 81
80 29
80 10
95 98
95 20
95 62
78 53
78 2
96 70
96 90
11 42
97 54
97 69
75 70
66 93
58 61
12 70
39 91
37 56
49 77
49 61
9 14
9 77
9 55
41 8
77 27
36 91
15 81
69 67
2 6
2 46
60 38
61 10
16 44
74 27
56 99
42 68
54 20
8 53
8 83
44 99
35 83
53 81
81 3
64 29
5 83
52 83
38 91
90 87
26 29
6 93
29 3
24 63
91 65
91 72