49 85 31 35 0 24 32 84 41 80 22 3 63 70 91 18 54 47 86 42 50 69 88 81 97 51 74 10 65 29 64 73 16 23 30 46 82 43 59 11 39 93 34 75 71 72 76 48 9 79 36 60 2 92 52 33 26 67 66 55 19 15 28 21 5 1 14 37 20 58 8 62 7 53 95 90 83 89 13 68 12 78 4 44 25 57 61 96 6 87 40 94 17 38 56 99 77 27 45 98
49 78
49 96
49 29
85 24
85 6
31 88
31 53
35 87
0 99
0 12
0 5
24 42
24 97
24 33
24 63
32 43
84 93
84 70
84 63
84 23
41 81
80 99
80 82
22 7
3 33
3 26
3 56
63 75
63 71
70 2
70 83
91 46
18 77
54 95
47 57
86 27
86 43
86 37
42 87
50 29
69 45
69 7
88 93
88 90
88 76
81 16
81 4
81 51
97 39
51 52
74 78
10 65
65 73
65 14
29 79
29 21
29 48
64 45
64 94
73 2
73 19
73 60
30 39
46 20
43 21
59 12
59 8
11 77
34 58
75 15
71 89
72 36
72 79
9 25
9 36
36 98
60 58
92 94
33 28
67 17
66 98
55 6
55 77
55 61
19 4
15 5
28 68
28 95
28 44
21 1
1 62
20 25
62 38
62 13
78 17
44 38
25 40
57 27
61 94