0 1 36 45 48 49 50 51 53 54 56 58 59 61 68 69 70 80 81 82 83 84 85 86 87 88 89 90 91 92 93 94 95 96 97 98 99 2 25 15 3 4 41 43 5 26 6 13 35 7 8 18 12 9 30 42 10 40 11 38 20 27 14 16 23 17 21 19 29 28 32
0 1
0 56
0 36
0 59
0 80
0 50
0 48
0 58
0 69
1 96
1 95
1 85
1 92
1 89
1 83
1 88
1 82
1 84
1 98
1 97
36 26
36 3
45 2
49 6
51 8
53 10
54 11
61 19
68 28
70 30
81 42
86 8
87 9
90 12
91 13
93 16
94 17
95 19
99 25
2 25
2 15
15 6
3 4
4 43
4 41
43 7
5 26
26 35
6 35
6 13
35 14
8 12
8 18
18 19
18 10
12 27
9 42
9 30
42 23
42 32
42 40
10 40
11 38
11 20
38 29
20 17
27 29
16 23
17 21
28 32