0 1 2 3 4 5 6 8 10 11 12 13 14 15 16 18 20 21 22 23 24 25 26 27 28 29 30 32 33 34 35 36 37 38 39 40 41 42 45 46 49 50 53 54 55 57 58 59 60 61 62 65 66 69 70 73 74 76 77 78 80 81 82 83 85 86 87 89 90 91 92 93 94 97 98
0 33
0 34
0 5
0 27
0 6
1 36
1 15
2 5
2 38
3 16
3 8
3 39
4 42
4 32
4 41
5 21
6 30
6 46
6 24
6 45
8 50
8 15
8 49
10 25
10 28
10 54
11 23
11 55
12 57
12 58
12 30
12 28
13 59
13 22
14 61
14 62
14 21
16 66
16 23
16 65
18 69
18 32
18 70
20 73
20 23
21 76
21 26
22 77
23 80
24 82
25 83
26 86
26 85
27 87
28 89
28 90
29 91
29 32
30 93
30 94
32 97
32 98
33 35
34 36
37 39
38 40
53 55
57 59
58 60
74 76
78 80
81 83
89 91
90 92