0 6 25 26 27 1 15 2 28 29 30 14 31 32 33 3 19 9 34 35 36 4 12 37 38 39 5 20 40 41 42 18 10 43 44 45 7 11 46 47 48 8 49 50 51 52 53 54 23 16 55 56 57 22 24 58 59 60 61 62 63 13 64 65 66 21 67 68 69 70 71 72 73 74 75 17 76 77 78 79 80 81 82 83 84 85 86 87 88 89 90 91 92 93 94 95 96 97 98 99
0 26
0 27
0 25
6 44
6 45
6 43
25 52
1 28
1 30
1 29
15 70
15 72
15 71
2 31
2 32
29 59
30 74
14 68
14 69
14 67
32 57
33 87
3 35
3 36
3 34
19 82
19 83
19 84
9 54
9 52
9 53
34 64
35 54
4 37
4 38
4 39
12 61
12 63
12 62
38 77
38 97
5 42
5 40
20 86
20 85
20 87
40 44
41 51
42 88
18 79
18 80
10 56
10 57
45 84
45 95
7 47
7 46
7 48
11 58
11 59
11 60
48 79
48 74
8 49
8 51
8 50
49 70
51 92
52 81
53 62
23 94
23 95
23 96
16 73
16 75
16 74
55 91
56 93
57 99
22 91
22 92
22 93
24 97
24 99
58 86
63 67
13 66
13 64
13 65
64 77
21 88
21 89
21 90
17 77
17 76
17 78
77 98
79 89
82 92