0 3 6 8 9 13 14 16 21 25 26 36 46 52 53 54 55 57 65 66 67 71 72 76 80 81 88 89 1 2 4 10 15 19 22 23 28 31 35 38 44 49 50 51 63 64 68 70 75 77 82 96 98 7 32 33 40 41 48 60 62 73 90 5 12 17 39 47 58 78 85 93 97 27 45 79 83 87 94 11 20 37 42 59 61 69 95 30 43 24 84 86 91 92 99 74 34 29 56 18
0 81
0 65
3 65
6 40
8 16
9 11
9 95
13 84
13 66
14 85
14 86
14 28
16 63
16 60
21 47
25 11
25 71
26 68
36 7
46 48
52 49
52 10
53 35
54 83
54 82
55 24
57 12
57 99
65 29
65 47
66 11
67 24
72 61
72 41
72 73
76 1
76 60
76 37
80 18
80 28
81 17
88 32
88 20
89 99
89 1
1 68
1 35
2 41
4 19
10 79
15 38
15 48
15 69
19 47
19 56
22 31
23 64
28 78
31 61
35 93
38 47
38 98
38 77
44 73
49 58
49 75
49 11
50 63
50 97
51 92
64 27
64 73
70 41
82 37
82 92
96 79
98 87
98 40
7 92
32 39
33 18
40 30
41 47
41 79
48 24
48 85
62 92
62 90
5 61
93 43
27 92
45 83
79 34
94 69
20 91
20 86
42 69
59 29
74 29