0 1 2 3 4 5 6 7 8 10 12 13 15 16 18 19 20 21 22 23 24 27 28 29 30 31 32 34 35 38 39 44 47 49 51 52 53 54 55 58 59 63 64 65 68 69 70 71 72 73 75 79 81 82 83 84 85 86 87 88 89 90 92 93 94 96 97 98
0 5
1 16
1 7
1 39
1 4
1 5
2 3
2 4
2 13
2 47
3 20
3 22
5 73
5 12
6 18
7 32
7 96
8 35
8 10
10 32
10 92
13 21
15 39
16 18
16 53
19 21
20 82
22 79
23 30
23 90
23 89
23 24
23 51
24 86
27 34
28 49
28 94
29 32
29 30
31 34
32 52
34 92
34 68
38 39
38 44
39 63
47 81
49 75
52 94
54 63
54 55
58 83
58 59
59 82
63 84
63 65
64 92
69 93
70 93
70 92
71 92
71 72
85 88
86 87
88 89
96 98
97 98