22 87 47 38 5 33 34 27 61 7 59 80 9 81 14 71 74 42 28 83 16 18 2 15 51 68 49 17 66 76 45 57 78 69 40 12 23 77 32 65 56 1 62 39 19 41 64 85 36 25 0 24 35 75 82 52 44 58 86 37 13 10 26 50 55 73 53 30 67 79 6 8 46 31 84 70 4 48 21 11 63 60 29 54 72 20 43 3
22 74
22 76
22 25
22 80
22 70
22 28
22 62
22 27
22 32
22 2
22 61
22 30
22 31
22 36
22 53
22 18
22 54
22 38
22 84
22 87
22 23
22 45
87 24
87 55
87 8
87 0
87 35
87 65
87 81
87 46
87 21
87 82
87 5
87 52
87 17
87 58
87 85
87 6
87 13
87 59
87 44
87 50
87 60
87 39
87 26
87 11
87 49
87 10
87 78
87 37
87 77
87 4
87 75
87 42
87 69
87 64
87 9
87 43
87 34
87 83
87 68
87 56
87 3
87 86
87 72
87 67
87 29
87 33
87 79
87 1
87 48
87 63
87 71
87 41
87 19
87 66
87 7
87 73
87 14
87 51
87 15
87 16
87 47
87 12
87 57
40 82
79 20