0 1 2 3 4 10 11 13 14 17 19 20 23 24 25 26 27 28 31 33 34 35 36 37 39 40 41 42 44 45 46 48 49 50 54 55 58 60 61 63 64 65 66 67 68 69 72 74 75 76 78 79 80 81 84 85 87 90 96 97
0 74
0 44
0 78
1 90
2 65
3 75
4 46
4 44
10 34
10 26
10 14
11 90
13 80
14 90
17 96
17 80
19 23
20 90
23 76
23 69
23 42
24 31
24 55
25 64
27 90
27 96
27 41
28 68
31 85
33 75
35 90
36 72
36 55
36 45
37 75
39 87
40 90
44 79
45 63
48 78
49 69
50 54
50 67
54 69
54 64
54 90
54 55
55 68
58 85
60 96
61 74
61 65
61 87
64 78
66 85
68 75
69 97
79 84
81 97