0 4 21 26 27 28 30 31 32 35 38 42 44 46 1 2 48 49 50 51 52 53 54 55 56 57 58 59 60 61 62 63 64 65 3 70 71 73 74 75 80 82 83 84 6 86 87 88 89 90 91 92 93 94 95 96 97 98 99 10 5 7 22 8 16 11 13 12 15 25 24 14 19 17 20 18 23
0 21
0 42
0 27
0 38
0 4
0 28
0 30
0 26
4 10
21 23
21 96
31 7
32 8
35 11
44 22
46 24
1 2
1 49
1 51
1 54
1 63
1 59
1 62
1 61
1 53
1 57
1 65
2 3
2 74
2 70
2 75
2 82
48 3
50 6
51 7
52 8
55 11
56 13
58 16
60 19
64 24
3 6
3 92
3 94
3 98
3 89
3 95
3 88
71 8
73 10
80 20
83 23
84 24
86 7
87 10
90 14
91 15
93 18
97 22
99 24
5 22
5 7
22 18
22 25
8 16
16 15
11 13
13 24
12 25
12 15
15 19
25 20
25 24
14 19
17 20
18 23