7 28 35 37 42 44 49 51 56 58 63 65 84 91 14 21 70 77 18 25 32 39 40 46 47 53 54 60 61 67 68 74 81 34 41 48 55 62 69 6 13 27 90 97 98 0 3 10 15 22 31 29 38 36 45 43 52 50 59 57 66 64 71 78 87 94
7 10
7 6
28 31
28 29
28 27
28 25
35 38
35 36
35 34
35 32
37 40
37 41
42 45
42 43
42 41
44 47
44 48
49 52
49 50
49 48
51 54
51 55
56 59
56 57
56 55
58 61
58 62
63 66
63 64
63 62
65 68
65 69
84 87
84 81
91 94
91 90
14 15
14 13
21 22
21 18
70 71
70 69
77 78
77 74
18 15
25 22
32 29
39 36
39 40
46 43
46 47
53 50
53 54
60 57
60 61
67 64
67 68
74 71
81 78
6 3
13 10
90 87
97 98
97 94
0 3