0 5 8 15 17 19 27 28 33 46 47 49 50 1 6 7 9 13 21 24 25 30 54 60 67 69 2 26 92 3 16 29 77 4 11 12 14 42 51 97 20 22 23 62 99 35 36 44 88 98 43 59 61 31 32 52 72 83 89 95 40 71 78 63 45 90 58 79 64 81
0 27
0 33
0 47
0 50
5 22
5 14
5 46
8 1
8 11
15 12
15 14
17 63
17 67
17 16
19 98
19 90
28 43
33 25
33 26
33 43
33 44
49 59
1 7
1 13
6 44
6 98
6 35
9 20
9 13
9 23
13 61
21 60
24 88
24 23
25 36
25 79
30 45
30 20
54 58
54 59
60 22
67 20
69 16
2 92
2 26
26 64
26 42
26 83
3 77
29 72
77 20
4 12
4 97
11 99
11 32
12 35
12 31
14 89
42 40
51 63
23 95
62 81
99 35
59 61
32 78
52 79
52 81
72 90
71 78