0 1 4 5 6 7 11 12 13 14 17 18 19 24 28 30 31 32 35 36 39 40 42 43 45 46 49 50 53 54 59 61 64 66 67 68 70 71 77 80 81 84 85 86 90 91 92 95 96 99 2 3 9 15 16 20 21 26 27 29 37 41 44 47 48 51 56 57 58 62 63 69 73 76 79 82 93 94 8 10 33 38 52 75 78 88 89 23 34 60 72 83 98 25 55 65 22 87 74 97
0 14
1 14
4 49
4 77
5 29
5 13
5 64
6 30
7 90
11 2
11 72
11 56
12 58
12 83
12 21
13 71
14 62
14 26
14 67
14 77
14 66
14 81
17 74
18 28
19 54
19 23
19 10
24 47
24 66
24 88
28 82
28 46
28 56
30 23
30 53
31 84
31 16
31 79
32 26
35 42
36 54
36 21
36 52
36 68
39 73
40 97
40 22
42 70
43 59
43 61
45 27
46 21
46 91
49 41
50 62
59 93
59 69
61 62
61 22
67 60
70 92
71 55
71 27
77 23
80 26
81 76
85 92
86 75
90 92
90 76
95 29
95 48
96 58
96 25
99 37
99 52
99 38
99 44
99 8
3 48
9 29
15 87
16 22
20 37
27 60
44 51
47 34
47 63
48 57
51 89
69 87
73 74
73 82
94 55
10 78
33 98
33 75
75 83
55 65