0 25 50 81 91 71 40 45 3 19 22 44 60 1 2 4 5 6 7 9 23 38 39 48 57 61 62 63 64 65 66 67 68 69 72 73 74 75 76 77 78 79 90 18 26 8 10 27 28 29 30 31 32 33 34 35 51 52 53 54 55 56 58 59
0 71
0 1
0 2
0 4
0 6
0 7
0 8
0 9
0 10
0 18
25 26
25 27
25 28
25 29
25 30
25 31
25 32
25 33
25 34
25 35
25 50
25 22
50 51
50 52
50 53
50 54
50 55
50 56
50 57
50 58
50 59
50 60
81 90
81 60
91 90
71 3
71 5
71 44
71 72
71 57
40 44
40 39
45 44
45 48
19 18
22 23
60 61
38 39
61 62
62 63
63 64
64 65
65 66
66 67
67 68
68 69
72 73
73 74
74 75
75 76
76 77
77 78
78 79