0 10 24 25 26 27 1 16 23 12 28 29 30 2 6 21 18 31 32 33 3 13 34 35 36 4 37 38 39 5 9 40 41 42 17 43 44 45 7 46 47 48 8 49 50 51 52 53 54 55 56 57 11 15 58 59 60 61 62 63 64 65 66 14 67 68 69 22 70 71 72 73 74 75 76 77 78 79 80 81 19 20 82 83 84 85 86 87 88 89 90 91 92 93 94 95 96 97 98 99
0 27
0 26
0 25
10 56
10 55
10 57
24 98
24 97
24 99
25 50
27 54
27 74
27 57
1 30
1 29
1 28
16 75
16 73
16 74
23 95
23 94
23 96
12 61
12 62
28 72
2 33
2 31
2 32
6 43
6 45
6 44
21 88
21 90
21 89
18 79
18 80
18 81
31 96
3 34
3 35
3 36
13 65
13 66
13 64
36 54
4 38
4 37
4 39
38 82
39 87
5 40
5 42
5 41
9 53
9 54
9 52
40 92
41 47
42 84
17 76
17 77
17 78
43 50
7 48
7 46
7 47
8 49
8 51
8 50
51 98
55 69
56 88
11 59
11 58
11 60
15 72
15 70
15 71
58 78
61 74
62 70
63 89
64 72
14 69
14 67
14 68
22 92
22 91
70 87
71 77
71 94
80 94
19 84
19 82
19 83
20 85
20 86
20 87
85 93