44 42 35 36 38 28 29 27 30 39 40 31 32 33 25 26 15 14 5 6 2 7 0 1 12 11 4 13 16 18 19 17 53 51 62 61 54 63 66 68 69 55 64 52 56 57 58 50 59 65 76 75 77 78 85 88 86 80 89 81 92 91 93 67 72 71 41 43 46 47
44 38
42 36
35 28
35 36
38 30
38 41
38 43
28 26
29 27
27 31
27 30
27 26
30 39
39 40
40 53
31 32
33 25
25 26
26 15
15 14
14 5
5 2
5 13
6 2
6 7
2 4
2 1
0 1
12 11
12 13
11 17
13 19
13 16
13 18
53 51
51 50
51 52
62 61
62 63
61 67
54 52
63 69
63 55
63 66
63 68
66 71
66 72
55 52
55 64
64 65
52 56
56 57
58 50
50 59
65 76
76 75
76 78
76 77
77 81
77 80
78 85
85 86
88 80
88 91
88 93
86 92
80 89
41 46
41 47