0 1 2 3 4 5 6 7 8 9 10 11 12 13 14 15 16 17 18 19 20 21 22 23 24 25 26 27 28 29 30 31 32 33 34 35 36 37 38 39 40 41 42 43 44 45 46 47 48 49 50 51 52 53 54 55 56 57 58 59 60 61 62 63 64 65 66 67 68 69 77 79 82 83 84 88 92 70 71 72 73 74
0 31
0 49
1 15
1 62
1 40
2 83
2 41
3 10
4 42
5 18
5 67
6 53
6 35
7 9
8 46
9 67
9 10
11 65
12 17
12 37
12 26
13 14
13 45
15 72
15 47
15 32
16 83
16 54
16 30
16 37
17 38
18 58
18 73
19 21
19 79
20 46
21 68
21 31
21 44
21 66
22 45
22 62
23 46
24 79
25 65
25 63
25 53
27 32
28 63
28 34
29 73
33 79
36 63
39 92
42 92
43 51
44 77
44 65
46 49
48 68
49 50
51 55
51 56
52 73
54 68
56 72
56 65
56 84
57 73
59 66
60 77
61 92
61 77
64 70
64 72
65 74
68 73
69 82
82 84
83 88
92 71