0 29 32 33 51 56 76 1 27 38 79 2 4 13 40 41 52 70 77 47 53 63 5 31 39 6 12 28 50 57 17 83 14 44 54 66 9 65 67 10 34 61 64 69 86 11 16 84 94 80 15 62 73 90 26 85 42 60 99 18 19 81 20 71 21 30 23 87 97 24 37 25 78 48 75 58 68 92 36 96 98 91 43 49 59 93 74 82 88
0 56
29 56
29 13
29 57
32 69
32 44
32 23
32 12
33 90
51 69
51 85
56 19
56 18
76 70
76 91
76 96
1 38
27 41
38 90
79 10
2 4
2 70
4 63
13 90
40 90
40 25
41 86
52 75
52 36
52 54
77 39
77 75
47 94
53 87
53 50
5 39
31 92
31 68
39 15
6 28
12 83
12 80
28 14
28 16
57 92
17 99
83 24
83 81
44 10
54 82
54 26
54 78
66 21
66 88
9 65
65 49
65 98
67 19
10 86
34 58
34 16
61 84
61 60
61 42
64 94
69 91
86 42
86 98
11 16
16 85
94 24
62 87
73 68
90 30
99 20
81 59
20 71
71 87
71 91
23 97
37 96
78 74
48 36
48 93
75 88
68 49
36 96
98 43