0 79 1 61 44 60 31 21 64 73 33 92 56 93 52 39 59 32 98 6 48 28 65 94 49 90 86 22 16 74 10 26 53 55 81 37 77 46 88 76 67 2 34 70 97 85 3 99 8 13 4 87 78 54 82 57 42 29 71 15 58 50 24 47 84 69 25 36 80 91 62 38 96 66 40 27 18 9 68 7 19 17 43 41 23 51 45 83 11 72 89 5 12 30 75 14 63 35 20 95
0 79
79 94
79 53
79 45
79 12
1 65
61 47
44 35
60 99
60 15
31 25
31 67
31 4
21 2
64 93
73 89
33 86
33 48
92 52
92 76
56 51
93 48
52 4
52 3
39 34
39 94
39 98
39 24
59 26
32 66
98 51
98 84
6 46
6 13
48 83
28 40
28 80
65 81
65 89
65 70
94 75
94 17
94 90
49 5
49 34
86 88
22 14
22 47
22 88
16 47
74 78
74 62
10 35
10 43
26 82
53 36
55 72
81 96
37 5
37 7
77 66
77 70
46 68
46 35
46 11
67 38
67 42
67 54
2 15
2 50
34 91
70 19
97 85
97 12
97 95
8 13
8 72
87 42
87 19
54 35
82 29
82 5
57 51
42 9
29 63
71 15
58 18
50 96
24 30
69 38
36 41
62 11
62 27
40 89
27 20
18 9
23 75
11 14
75 35