0 4 7 13 14 18 22 23 24 30 38 43 52 55 56 65 67 68 70 73 80 91 93 95 99 1 6 17 26 34 46 48 57 63 66 71 75 82 90 92 98 2 16 28 29 35 40 42 47 49 51 53 54 58 60 61 77 78 79 83 87 3 5 21 31 33 37 39 41 50 62 69 76 81 96 97 9 36 59 84 11 12 45 89 10 19 27 88 8 20 25 74 85 32 86 94 15 44 64 72
0 73
0 23
0 38
0 14
4 55
7 65
13 40
13 27
13 64
14 84
18 74
22 50
22 48
23 39
23 21
23 44
24 81
30 71
30 10
38 57
43 54
43 60
52 55
55 59
55 17
55 88
55 26
56 62
56 69
56 53
65 37
67 68
67 83
70 81
73 90
80 48
80 89
91 88
93 15
93 40
93 35
95 20
99 32
1 63
6 17
17 74
17 47
26 94
26 49
34 35
46 94
46 11
48 97
48 25
57 77
63 3
63 36
66 40
66 41
71 31
75 78
75 50
82 81
90 2
92 33
92 61
98 3
98 76
98 58
2 29
2 42
16 83
28 64
28 85
29 87
51 94
58 62
60 89
78 83
79 69
83 39
83 72
83 15
5 11
21 19
33 59
33 64
37 9
41 20
41 45
62 8
69 96
69 32
81 27
96 10
9 89
84 10
12 27
86 94