66 80 33 84 78 77 14 17 13 15 32 12 16 5 47 18 23 61 35 8 38 6 4 24 27 20 43 48 59 52 56 65 37 44 64 54 57 39 3 0 1 2 21 31 46 49 60 63 67 25 83 68 45 26 50 72 28 53 36 55 41 58
66 78
66 80
66 84
33 58
33 41
33 78
33 25
84 77
77 14
14 17
14 13
14 15
17 18
17 36
15 32
12 16
16 18
16 47
16 61
16 5
47 53
23 48
23 25
23 46
23 26
61 35
8 6
8 38
6 24
6 4
4 3
4 2
24 27
27 28
20 43
43 52
43 59
43 48
48 37
48 65
52 56
65 72
37 44
44 54
44 57
64 25
64 68
64 83
54 39
3 0
3 21
3 31
0 1
1 63
46 49
46 60
60 63
63 67
45 50
45 26
36 55