0 2 3 7 10 11 12 13 14 15 17 18 19 21 22 23 24 27 29 30 31 33 34 36 37 39 41 42 44 46 47 48 50 51 53 58 59 60 61 63 64 65 66 67 68 69 71 72 75 77 78 80 81 82 83 84 86 89 95
0 33
2 60
3 58
7 19
7 11
10 69
10 58
10 61
12 51
12 30
13 67
13 48
13 95
14 61
14 42
14 71
14 84
15 24
15 46
17 41
18 58
19 81
19 30
21 37
21 41
22 64
22 71
23 69
23 46
27 65
29 51
30 50
30 83
31 53
33 42
33 67
34 50
36 47
37 86
37 83
39 63
39 42
42 72
44 82
47 50
50 75
50 53
50 68
51 66
58 80
59 89
59 60
64 81
65 71
66 77
71 89
71 78
80 82