0 80 95 7 86 23 83 81 35 24 1 67 89 72 88 18 34 14 99 3 78 52 10 26 39 5 4 92 77 17 94 43 13 42 27 61 70 6 56 49 58 20 51 85 21 38 84 32 90 98 53 66 75 15 29 44 74 93 19 97 46 33 87 63 41 37 82 65 62 60 69 79 50 48 57 71 96 64
0 81
0 80
95 6
7 20
86 38
86 96
23 94
83 5
83 26
81 99
81 39
81 87
35 85
35 48
35 50
24 77
24 43
1 72
67 78
89 64
89 94
72 74
72 51
88 13
88 57
18 93
34 58
34 43
14 27
14 61
99 21
3 10
3 39
78 82
78 38
78 15
78 29
52 98
39 93
5 42
4 17
4 94
92 27
92 56
77 90
77 27
77 49
94 20
43 21
43 6
13 84
42 97
61 46
61 60
70 58
20 97
20 98
21 75
21 33
38 97
38 57
32 37
32 97
90 63
90 50
98 53
98 41
98 19
53 74
53 69
66 65
66 64
75 44
74 63
93 71
33 79
33 62