0 35 42 13 66 71 73 74 76 77 78 79 80 83 86 87 88 89 90 91 94 95 18 2 11 3 30 9 33 6 61 50 7 54 8 10 39 28 12 64 14 47 51 15 37 16 48 58 17 44 36 19 20 26 21 22 25 29 31 43 45 32 49 55 34 53 38 62 59
0 13
0 42
0 94
0 35
0 78
0 74
0 90
0 88
0 87
0 77
0 66
0 91
0 80
35 53
42 50
42 62
13 12
71 10
73 14
76 18
79 21
83 25
86 28
89 31
95 38
18 39
18 36
2 11
2 3
11 28
3 30
30 7
30 43
30 17
9 50
33 8
33 55
6 61
6 50
61 59
61 36
61 58
7 54
8 10
10 39
28 26
12 64
64 15
14 47
14 51
47 38
51 29
15 37
16 48
16 58
48 19
58 25
58 22
17 44
44 32
44 21
20 26
29 31
31 45
43 59
45 55
32 49
49 34