0 27 29 31 32 33 36 37 38 39 40 41 43 44 47 49 54 55 57 65 66 74 75 80 86 94 97 99 1 28 34 48 50 59 62 63 67 73 76 78 79 82 96 98 2 30 35 42 45 51 52 60 68 69 83 84 3 58 72 4 46 53 61 70 87 88 90 92 95 5 56 64 77 85 89 91 6 7 71 81 93 8 9 10 11 12 13 14 15 16 17 18 19 20 21 22 23 24 25 26
0 27
27 46
27 5
27 17
29 57
29 49
31 12
31 66
32 30
32 68
32 10
32 22
32 74
33 42
36 48
36 85
37 69
37 64
37 43
38 16
38 85
38 72
38 6
39 88
39 60
39 28
40 97
40 63
40 1
41 84
41 44
41 77
43 95
43 3
43 35
43 19
43 18
44 21
44 57
47 23
47 94
49 79
54 34
54 97
54 4
54 92
55 21
57 42
65 34
65 62
75 67
80 2
86 56
94 52
94 11
97 90
99 12
1 73
28 7
28 70
28 5
28 9
28 25
34 52
48 8
50 3
59 64
62 20
67 82
67 20
73 93
76 88
78 45
79 8
79 56
96 77
98 35
98 26
2 60
30 70
42 52
42 7
45 5
51 83
68 15
69 24
69 84
83 71
84 13
84 71
58 91
58 13
4 61
46 14
53 91
87 16
95 12
64 89
91 81