0 8 27 28 29 30 32 36 40 41 43 45 46 1 16 12 47 48 52 56 57 59 60 62 2 3 22 65 66 67 68 69 70 71 72 73 74 75 76 78 79 80 15 9 82 83 88 90 91 97 99 4 5 19 6 18 7 20 10 23 14 11 26 17 25 24
0 8
0 45
0 46
0 36
0 43
0 28
8 12
8 7
8 68
27 1
29 3
30 4
32 6
40 19
41 20
45 25
1 12
1 16
1 62
1 57
16 4
16 71
12 6
12 26
47 2
48 3
52 10
56 19
59 22
60 23
2 3
2 22
2 70
2 69
2 74
2 67
2 80
2 73
2 66
2 79
2 65
2 76
3 9
3 15
3 90
3 97
3 99
3 83
22 24
72 17
75 20
78 23
15 19
9 20
82 6
88 14
91 17
5 19
6 18
10 23
10 14
14 11
14 17
26 24
17 25