17 76 73 66 36 63 82 91 6 42 35 58 41 86 88 95 67 43 90 46 62 56 44 60 53 78 40 75 69 28 51 71 54 37 19 64 99 39 22 2 12 11 8 13 33 3 9 97 7 32 29 72 10 70 79 85 77 52 45 50 57 47 92 96 0 93 15 14 23 87 30 16 65 24 49 83 26 59 80 98 84 31 34 38 94 1 20 81 89 4 74 68 5 18 25 48 27 55 61 21
17 51
76 68
73 69
73 14
66 95
66 56
66 45
66 72
36 87
63 50
82 48
82 8
91 42
91 78
6 79
42 95
42 35
42 37
35 80
58 4
58 67
58 19
41 95
41 18
86 78
86 2
86 12
88 56
95 60
95 90
95 51
95 21
67 81
43 77
90 27
46 53
62 32
62 61
44 37
44 48
53 49
78 26
78 83
40 99
75 37
69 7
28 31
71 30
71 33
71 94
54 84
54 52
37 97
37 33
19 70
64 96
99 33
99 74
39 74
22 31
2 96
11 1
11 0
8 79
8 98
13 80
3 77
3 34
3 38
9 93
97 55
97 65
7 89
7 57
32 87
32 59
32 68
29 74
72 5
72 15
10 24
70 49
70 24
85 52
77 52
52 87
45 16
45 89
50 23
47 24
92 74
92 25
96 20
93 1
23 26
24 80
49 1
59 74
31 68