0 24 32 38 41 68 72 86 1 8 30 77 2 11 15 26 27 43 50 59 84 89 95 3 10 39 49 65 76 91 4 17 56 94 5 9 19 20 60 90 6 18 34 52 7 28 71 73 31 58 75 82 23 67 80 12 25 36 53 93 97 13 85 14 47 51 54 96 64 46 62 63 70 57 22 29 69 40 87 55 92 37 98 33 79 35 61 48 74 42 99 81 66 83
0 32
24 1
32 73
38 61
41 27
68 40
72 59
72 67
72 40
72 46
86 95
86 66
1 77
1 8
30 23
30 37
30 98
77 60
77 51
2 89
2 15
2 43
11 23
15 64
15 49
26 34
27 36
50 91
50 87
50 42
59 53
59 81
84 73
84 39
84 47
84 75
84 79
89 58
89 80
89 54
95 33
3 39
3 91
10 60
39 19
49 92
65 53
65 9
76 7
76 29
76 62
4 94
17 46
56 69
56 35
94 90
94 13
5 19
19 70
20 64
20 57
20 82
60 29
90 92
90 23
90 61
6 52
6 18
18 96
34 25
52 71
7 28
28 73
73 36
31 25
75 85
67 55
12 36
12 97
12 25
12 93
53 33
93 83
14 47
96 87
64 29
64 46
63 29
57 69
22 29
37 48
79 99
48 74