1 2 3 4 5 6 7 8 9 11 12 13 14 15 16 17 18 19 20 22 23 24 25 26 27 28 29 30 31 32 33 34 35 36 37 38 39 40 41 42 43 45 46 49 50 51 52 53 54 55 56 57 58 59 60 61 62 63 64 65 66 67 68 69 70 72 73 74 75 76 77 79 80 82 83 84 85 86 87 93 94 95 96 97 98 99
1 2
1 25
2 19
3 4
4 68
4 5
6 30
7 79
8 28
8 9
11 83
12 13
13 63
13 14
14 15
14 51
15 16
16 68
16 57
16 17
17 18
18 19
20 70
22 23
22 56
23 99
24 87
24 82
25 33
25 26
27 28
28 52
29 72
30 31
31 32
32 33
33 45
34 37
35 93
36 72
37 38
38 39
38 79
38 98
39 70
39 40
40 41
42 43
43 84
46 94
46 64
49 84
49 60
50 51
52 77
53 67
54 55
55 56
56 57
57 79
58 67
59 97
61 62
62 63
65 87
65 66
66 67
67 68
69 73
69 96
72 73
74 75
75 76
75 80
76 77
79 80
80 93
83 84
84 85
85 97
85 86
93 94
94 95
95 96
96 97