0 12 6 32 34 39 40 42 47 48 51 53 55 1 21 2 59 60 61 62 63 64 65 66 67 68 70 71 72 73 74 75 76 77 78 17 79 82 83 84 88 94 96 3 25 31 4 18 8 7 19 28 9 20 11 13 27 26 22 14 15 16 29 33 23 24
0 32
0 6
0 40
0 34
0 12
0 39
0 42
0 55
12 22
6 59
32 14
32 33
32 16
34 1
47 19
48 21
51 25
53 29
1 2
1 21
1 77
1 75
1 67
1 76
1 74
1 60
2 17
2 94
2 96
2 82
61 9
62 13
63 14
64 15
65 16
66 17
68 20
70 22
71 23
72 24
73 27
78 33
17 29
17 11
79 3
83 8
84 9
88 14
96 25
3 25
3 31
25 19
31 18
31 24
4 18
4 8
8 28
7 19
9 20
20 33
11 13
11 27
11 26
26 23
14 15