38 14 15 91 87 6 33 34 86 16 76 57 19 29 31 55 56 20 9 13 92 59 45 79 40 32 98 28 61 96 47 23 30 81 82 90 44 65 52 43 67 36 80 70 50 7 2 71 24 68 26 42 72 99 25 46 77 83 8 60 62 49 75 84 94 63 35 95 69 3 11 27 97 73 1 5 39 74 89 37 22 64 48 66 21 10 78 18 58 88 51 17 12 53 41 85 4 54 93 0
38 14
14 15
15 91
91 87
91 75
87 6
6 33
33 93
34 45
34 65
86 54
16 76
16 23
76 54
57 92
57 18
19 29
29 77
31 3
31 60
55 69
56 39
20 92
9 13
13 58
92 12
92 4
92 59
59 45
59 98
45 79
40 22
40 32
28 61
28 43
96 85
47 23
23 30
30 74
30 81
82 83
82 90
90 7
90 44
52 43
43 74
43 67
67 41
36 80
80 69
80 48
80 93
70 41
70 50
7 73
2 71
2 17
2 95
24 68
68 26
26 4
26 42
42 72
72 99
25 46
46 4
46 77
46 84
8 37
8 60
60 27
62 27
49 75
75 84
84 94
63 35
35 95
11 27
11 88
27 97
97 73
1 5
5 39
39 74
89 37
22 64
64 48
48 66
21 93
21 10
10 78
58 41
58 88
51 17
17 12
12 53
53 41
85 4
93 0