25 18 20 42 57 75 68 79 84 92 0 5 8 14 24 29 32 34 38 39 70 50 55 58 64 69 71 82 88 1 2 4 6 10 12 15 19 21 22 23 28 30 31 33 35 36 45 60 72 74 83 85 86 89 9 11 13 16 26 27 49 37 40 44 46 47 73 96 97 98 17 3 41 43 48
25 10
25 26
25 20
25 27
25 28
18 16
18 17
18 2
18 19
20 21
20 19
20 3
42 40
42 41
42 34
42 43
42 45
57 55
57 58
57 89
75 60
75 79
68 2
79 82
79 71
84 83
84 86
84 92
0 1
0 2
0 4
5 6
5 8
8 11
14 23
14 24
14 13
24 22
24 38
29 30
29 31
29 32
32 35
34 49
34 33
34 36
38 47
38 37
39 40
70 71
70 27
70 69
50 55
64 73
64 74
82 85
88 74
88 97
88 89
1 98
10 12
10 9
12 13
12 11
15 16
19 44
33 35
45 44
72 73
83 85
46 47
46 48
96 97
96 98