35 34 36 37 38 39 40 41 42 43 44 45 15 46 14 16 47 48 49 50 51 52 53 54 55 56 57 58 59 60 61 62 63 64 65 66 67 17 18 19 20 21 22 23 24 25 26 27 28 29 30 31 32 33 13 12 11 10 9 8 7 6 5 4 3 2 1 0
35 36
35 34
34 33
36 37
37 38
38 39
39 40
40 41
41 42
42 43
43 44
44 45
45 15
15 47
15 49
15 50
15 48
15 16
15 14
15 46
14 13
16 17
50 51
51 52
52 53
53 54
54 55
55 56
56 57
57 58
58 59
59 60
60 61
61 62
62 63
63 64
64 65
65 66
66 67
17 18
18 19
19 20
20 21
21 22
22 23
23 24
24 25
26 27
27 28
28 29
29 30
30 31
31 32
32 33
13 12
12 11
11 10
10 9
9 8
8 7
7 6
6 5
5 4
4 3
3 2
2 1
1 0