0 21 25 26 27 1 6 28 29 30 2 15 20 14 31 32 33 3 10 34 35 36 4 13 9 37 38 39 5 8 40 41 42 17 43 44 45 7 11 46 47 48 49 50 51 52 53 54 12 55 56 57 58 59 60 61 62 63 22 23 64 65 66 24 67 68 69 18 70 71 72 16 73 74 75 76 77 78 19 79 80 81 82 83 84 85 86 87 88 89 90 91 92 93 94 95 96 97 98 99
0 27
0 26
0 25
21 89
21 88
21 90
25 89
27 32
1 28
1 29
6 43
6 45
6 44
28 48
28 39
29 96
30 94
2 32
2 31
15 70
15 71
15 72
20 85
20 86
20 87
14 67
14 69
31 77
33 53
3 36
3 35
3 34
10 55
10 57
35 81
36 39
4 38
4 39
4 37
13 66
13 64
13 65
9 52
9 53
9 54
5 41
5 42
5 40
8 49
8 50
8 51
42 65
42 62
17 77
17 78
17 76
44 82
45 56
7 46
7 47
7 48
11 60
11 58
11 59
49 67
50 80
54 73
12 62
12 63
12 61
55 93
56 93
59 95
22 91
22 93
22 92
23 94
23 96
23 95
64 79
24 99
24 97
24 98
68 71
18 81
18 80
18 79
71 95
16 73
16 74
16 75
73 82
19 82
19 84
81 91
83 99
83 88
85 95
90 93