0 1 2 3 4 5 6 7 8 9 10 11 12 13 14 15 16 17 18 19 20 21 22 23 24 25 26 27 28 29 30 31 32 33 34 35 36 37 38 39 40 41 42 43 44 45 46 47 48 49 50 51 52 53 54 55 56 57 58 59 60 61 62 63 64 65 66 67 68 69 70 71 72 73 74 75 76 77 78 79 80 81 88 96 98 99
0 79
1 25
2 30
2 20
2 44
2 19
3 54
3 64
3 24
4 26
4 48
5 88
5 71
5 52
6 57
7 39
7 99
8 99
8 88
9 45
10 76
10 70
11 43
12 21
12 76
13 47
13 38
14 69
14 96
14 51
15 62
15 27
16 40
16 27
17 63
17 99
18 73
18 25
19 79
21 56
21 41
22 29
23 61
25 74
26 65
28 29
29 57
30 65
30 75
31 98
31 71
32 72
32 53
32 69
33 45
33 50
33 51
34 77
34 65
34 57
34 68
35 51
36 45
37 57
38 49
40 78
41 46
42 45
43 55
45 76
45 66
47 71
48 80
50 80
54 69
55 73
55 66
58 65
58 78
59 61
60 75
61 88
67 98
80 99
81 88