51 55 2 80 3 11 4 54 71 5 57 6 83 87 79 90 32 39 9 10 17 47 82 24 84 93 96 78 43 16 27 63 86 18 26 69 19 72 58 22 92 95 23 70 49 50 81 77 36 99 89 33 94 34 35 60 75 76 53 91 42 97 44 45 98 62 48 65 67 88 66 73
51 87
55 91
2 11
2 3
80 24
11 10
11 84
4 57
4 5
54 90
71 97
5 87
57 94
6 90
83 93
87 84
87 88
87 86
87 99
79 19
79 16
79 99
90 91
90 99
32 94
32 33
39 91
39 36
9 17
17 69
17 18
47 48
82 92
82 78
24 81
24 23
93 63
93 62
93 98
93 94
96 27
96 18
96 42
78 65
43 77
43 63
27 26
86 81
69 70
72 22
72 73
58 53
58 97
92 95
92 45
95 94
95 60
95 66
23 49
49 48
50 60
36 35
99 89
99 42
94 53
94 44
34 35
75 44
75 76
97 73
67 66