0 1 2 3 4 5 6 7 8 9 10 11 12 13 14 15 16 17 18 19 20 21 22 23 24 25 26 27 28 29 30 31 32 33 34 35 36 37 38 39 40 41 42 43 44 45 46 47 48 49 50 51 52 53 54 55 56 57 58 59 60 61 62 64 65
0 65
1 52
1 2
2 8
2 3
3 4
3 7
3 5
3 6
8 11
8 9
8 10
12 25
12 13
12 22
13 14
13 20
14 15
14 19
14 18
14 17
14 16
20 21
22 23
23 24
25 26
26 27
26 51
27 43
27 35
27 28
28 34
28 29
29 31
29 30
31 32
33 34
35 37
36 37
37 38
39 40
40 41
41 42
42 43
44 50
44 45
45 46
45 47
45 48
45 49
50 52
51 52
52 53
53 59
53 54
54 55
55 56
56 57
57 58
59 60
60 64
60 61
61 62
64 65