0 80 82 89 92 1 11 29 33 70 78 37 3 52 61 63 4 21 71 5 7 53 59 79 95 8 66 64 99 35 83 9 16 62 69 10 13 58 81 24 41 60 12 22 25 28 43 68 14 15 48 98 18 31 67 17 40 42 50 56 57 19 34 47 20 36 39 45 46 55 97 27 85 96 32 73 54 49 51 38 88 93 84 76 65 94 91 86
0 82
80 57
82 96
82 56
89 54
89 27
92 3
92 86
1 70
11 61
29 39
29 66
29 15
29 63
33 3
33 70
70 40
70 41
78 71
37 51
37 16
37 49
37 52
61 8
61 12
63 16
4 21
21 99
71 8
5 79
5 59
7 64
53 38
53 9
79 68
95 81
8 35
8 83
66 43
66 20
64 69
99 25
99 12
35 24
35 41
9 62
9 69
9 16
16 25
16 67
62 58
62 14
10 81
10 58
13 43
58 65
41 42
60 91
22 50
28 17
68 36
48 98
48 31
98 40
18 57
31 73
17 40
50 85
57 94
19 34
34 54
47 32
47 93
20 36
39 96
45 84
45 76
46 54
55 94
97 32
27 96
85 91
85 54
85 94
38 93
38 88
88 84