0 5 6 7 8 14 18 19 31 47 53 61 63 72 1 9 10 13 24 30 33 34 40 43 45 70 84 2 15 27 39 51 59 67 79 85 94 97 3 99 4 37 78 11 25 28 29 41 62 86 92 21 22 23 26 42 71 50 52 54 75 93 32 55 57 58 66 90 95
0 18
0 63
5 1
5 25
6 14
6 26
6 42
7 1
7 2
7 10
7 37
8 25
8 93
8 13
8 75
8 33
14 22
14 47
14 94
18 71
18 19
31 27
47 23
47 21
47 24
53 57
61 78
72 34
72 90
1 84
9 23
9 59
10 29
13 21
13 15
30 84
30 70
30 62
40 58
40 23
43 22
45 29
45 97
2 39
2 85
15 11
15 55
27 41
51 99
51 66
59 90
67 97
79 21
85 54
3 99
4 78
37 50
78 75
11 92
11 32
28 90
41 95
41 52
86 42
21 66
42 95
71 66
57 90