84 3 38 34 43 23 25 57 16 19 60 74 98 52 1 67 13 92 73 8 45 9 62 36 96 12 5 86 40 93 0 87 41 11 37 54 14 71 27 79 50 49 53 56 83 30 72 24 28 91 58 18 21 94 75 6 97 81 61 7 99 55 32 29 48 64 4
84 48
84 75
3 67
3 99
3 38
3 41
3 8
3 19
38 45
38 53
34 57
43 52
23 11
23 25
23 64
57 83
57 9
16 96
60 74
60 27
74 96
98 91
52 36
1 41
1 5
67 24
67 73
13 61
92 50
92 32
92 81
73 94
8 6
45 0
9 72
62 21
62 32
62 29
36 27
96 71
12 86
12 24
86 83
40 81
93 94
87 91
11 79
11 37
11 7
11 27
37 61
54 58
14 48
14 30
27 6
79 49
79 4
79 75
56 58
28 18
91 55
91 99
58 61
18 4
94 97
6 32