4 5 6 8 9 10 13 14 15 17 18 20 22 23 24 27 28 29 31 33 34 35 37 40 41 42 43 46 49 50 51 52 54 55 56 57 59 62 63 64 65 66 67 68 69 71 73 74 77 79 80 81 82 84 85 86 87 90 91 36 38 39 44 45 53 58 60 61 70 75 76 78 83 88 89 93 95 98 7 16 26 48 72 25 47 12
4 16
4 60
4 24
4 70
5 84
5 95
5 61
6 14
8 10
8 39
8 89
9 18
13 44
13 40
14 31
14 37
14 44
15 33
15 45
15 51
15 61
17 46
18 39
20 91
20 76
22 36
22 77
23 41
23 35
23 55
24 44
24 87
27 89
28 43
28 78
29 71
31 55
34 91
37 82
40 84
40 73
40 52
42 93
43 64
43 47
46 98
49 84
49 26
50 39
50 12
51 72
51 98
54 84
54 39
55 38
56 16
56 63
56 67
56 90
57 87
59 71
62 48
62 7
62 77
62 79
64 95
65 66
66 61
68 53
69 88
69 61
71 78
74 78
74 85
77 93
79 83
80 87
81 78
81 91
82 75
86 87
44 25
53 60
53 93
58 95