0 1 2 4 5 6 7 8 9 10 12 13 14 15 16 18 20 21 22 24 26 27 28 30 32 33 34 35 36 37 38 41 42 43 44 45 46 49 50 51 53 54 57 58 59 60 61 62 64 65 66 69 70 73 74 77 78 81 82 85 86 88 89 90 93 94 97 98
0 18
0 13
0 9
0 27
0 34
1 15
1 8
1 35
2 27
2 38
2 37
4 5
4 10
5 44
5 43
5 14
6 45
6 46
6 26
7 26
7 8
8 49
8 22
8 28
8 21
8 50
8 32
9 51
9 20
10 53
10 54
12 57
12 58
13 59
13 16
14 62
14 61
14 30
15 64
16 65
16 66
18 70
18 69
18 21
20 73
20 74
20 24
22 77
22 78
24 81
24 82
26 85
27 88
28 89
28 90
30 93
30 94
32 97
32 98
33 35
34 36
41 43
42 44
57 59
58 60
62 64
86 88