0 1 2 3 4 5 6 7 8 9 10 11 12 13 14 15 16 17 18 20 21 22 24 26 28 30 31 32 33 35 36 37 38 39 41 42 43 44 45 46 48 49 50 52 53 54 55 57 58 59 60 61 62 63 65 66 67 69 70 73 74 76 77 78 81 82 85 86 89 90 93 94 95 97 98
0 26
0 13
0 33
1 36
1 6
2 38
2 37
2 5
2 31
3 39
3 13
3 12
3 30
3 15
4 42
4 28
4 41
4 17
5 44
5 43
6 13
6 21
6 45
7 48
7 30
8 50
8 24
8 49
9 14
10 54
10 28
11 55
11 17
11 14
11 16
11 18
12 58
12 20
13 32
13 59
14 62
15 63
16 66
17 67
18 70
18 69
20 73
21 76
22 77
22 78
22 24
24 82
24 81
24 26
26 85
26 86
28 90
28 89
30 94
31 95
32 98
32 97
33 35
37 39
42 44
46 48
50 52
53 55
57 59
58 60
61 63
65 67
74 76
93 95