0 14 62 64 66 67 68 69 71 77 80 81 82 83 84 86 92 96 97 98 99 1 25 40 3 48 44 38 5 15 39 52 7 6 28 29 31 61 8 9 10 43 11 51 12 59 30 54 34 45 47 20 50 53 23 24 33 46 37 32 41 58 35 60 56 49
0 81
0 14
0 80
0 64
0 62
0 83
0 96
0 82
0 98
0 97
0 84
0 86
14 54
14 38
14 34
66 5
67 7
68 8
69 9
71 12
77 20
80 23
92 40
99 47
1 25
25 50
25 6
25 5
40 11
3 44
3 48
48 56
48 41
44 53
44 35
44 31
5 39
5 52
5 15
5 7
7 61
7 31
6 29
6 28
31 8
61 9
9 10
10 43
43 24
11 51
51 24
12 59
59 34
30 37
45 60
47 35
20 50
53 23
24 33
33 58
46 58
37 35
32 41
60 49
60 56