0 26 61 63 66 67 68 69 70 71 72 74 75 82 83 84 86 90 91 95 96 97 1 30 3 47 2 43 25 23 4 8 38 7 6 48 12 33 9 49 10 20 11 31 60 16 13 32 14 44 15 41 29 17 18 58 19 56 57 34 22 51 53 55 59 40 36 42
0 86
0 26
0 72
0 70
0 82
0 63
0 97
0 74
26 55
26 53
26 3
61 2
63 4
66 7
67 9
68 10
69 11
71 14
75 20
83 31
84 33
90 42
91 43
95 48
96 49
1 47
1 3
1 30
3 25
3 23
47 56
2 43
43 31
43 15
25 10
23 18
4 38
4 8
8 33
38 6
7 12
6 48
48 17
12 16
9 49
49 56
10 20
20 34
11 60
11 31
31 40
60 17
16 29
13 32
32 18
32 22
32 44
14 44
15 41
41 57
29 59
18 58
19 56
22 51
59 42
59 36
40 36