0 1 2 3 4 5 6 7 8 9 10 11 12 13 14 15 16 17 18 19 20 21 22 23 24 25 26 27 28 29 30 31 32 33 34 35 36 37 38 39 40 41 42 43 44 45 46 47 48 49 50 51 52 53 54 55 71 78 85 58
0 32
0 71
1 22
1 7
2 51
3 7
3 27
4 52
5 40
6 54
6 71
7 42
7 11
7 51
7 9
8 12
10 29
10 27
11 39
11 34
11 48
12 23
12 22
13 71
14 85
15 54
15 46
16 85
17 48
18 78
19 71
20 44
20 54
21 45
22 58
22 30
22 47
23 41
24 43
24 34
25 42
26 33
28 31
28 43
32 85
33 38
34 50
35 71
35 49
36 42
37 38
37 42
38 53
40 49
40 58
41 52
43 55
45 71
49 78