0 10 14 25 85 1 15 26 29 37 41 64 77 2 6 32 61 7 9 63 93 34 47 11 71 87 17 48 91 24 45 8 38 69 88 31 90 92 59 62 12 13 30 68 95 18 56 44 66 78 89 23 42 19 60 99 20 70 21 36 51 53 83 86 28 57 81 46 50 49 54 76 98 55 84 75 35 40 72 65 96 74 58 94 67
0 85
0 14
10 59
10 47
25 57
85 17
85 46
1 41
1 64
15 71
15 2
15 78
26 83
29 51
37 28
41 19
64 17
64 98
77 98
2 61
6 91
6 48
32 98
7 45
7 24
9 31
9 90
63 78
63 28
63 84
63 94
93 11
93 87
34 46
34 55
47 40
11 90
87 78
87 95
48 89
91 21
91 88
24 20
45 78
8 69
8 38
38 23
69 56
90 21
92 55
62 56
62 58
12 13
12 68
13 56
30 28
30 56
30 49
95 18
56 60
44 21
66 96
78 35
78 50
42 72
42 75
99 74
99 65
70 84
21 51
21 36
36 55
53 96
83 55
86 40
57 74
81 40
81 54
81 76
54 35
76 74
84 96
75 96
72 67