0 74 35 44 14 1 92 60 12 28 87 79 83 3 49 53 27 63 29 39 34 72 8 69 32 9 97 81 54 85 10 70 71 88 91 82 13 18 36 31 62 21 15 57 26 51 86 45 89 99 96 22 67 56 50 24 75 94 64 61 38 30 33 40 93 43 73 78 76
0 91
0 10
74 97
35 10
35 76
44 33
44 89
14 73
14 61
1 60
92 79
60 34
12 13
12 32
28 50
28 61
28 26
87 27
87 32
79 85
83 96
3 53
49 43
49 45
49 53
27 29
63 15
63 73
29 30
29 36
29 31
39 38
39 61
34 75
72 96
8 93
8 62
8 64
69 62
32 70
9 97
97 24
97 22
81 64
81 94
81 78
54 24
54 96
85 57
70 78
71 15
88 67
88 13
82 75
82 57
82 67
18 76
36 24
36 56
21 89
51 43
86 40
89 43
99 33
22 76
56 38
75 40
94 43