0 1 2 3 5 6 9 10 12 14 16 17 21 24 25 27 30 31 32 33 34 35 36 37 38 39 40 41 43 44 46 47 48 49 50 51 53 54 55 56 57 58 59 61 62 63 64 65 66 68 69 71 72 74 76 77 79 81 83 86 87 88 89 91 92 94 95 96 97 98 4 7 11 13 15 18 20 22 23 45 52 60 67 70 78 80 84 93 8 26 28 42 75 82 90 19 29 85 73
0 94
0 39
0 33
0 4
0 55
1 15
1 84
1 26
2 64
2 49
3 77
3 63
5 39
5 52
6 31
9 92
9 20
9 23
10 39
10 13
10 8
10 66
12 29
12 15
14 83
16 58
16 97
17 21
21 48
24 53
24 27
24 94
24 76
25 97
30 88
31 19
31 98
31 7
32 47
32 84
33 37
34 22
35 95
36 86
36 67
37 70
38 39
40 59
41 62
41 28
41 54
43 45
44 83
46 76
48 7
50 95
51 61
51 73
51 22
51 42
53 18
53 91
54 83
55 58
56 42
57 85
57 68
57 72
57 90
59 60
62 8
63 19
64 22
65 86
65 81
68 18
69 71
71 95
71 87
72 23
74 93
79 88
81 82
86 93
88 82
89 75
89 18
95 73
96 78
98 22
11 20
13 29
13 80
18 78
45 93
60 29
28 82
19 85