0 60 9 1 8 2 75 74 3 98 7 77 63 49 48 57 46 11 40 38 92 14 23 78 50 72 87 93 12 94 58 82 13 47 90 26 53 15 67 59 17 34 18 30 69 84 91 76 25 51 32 28 83 88 36 33 85 54 71 55 73 65 39 96 80 44 86 45 61 62 52 66 89 79 81
0 9
0 60
60 52
9 3
9 50
1 8
8 78
8 14
8 23
2 74
2 75
75 81
74 71
74 39
74 76
98 73
7 40
77 49
77 83
63 85
63 32
63 67
49 15
48 38
48 57
48 62
57 94
57 81
46 38
11 93
40 58
40 17
92 79
92 50
92 26
23 13
78 79
72 51
72 13
72 55
87 67
87 69
93 80
93 88
93 82
12 58
12 82
13 47
47 61
90 89
90 66
90 54
90 83
53 32
59 71
34 55
18 30
30 36
69 86
69 28
84 86
91 54
25 32
25 51
51 65
32 88
36 73
33 54
54 45
71 96
71 73
96 80
96 66
44 86