1 53 2 27 3 4 66 70 6 39 7 29 8 10 11 75 68 13 44 14 38 15 85 16 73 17 63 18 19 20 81 21 78 22 40 24 35 25 58 26 62 28 86 30 31 71 32 33 49 34 88 74 37 51 41 83 43 76 45 65 46 0 47 48 67 50 54 79 55 56 57 59 89 60 61 64 72 77 80 82 84 87
1 86
1 43
53 28
53 8
2 75
2 0
27 50
3 72
3 0
4 41
4 17
66 83
66 22
70 10
70 47
70 8
70 86
6 0
39 58
7 75
7 58
7 29
29 60
8 76
10 19
10 0
11 0
68 46
13 16
13 30
44 76
14 79
14 88
38 62
15 85
85 28
16 61
73 41
73 19
63 62
18 72
18 30
18 49
19 56
20 81
20 50
81 62
81 34
21 78
78 33
22 26
40 77
40 51
24 35
35 74
25 65
25 58
26 50
62 32
86 37
30 71
31 71
71 79
33 49
74 59
74 46
51 80
51 67
41 80
41 50
43 46
76 64
45 65
47 82
48 67
54 84
54 79
55 59
57 72
59 89
89 87