0 20 13 27 28 29 30 37 38 40 42 44 45 1 3 47 48 49 50 51 52 53 54 55 56 57 59 60 61 62 2 11 63 66 67 70 73 74 77 17 78 79 86 89 92 4 12 26 94 95 96 97 98 5 24 10 6 7 19 8 21 9 23 14 15 22 25 16 18
0 20
0 13
0 27
0 42
0 28
0 30
0 44
0 29
0 37
20 10
13 22
38 17
40 19
45 24
1 62
1 53
1 3
1 57
1 60
1 59
1 55
1 56
3 17
3 79
3 78
47 2
48 4
49 5
50 7
51 10
52 11
54 16
61 24
2 11
2 73
2 74
2 66
2 67
2 63
11 15
11 98
70 14
77 26
17 6
17 21
86 16
89 19
92 23
4 12
4 26
4 97
4 96
4 94
12 7
95 8
5 24
5 10
10 14
10 23
7 19
19 18
19 22
8 21
21 14
9 23
14 25
15 18
15 16