25 26 37 35 38 27 41 42 43 34 28 29 33 46 32 31 48 49 47 44 0 1 2 4 8 9 6 7 19 10 11 12 13 14 15 16 17 18 20 24 21 53 80 87 88 57 65 82 98 52 99 54 66 71 94 67 68 85 92 56 61 64 90 97 55 70 73 78 58 59 81 74 75 77 51 50 83 84 62 95 93 63
25 37
25 35
26 38
26 27
37 38
38 41
27 42
27 87
27 52
27 80
42 43
42 7
43 49
43 33
43 46
43 44
34 28
28 33
29 46
33 47
33 32
32 31
32 12
32 97
31 48
44 95
0 2
0 1
1 4
1 16
4 54
8 7
9 11
6 7
19 20
19 62
10 13
10 12
11 12
11 99
12 75
12 77
13 15
14 15
15 16
15 88
17 18
18 84
18 62
20 21
20 24
24 98
53 55
88 93
57 58
57 73
65 50
65 51
82 63
82 50
82 64
98 55
52 81
99 67
54 83
66 94
71 75
94 95
67 55
68 64
85 63
92 93
56 77
61 74
61 70
64 90
55 58
70 58
78 83
59 84
95 63