0 14 28 29 50 57 74 81 84 1 26 69 2 3 4 11 18 34 40 44 58 5 9 32 43 61 64 66 25 33 73 88 97 98 42 90 7 12 65 92 8 15 22 27 86 31 35 60 67 10 41 82 16 19 53 13 36 38 63 79 87 37 59 68 45 17 51 78 96 49 80 52 95 23 55 62 39 47 75 91 30 77 76 54 56
0 57
0 84
14 65
28 41
28 84
28 91
29 17
50 76
50 63
74 7
74 75
81 40
81 7
84 90
1 26
1 69
26 68
69 59
69 87
69 77
2 3
2 11
3 58
4 5
4 32
11 19
18 49
18 80
18 73
34 9
40 58
40 16
44 30
58 31
58 78
5 25
5 97
9 31
43 10
43 96
61 98
61 59
64 54
66 79
25 27
25 53
33 86
73 12
73 95
88 27
88 22
98 54
42 13
90 96
7 12
7 65
92 96
8 22
15 59
22 55
27 47
27 38
86 62
86 53
31 41
35 75
60 52
60 68
60 37
67 52
10 82
41 37
13 38
13 36
79 95
45 78
17 78
51 23
51 76
78 23
78 47
39 77
30 77
77 56