0 10 12 14 17 23 26 34 35 43 53 54 57 64 65 66 67 80 85 89 98 1 3 5 15 22 25 37 42 50 51 56 61 69 70 83 84 86 91 92 97 2 75 28 81 18 52 19 55 88 87 93 4 11 13 30 49 58 59 72 76 95 6 44 46 20 8 21 31 33 74 79 94 96 40 73 78 7 32 36 48 90 29 24 27 47 60 62 77 82 99 9 68 16 39 45 38 41 71 63
0 98
10 51
10 1
10 57
10 13
12 4
12 79
14 50
14 49
17 43
17 62
23 33
23 37
26 49
26 29
26 46
34 68
34 8
34 64
35 1
35 66
53 72
54 86
65 80
66 3
67 24
80 56
85 29
89 84
98 93
98 82
1 42
1 56
5 33
5 4
5 31
5 76
5 74
15 70
15 90
22 4
25 71
37 51
42 81
50 96
50 60
51 95
56 38
56 93
61 24
61 70
69 78
70 9
83 21
84 27
84 47
86 73
86 38
91 27
92 47
92 71
92 63
97 71
97 59
2 52
75 27
75 40
28 73
81 18
81 16
18 94
52 73
52 45
19 27
55 16
88 29
87 96
4 58
4 44
11 99
11 20
13 32
30 77
49 99
58 41
72 8
6 96
21 99
21 7
31 77
33 24
33 78
96 36
96 40
96 68
48 99
60 9
60 39
62 38