0 1 2 3 4 5 6 7 8 9 10 11 12 13 14 15 16 17 18 19 20 21 22 23 24 25 26 27 28 29 30 31 32 33 34 35 36 37 38 39 40 41 42 43 44 45 46 47 48 49 50 51 52 53 54 55 56 57 58 59 60 61 62 63 64 65 66 67 68 71 72 78 79 80 84 90 94
0 57
0 94
0 84
0 90
0 79
0 80
1 62
1 52
1 41
2 24
2 58
3 4
3 25
4 36
4 61
4 46
4 45
5 72
6 71
6 78
7 72
7 23
8 66
8 48
8 35
8 62
8 80
9 46
9 15
10 24
10 27
10 42
11 43
12 72
12 19
13 34
13 84
13 32
14 19
15 71
16 41
16 60
16 51
16 37
17 40
18 31
19 90
20 40
21 52
22 37
23 56
25 40
26 57
28 58
29 38
29 62
30 55
30 37
31 40
31 57
32 59
33 44
34 67
39 58
40 43
40 64
42 66
43 50
44 61
45 54
47 58
49 71
53 63
53 67
54 65
68 71