16 78 15 17 29 48 28 30 69 31 32 40 8 74 51 58 35 6 71 57 59 42 60 61 62 81 63 64 65 23 7 72 10 11 22 24 68 50 25 26 27 46 77 45 47 5 44 13 1 12 14 37 36 38 9 54 39 70 76 53 55 56 73 49 52 75 41 0 2 3 4 43 67 66 21 20 19 18 34 33 82 80 79
16 78
16 15
78 65
78 79
15 14
17 18
29 30
29 28
48 59
48 35
48 47
28 68
69 68
31 32
31 58
31 51
40 41
40 24
40 39
8 62
74 50
58 71
58 35
58 6
35 55
6 34
6 5
71 72
57 56
59 60
42 43
60 61
61 62
62 63
62 81
81 82
81 80
63 64
65 66
23 11
23 24
23 72
23 7
7 20
72 45
72 73
72 67
10 11
10 9
11 77
11 75
11 25
11 12
22 21
22 36
24 50
24 68
50 49
26 27
27 46
46 45
77 76
45 44
45 13
5 4
44 43
13 1
13 14
1 2
1 0
37 38
36 41
38 54
38 9
54 53
54 70
53 52
56 49
2 3
20 19
19 18
34 33