0 3 25 26 27 1 4 28 29 30 2 11 31 32 33 18 34 35 36 7 12 9 37 38 39 5 8 40 41 42 6 43 44 45 46 47 48 22 49 50 51 10 52 53 54 55 56 57 58 59 60 61 62 63 13 64 65 66 14 20 16 67 68 69 15 70 71 72 24 73 74 75 17 19 76 77 78 79 80 81 82 83 84 21 85 86 87 88 89 90 23 91 92 93 94 95 96 97 98 99
0 27
0 26
0 25
3 35
3 36
3 34
25 39
26 97
27 96
1 29
1 28
1 30
4 37
4 39
4 38
28 67
30 55
2 33
2 32
2 31
11 59
11 60
11 58
32 37
33 75
18 80
18 81
36 62
7 48
7 47
7 46
12 63
12 62
9 54
9 52
9 53
5 40
5 42
5 41
8 49
8 51
8 50
41 95
6 44
6 45
6 43
44 71
45 65
48 56
22 91
22 93
22 92
51 53
10 55
10 57
10 56
52 77
55 71
57 76
60 82
61 99
62 79
63 72
63 80
13 64
13 65
13 66
14 69
14 68
14 67
20 85
20 86
20 87
16 75
16 73
16 74
15 71
15 72
15 70
24 97
24 99
24 98
17 77
17 78
17 76
19 84
19 83
19 82
76 87
80 99
84 95
21 90
21 88
21 89
88 98
88 92
23 95
23 96
23 94