0 11 25 26 27 1 9 12 28 29 30 2 23 21 31 32 33 3 24 34 35 36 4 6 37 38 39 5 20 40 41 42 43 44 45 7 10 46 47 48 8 14 22 49 50 51 19 52 53 54 16 55 56 57 58 59 60 17 61 62 63 13 64 65 66 67 68 69 15 70 71 72 73 74 75 76 77 78 18 79 80 81 82 83 84 85 86 87 88 89 90 91 92 93 94 95 96 97 98 99
0 27
0 26
0 25
11 59
11 58
11 60
25 78
26 83
27 65
27 98
1 29
1 28
1 30
9 54
9 52
9 53
12 62
12 61
29 60
30 36
2 33
2 32
2 31
23 95
23 94
23 96
21 90
21 88
21 89
32 47
33 35
3 34
3 36
24 98
24 97
4 37
4 39
4 38
6 45
6 44
6 43
37 57
38 97
5 41
5 42
5 40
20 86
20 85
20 87
40 82
40 75
41 63
43 66
44 56
7 48
7 47
7 46
10 56
10 55
47 53
47 99
48 61
8 50
8 51
8 49
14 68
14 67
14 69
22 91
22 92
22 93
50 67
19 84
19 82
19 83
16 73
16 75
16 74
56 80
58 72
59 78
17 77
17 78
17 76
61 63
62 95
13 65
13 64
13 66
69 70
15 72
15 71
15 70
75 86
18 79
18 81
18 80
88 95
92 99