0 1 2 3 4 6 7 8 9 10 12 14 15 16 17 18 19 20 21 22 23 24 26 27 28 29 30 32 33 34 35 36 37 38 39 41 42 45 46 47 48 49 50 51 52 53 54 57 58 61 62 64 65 66 68 69 70 71 73 74 75 76 77 78 81 82 85 86 88 89 90 91 93 94 97 98
0 34
0 33
0 28
1 35
1 32
1 15
2 38
2 27
2 37
2 18
3 39
3 15
3 19
3 20
4 42
4 17
4 41
6 46
7 47
7 10
7 48
8 50
9 52
9 14
9 51
10 53
10 54
10 16
12 16
12 58
12 17
12 57
14 61
14 17
15 64
16 32
16 65
17 68
18 70
18 69
19 71
20 23
21 32
21 75
21 76
22 30
22 78
22 77
23 26
24 81
24 32
24 82
26 85
27 88
28 90
28 29
29 91
30 93
30 94
30 32
32 98
32 97
33 35
34 36
37 39
45 47
46 48
49 51
50 52
62 64
66 68
73 75
74 76
86 88
89 91