0 1 2 3 4 5 6 8 9 10 11 12 14 16 17 18 19 20 21 22 24 26 28 29 30 31 32 34 35 36 37 38 40 41 42 43 44 45 46 49 50 51 52 53 54 55 57 58 61 62 65 66 67 68 69 70 71 72 73 74 75 76 77 78 81 82 85 86 89 90 93 94 95 97 98
0 34
0 11
1 35
1 3
2 37
2 16
2 11
2 38
3 40
3 24
3 28
4 42
5 43
5 44
5 11
5 19
6 46
6 45
6 29
6 32
8 50
8 11
9 52
9 51
9 22
10 54
10 19
10 30
11 55
11 28
12 26
12 58
12 14
12 57
14 62
14 24
14 61
16 66
17 68
17 67
17 20
18 29
19 71
19 20
19 72
20 74
21 75
21 76
22 77
22 29
22 78
24 81
24 82
26 86
26 85
28 89
28 90
29 31
30 94
30 93
31 95
32 97
32 98
34 36
41 43
42 44
49 51
50 52
53 55
65 67
69 71
70 72
73 75
74 76