0 7 4 44 74 75 76 77 78 79 80 81 82 83 84 85 86 87 88 89 90 91 92 93 94 95 96 97 98 99 1 45 3 2 66 63 50 37 30 58 5 38 6 20 42 8 18 49 9 71 15 10 62 61 11 12 70 13 67 40 14 53 73 64 17 32 19 54 21 65 22 72 23 24 55 57 25 27 28 56 51 29 31 36 34 41 43 46 47 59
0 44
0 92
0 74
0 4
0 89
0 98
0 86
0 7
0 87
0 84
0 79
0 81
0 91
0 99
0 88
0 76
0 77
7 42
7 80
4 58
4 37
4 30
44 15
44 53
75 2
78 5
82 9
83 10
85 12
90 18
93 23
94 24
95 25
96 27
97 28
1 3
1 45
3 63
3 50
2 66
66 10
63 31
63 23
50 40
50 53
30 27
5 38
38 62
38 22
6 20
20 70
8 49
8 18
18 11
49 17
9 15
9 71
15 64
10 62
10 61
61 25
61 29
12 70
70 17
13 40
13 67
40 36
14 73
14 53
73 46
64 57
64 47
64 59
17 32
32 36
32 29
19 54
54 27
21 65
65 25
65 51
22 72
72 34
24 57
24 55
55 41
28 56
28 51
56 43