48 55 36 75 35 88 20 87 52 4 28 56 30 64 31 97 22 16 62 63 61 24 44 96 33 2 50 98 7 89 74 13 18 1 82 79 77 49 51 65 19 69 29 76 70 72 5 41 23 95 42 86 83 14 92 32 26 9 3 21 39 17 99 90 81 68 25 84 47 40 93 54 34 57 85 27 0 37 53 8 73
48 98
48 75
55 32
36 35
35 95
35 62
88 0
88 92
20 79
87 57
87 85
52 68
52 4
52 33
4 51
4 93
4 64
4 19
4 27
28 49
28 86
56 37
30 8
64 41
64 70
31 19
97 13
22 3
22 14
22 81
16 50
16 72
62 44
63 47
63 98
63 24
61 24
24 85
24 73
44 41
96 99
96 21
2 18
2 29
50 51
98 79
7 42
89 49
89 5
89 42
74 17
13 23
13 84
18 0
1 39
1 21
82 14
82 73
82 32
79 77
79 23
65 29
19 3
19 37
19 69
76 9
5 14
5 54
86 90
83 40
83 92
92 34
92 17
32 8
26 54
9 47
9 25
21 40
40 53
27 53