0 37 20 59 61 62 66 68 69 71 73 77 79 80 82 86 89 92 97 98 1 45 31 30 3 13 19 4 24 15 5 6 34 9 8 44 32 50 10 40 52 57 11 47 29 12 14 51 18 55 16 17 54 33 25 21 22 23 38 28 39 56 36 58 49 35 42 48 53
0 20
0 61
0 97
0 37
0 68
0 86
0 66
0 73
0 80
0 62
0 82
0 92
37 5
20 10
20 25
59 1
69 17
71 21
77 28
79 30
89 42
98 56
1 31
1 45
45 12
31 49
31 6
30 58
30 15
30 36
3 19
3 13
19 33
4 24
4 15
24 25
15 55
6 34
34 11
34 23
9 50
8 32
8 44
44 33
32 14
50 10
10 40
10 57
10 52
40 18
40 22
52 35
52 39
57 11
11 47
11 29
47 16
47 42
29 56
14 51
14 18
51 21
55 54
17 54
38 36
28 39
58 48
58 53