0 9 10 11 12 17 20 21 22 24 25 27 29 30 34 35 38 41 43 45 46 47 52 54 55 58 59 63 69 70 81 82 87 89 90 93 94 98 99 1 4 5 6 16 18 23 28 33 36 37 40 44 50 56 57 64 65 66 68 75 77 86 91 92 2 7 8 13 14 15 26 31 32 61 71 72 79 83 84 85 3 19 39 42 48 51 53 60 62 74 76 78 97 49 73 80 96 95 67 88
0 81
0 99
9 7
9 10
9 47
9 24
10 54
10 31
11 14
11 57
11 63
12 32
17 22
17 4
17 35
17 37
20 48
20 83
21 28
21 91
21 64
21 80
22 63
22 86
25 31
25 6
27 19
29 44
29 18
30 67
30 8
34 47
35 72
38 23
38 75
41 1
41 82
43 47
43 48
45 33
45 94
46 90
46 87
52 60
54 63
55 42
58 70
59 61
59 93
69 68
70 77
81 50
81 61
82 50
87 39
87 62
89 61
90 51
90 16
90 28
94 51
98 88
98 26
4 74
4 76
5 73
5 33
5 96
5 84
16 68
23 15
23 72
36 88
40 66
44 74
56 86
65 78
66 75
68 61
68 2
77 42
86 3
92 13
92 80
2 71
13 88
14 32
15 39
32 78
61 49
72 53
79 78
83 95
85 53
19 74
42 97
51 60
53 67
74 97