0 7 19 22 33 39 45 59 76 1 8 66 84 86 2 24 49 54 3 20 55 67 88 4 27 5 61 65 6 26 47 72 85 9 57 92 10 53 96 11 21 25 12 36 41 62 80 13 91 95 14 15 63 71 98 16 81 87 17 18 75 89 70 23 50 69 77 28 35 79 97 29 48 64 30 58 82 94 31 32 40 68 34 52 74 37 93 38 56 42 43 44 73 83 46 99 51 60 78 90
0 7
0 33
0 76
0 19
22 63
39 50
45 59
45 3
59 31
59 68
59 27
59 5
76 82
1 8
1 84
66 42
66 91
84 92
86 62
86 61
2 24
2 54
2 49
24 18
49 99
3 20
3 55
55 87
67 68
88 77
4 27
5 61
61 6
61 25
65 53
65 80
65 35
6 72
26 63
47 23
47 14
47 46
72 37
85 56
9 57
9 92
57 14
57 99
57 17
92 10
10 96
53 69
53 58
96 50
96 70
11 25
11 21
25 50
25 69
12 36
12 41
12 80
36 13
36 79
36 74
13 91
13 95
91 43
91 90
15 71
15 98
15 63
63 30
16 87
81 43
87 52
87 60
18 75
18 89
70 56
70 29
77 38
77 28
97 78
29 48
64 37
30 82
30 58
30 94
94 83
32 40
40 56
34 52
52 78
37 93
93 38
44 73
73 60
51 78