0 9 15 25 26 27 1 19 22 4 28 29 30 2 14 23 31 32 33 3 34 35 36 7 37 38 39 5 21 20 40 41 42 6 16 43 44 45 46 47 48 8 18 49 50 51 11 52 53 54 10 55 56 57 58 59 60 12 61 62 63 13 24 64 65 66 67 68 69 70 71 72 73 74 75 17 76 77 78 79 80 81 82 83 84 85 86 87 88 89 90 91 92 93 94 95 96 97 98 99
0 26
0 27
0 25
9 52
9 54
9 53
15 70
15 71
15 72
25 42
27 95
1 29
1 28
19 84
19 82
19 83
22 91
22 93
22 92
4 38
4 39
4 37
28 50
29 59
29 36
30 83
2 32
2 31
14 68
14 67
14 69
23 96
23 94
23 95
32 52
32 56
33 69
3 36
3 34
3 35
36 47
36 73
7 48
7 47
7 46
37 44
39 94
39 85
5 40
5 41
5 42
21 90
21 88
21 89
20 86
20 87
20 85
6 44
6 43
6 45
16 74
16 73
43 93
46 88
47 67
48 78
8 50
8 49
18 79
18 81
18 80
49 86
51 81
11 60
11 58
11 59
52 75
10 55
55 66
57 71
57 64
12 62
12 61
12 63
61 75
63 97
13 65
13 64
13 66
24 97
24 99
24 98
68 97
70 75
17 77
17 78
17 76
80 90
83 98