45 90 37 50 11 36 32 78 73 14 47 67 87 4 25 86 91 88 85 41 43 60 63 26 57 27 0 19 52 84 34 81 66 65 7 96 49 64 77 95 71 92 68 82 89 93 75 22 74 56 80 9 44 29 5 53 3 54 13 79 62 33 94 61 70 76 10 97 28 18
45 91
90 70
90 94
90 87
37 81
37 14
50 56
50 96
11 60
36 82
36 47
32 81
32 71
32 25
78 10
78 0
73 63
73 54
14 5
67 93
87 60
87 28
4 81
25 3
86 63
86 44
91 63
91 65
88 93
85 75
41 33
43 94
63 84
63 33
63 27
63 96
63 57
26 49
27 82
27 70
19 95
52 94
34 92
81 75
81 94
66 64
66 93
65 18
7 13
96 53
49 97
64 70
77 94
77 29
95 94
92 75
68 79
82 76
82 13
82 79
89 70
75 62
75 74
22 54
80 94
9 53
33 10
94 97
61 97