30 20 21 22 32 33 12 23 24 25 14 4 3 2 1 0 5 6 15 16 17 27 7 8 9 18 19 49 38 48 47 57 37 46 54 53 52 63 81 82 83 84 74 75 76 85 86 87 77 67 78 88 89 79 58 80 70 60 61 51 42 36 26 10
30 20
20 10
21 22
22 12
22 23
22 33
22 32
32 42
12 2
24 25
25 15
14 4
4 5
4 3
3 2
2 1
1 0
0 10
5 6
5 15
6 7
6 16
17 7
27 18
27 26
27 36
27 37
7 8
8 9
8 18
9 19
49 48
38 48
48 47
47 57
47 37
47 46
57 67
57 58
54 53
53 52
53 63
52 42
52 51
81 80
82 83
83 84
84 74
74 75
75 76
76 77
85 86
86 87
87 77
77 88
77 78
77 67
88 89
89 79
80 70
70 60
60 61
61 51