94 93 95 96 9 20 32 19 84 21 86 88 36 37 87 89 92 31 33 73 30 35 68 75 63 59 28 29 41 24 6 81 23 85 55 56 25 67 58 76 50 26 74 27 80 79 48 64 71 40 47 17 49 12 11 13 82 52 51 53 54 42 97 43 44 91 62 78 61 2 60 77 1 3 65 4 5 57 10 0 66 90 34 15 83 22 45 14 16 46 98 18 39 38 7 8 70 72 69
94 95
93 50
93 31
93 63
95 96
95 20
95 9
96 70
96 91
96 73
9 10
20 21
20 86
32 18
32 33
19 62
84 85
84 77
21 22
86 60
88 37
88 31
88 87
88 36
87 8
89 55
92 91
33 75
33 34
30 59
30 35
68 7
68 53
75 74
63 7
63 62
59 60
28 27
28 29
41 40
24 25
24 81
24 23
6 74
6 7
6 2
81 80
23 64
85 54
85 0
55 14
55 54
55 42
55 5
55 56
67 74
67 82
67 45
58 97
76 77
26 74
27 80
80 48
80 79
79 78
79 4
48 40
48 49
48 47
64 65
64 98
64 12
71 72
71 70
40 39
47 46
17 52
17 16
11 97
13 53
13 38
51 60
42 97
43 62
43 44
91 62
62 78
78 77
61 60
2 1
3 65
57 10
66 90
90 15
90 22
90 83
15 16
70 69