0 4 18 50 51 53 57 61 63 65 66 67 69 70 71 72 81 83 84 1 22 48 6 86 88 89 90 91 94 97 98 99 2 19 10 3 8 41 29 5 46 49 14 21 7 39 47 9 26 30 32 12 44 13 40 28 17 38 35 20 31 24 45 25 37 27 34
0 18
0 4
0 65
0 71
0 72
0 57
0 67
0 81
4 29
4 86
18 41
18 49
18 38
50 2
51 3
53 7
61 17
63 22
66 25
69 28
70 30
83 46
84 47
1 22
1 6
1 48
1 88
1 98
1 97
1 94
1 90
48 17
6 14
6 21
6 3
89 8
91 13
99 28
2 10
2 19
19 35
10 5
3 41
3 8
8 47
5 46
5 49
46 27
21 12
21 45
21 40
7 39
39 17
39 28
9 26
9 30
30 13
32 35
12 44
13 40
28 34
20 24
20 31
24 45
25 37
37 34