0 1 4 5 6 10 11 12 13 14 15 16 18 19 22 23 24 25 26 27 32 33 34 35 36 41 44 45 47 48 49 50 51 52 56 58 60 61 62 68 69 70 71 72 74 75 76 80 82 83 84 85 87 88 90 91 92 94 95 96 97 98
0 50
1 68
4 68
4 44
4 5
6 71
6 48
10 25
11 98
12 74
13 74
13 34
14 91
14 69
14 47
15 56
16 51
18 83
18 96
19 76
19 88
19 62
19 60
22 62
23 70
23 24
25 87
25 58
26 76
27 47
27 61
32 33
33 91
35 97
36 94
36 52
41 61
44 80
45 95
45 50
47 74
47 49
48 90
50 51
52 83
52 68
56 88
58 98
62 85
70 71
70 85
71 72
72 95
74 84
75 76
82 83
85 97
87 88
90 91
91 92
95 96