0 10 25 26 27 1 28 29 30 2 6 31 32 33 3 22 23 11 34 35 36 4 5 37 38 39 19 40 41 42 16 43 44 45 7 20 46 47 48 8 18 49 50 51 9 12 52 53 54 55 56 57 58 59 60 61 62 63 13 17 64 65 66 14 21 67 68 69 15 70 71 72 73 74 75 76 77 78 24 79 80 81 82 83 84 85 86 87 88 89 90 91 92 93 94 95 96 97 98 99
0 27
0 26
0 25
10 56
10 57
10 55
25 87
26 45
26 62
1 29
1 28
29 44
30 51
30 88
30 70
2 33
2 31
2 32
6 43
6 45
6 44
31 40
31 49
3 34
3 36
3 35
22 92
22 93
22 91
23 95
23 96
23 94
11 58
11 59
11 60
36 81
4 39
4 38
4 37
5 42
5 40
5 41
38 50
19 84
19 82
19 83
42 73
16 73
16 75
43 78
44 47
7 47
7 48
7 46
20 85
20 87
20 86
8 51
8 50
8 49
18 79
18 81
18 80
49 72
51 71
9 52
9 53
9 54
12 61
12 62
12 63
52 96
54 92
57 88
58 97
59 82
59 66
59 75
61 93
13 64
13 66
13 65
17 77
17 76
14 69
14 68
14 67
21 88
21 90
68 70
15 71
74 98
77 94
24 99
24 97
24 98
80 95
81 83
89 90