11 18 72 95 2 73 84 86 24 32 56 88 59 96 77 80 9 25 12 40 70 75 36 49 16 48 7 97 85 23 5 1 55 68 91 51 67 17 64 89 98 78 3 34 39 33 99 90 65 60 82 94 43 14 27 83 41 69 76 26 19 45 92 46 87 15 44 61 29 0 6 30 4 79 81 93 71 21 8 42 22 62 38 31 37 63 53 54 28 35 57 52 13 50 58 10 66 20 74 47
11 80
11 33
11 53
11 69
18 45
18 24
18 22
18 39
72 94
72 73
72 24
95 43
2 58
73 70
73 47
84 10
86 6
86 56
86 30
86 97
86 59
86 14
86 61
24 77
24 54
24 92
32 29
32 49
56 42
88 31
88 85
59 96
77 5
77 71
9 13
9 64
25 10
25 35
12 3
12 58
40 78
40 41
40 82
70 67
75 31
75 21
36 30
49 44
16 8
16 23
16 89
48 46
48 30
48 38
48 7
7 20
97 31
85 76
23 44
23 51
1 69
55 30
68 46
68 98
68 28
68 99
91 64
67 83
17 93
17 34
34 69
34 66
39 82
99 52
90 65
90 14
65 0
60 50
60 81
43 35
14 79
14 58
27 57
27 37
69 38
69 71
26 46
26 63
19 81
92 29
87 4
15 93
6 13
4 66
79 62
81 54
37 58
54 74
10 20