46 21 85 39 77 87 50 65 47 56 64 3 48 67 30 41 22 86 71 57 45 51 83 35 63 84 59 44 92 78 34 61 90 62 79 24 95 75 13 96 31 54 8 2 88 0 80 14 36 33 11 16 66 58 19 12 26 93 6 15 25 9 17 60 37 76 69 49 23 55 72 1 99
46 41
46 60
46 21
46 44
46 65
46 96
85 66
39 11
39 50
39 25
77 3
87 83
50 99
50 26
47 3
47 61
47 2
47 34
47 86
56 60
64 69
3 37
3 8
48 72
48 63
67 11
67 90
67 51
30 60
30 36
41 22
22 69
86 55
71 36
71 58
57 13
45 72
83 78
35 63
35 54
84 60
84 79
84 12
59 76
92 2
78 17
90 49
62 24
24 95
24 19
95 93
75 6
75 72
75 33
13 19
31 66
54 0
2 72
2 1
88 0
80 19
14 49
16 66
16 23
16 93
16 76
16 72
93 17
93 9
15 55
25 69
37 49