0 1 2 3 4 5 6 7 8 9 10 11 12 13 14 15 16 17 18 19 20 21 22 23 24 25 26 27 28 29 30 31 32 33 34 35 36 37 38 39 40 41 42 43 44 45 46 47 48 49 50 51 52 53 54 55 56 57 58 59 60 61 62 63 64 65 66 67 68 69 70 71 72 73 74 75 76 77 78 79 80 81 82 83 84 85 86 87 88 89 90 91 92 93 94 95 96 97 98 99
0 2
1 53
1 51
2 74
2 39
2 49
2 12
2 3
2 46
2 75
3 28
3 29
4 51
4 23
5 91
6 91
6 70
7 77
7 60
8 37
8 54
9 81
9 20
9 93
9 76
9 83
10 23
10 65
11 72
12 36
13 25
13 19
14 47
15 47
16 85
17 36
18 29
21 49
21 43
22 98
22 58
23 24
23 90
23 79
23 40
24 94
24 70
25 63
26 61
27 63
28 44
28 42
28 62
30 63
31 78
31 63
32 33
32 44
34 76
35 63
36 72
36 82
37 41
38 43
39 97
39 52
43 71
43 56
44 99
45 84
47 63
48 57
48 88
48 89
48 76
49 66
50 52
54 77
55 97
57 99
57 60
57 87
58 68
59 61
60 64
60 61
63 92
67 86
69 97
70 98
73 74
76 91
77 80
78 85
83 84
86 88
87 95
91 92
95 96