60 65 33 35 66 37 67 47 20 25 61 63 34 40 75 11 4 5 8 9 10 12 45 14 19 53 51 90 43 78 86 91 31 38 48 2 42 44 46 41 49 54 0 36 52 85 55 27 21 24 28 32 81 26 29 15 22 74 13 80 18 1 87 23 69 82 88 89 83 84 62 64 68 7 3 76 17 70 71 72 73 16 57 56 59 30 50 58 77 79 6 39
60 67
60 47
60 63
65 68
65 67
33 37
33 36
35 84
35 37
66 68
66 91
37 51
37 52
20 28
25 50
61 27
61 87
63 40
63 11
34 39
34 72
34 80
40 44
75 48
11 8
11 45
11 90
11 53
4 31
4 0
4 22
4 9
5 3
5 8
8 7
9 90
10 70
12 13
12 16
45 82
14 18
14 15
19 18
51 50
51 56
90 78
43 27
43 46
78 73
78 32
86 87
86 81
31 48
38 36
2 23
42 58
41 62
41 49
54 52
54 27
52 58
52 55
85 87
21 23
21 1
24 22
28 26
32 50
32 59
32 30
32 39
81 64
26 22
26 23
29 15
74 80
13 18
1 6
87 16
23 69
88 84
89 62
89 83
83 84
3 17
76 71
76 57
70 73
71 73
72 77
77 79