43 85 92 88 5 47 54 2 27 38 95 80 24 20 73 35 86 16 17 36 31 50 91 4 15 25 33 3 26 65 55 76 72 64 12 48 6 41 83 60 23 29 75 74 10 57 28 61 21 66 44 14 58 13 67 51 18 89 34 77 79 68 40
43 50
43 2
85 68
92 38
88 28
5 83
5 23
47 80
47 34
54 16
54 24
54 75
54 67
2 33
27 64
27 66
27 28
38 15
95 35
95 12
80 14
24 36
20 6
20 57
73 79
35 79
86 60
17 72
36 51
36 68
31 28
31 51
31 61
31 89
91 12
4 6
4 76
15 60
25 64
25 40
33 76
3 26
3 76
26 44
65 28
65 58
55 6
72 23
12 29
48 6
6 10
41 40
83 89
60 13
29 77
29 74
75 18
10 66
10 14
57 13
21 14
58 77