41 44 45 0 1 91 59 58 46 47 48 49 50 51 52 53 86 54 55 57 56 89 85 37 36 38 84 39 40 83 90 88 87 35 34 60 61 80 62 63 64 65 69 70 81 71 72 73 76 77 78 79 74 75 25 24 26 27 28 29 30 31 32 33 23 22 21 20 19 18 17 16 15 14 13 67 66 10 9 8 7 6 5 4 3 2 82 92 94 95
41 40
44 45
45 0
0 1
0 91
0 59
1 2
91 90
59 46
59 47
59 48
59 49
59 50
59 51
59 52
59 53
59 54
59 55
59 56
59 57
59 58
86 83
89 85
85 37
37 36
37 38
36 35
38 39
38 84
84 88
84 87
39 40
39 83
40 90
35 60
35 34
34 33
60 61
61 62
61 80
80 79
62 63
63 64
64 65
64 69
65 66
69 70
70 71
70 81
81 82
72 76
72 73
73 74
76 77
77 78
78 79
74 75
25 24
25 26
24 23
26 27
27 28
28 29
29 30
30 31
31 32
32 33
23 22
22 21
21 20
20 19
19 18
18 17
17 16
16 15
15 14
14 13
67 66
10 9
9 8
8 7
7 6
6 5
5 4
4 3
3 2
82 92
92 94
94 95