61 93 36 97 76 98 44 80 99 62 64 18 87 20 27 75 54 4 41 88 59 68 74 24 19 12 7 15 39 55 34 8 2 51 58 86 37 5 89 82 21 67 60 73 91 63 14 94 53 47 56 33 40 96 30 43 16 83 1 69 11 46 10 38 31 49 6 81 90 66 72 45 48 85 70 3 95 77 78 65 92 25 50 57 42 17 9
61 86
93 83
36 68
97 98
76 87
76 44
76 20
76 6
76 90
98 77
98 81
98 44
44 80
44 88
44 42
44 38
80 91
99 12
99 69
99 19
62 94
62 64
64 55
64 78
64 46
18 39
18 50
87 1
87 74
87 96
20 39
27 16
75 54
75 56
54 51
54 69
54 4
41 15
88 46
59 21
68 42
24 86
24 78
12 77
12 21
7 72
15 39
15 72
34 21
34 31
8 30
2 82
51 11
51 58
86 45
37 5
37 77
89 95
89 69
89 30
82 46
21 70
21 9
67 16
60 9
73 43
91 48
91 14
63 17
53 47
47 56
33 49
33 42
33 40
30 83
43 49
16 25
69 10
81 65
90 66
45 3
48 25
85 42
78 57
92 17
25 17