30 0 40 1 4 5 6 7 8 9 10 11 12 13 15 16 17 18 19 20 21 22 23 24 25 26 27 28 29 31 32 33 34 35 36 37 38 39 3 2 14 43 45 46 47 48 49 50 51 52 53 54 55 56 57 60 61 64 72 73 74 88 92 93 94 95 96 97 98 99
30 40
30 0
0 1
0 49
0 50
0 99
0 48
0 98
0 47
0 97
0 92
0 53
0 10
0 60
0 95
0 7
0 57
0 96
0 93
0 52
0 94
0 6
0 56
0 54
0 51
0 38
0 88
0 22
0 72
0 5
0 55
0 23
0 73
0 24
0 74
0 11
0 61
0 31
0 8
0 39
0 35
0 25
0 15
0 28
0 26
0 36
0 37
0 29
0 27
0 16
0 32
0 21
0 17
0 12
0 18
0 19
0 34
0 13
0 33
0 20
0 9
1 46
1 3
1 2
1 14
1 64
4 3
8 45
11 43