36 39 49 91 97 1 10 73 74 77 80 85 94 96 2 7 3 28 29 30 40 48 59 62 72 83 47 81 84 35 58 56 20 23 43 44 50 22 32 82 70 31 37 46 52 8 76 89 16 33 61 93 21 55 87 95 24 67 68 65 88
36 1
39 93
39 56
49 67
49 80
49 40
91 81
97 85
97 58
1 74
10 21
10 23
10 73
10 96
73 44
74 68
74 83
77 59
80 76
85 70
94 52
94 84
2 29
2 7
2 3
7 31
3 47
28 55
28 33
28 48
30 83
30 65
30 47
30 16
40 61
48 21
59 20
59 93
62 43
62 52
72 21
83 81
47 82
47 32
81 22
84 87
35 31
56 89
56 70
23 50
43 37
22 89
31 24
46 89
8 16
61 65
21 68
87 67
95 88
68 88