0 23 25 26 27 1 20 28 29 30 2 11 16 9 31 32 33 3 7 34 35 36 4 10 8 37 38 39 5 17 40 41 42 6 43 44 45 46 47 48 12 24 49 50 51 52 53 54 55 56 57 58 59 60 61 62 63 13 21 14 64 65 66 15 22 67 68 69 70 71 72 73 74 75 76 77 78 18 79 80 81 19 82 83 84 85 86 87 88 89 90 91 92 93 94 95 96 97 98 99
0 25
0 26
0 27
23 96
23 95
23 94
25 78
1 28
1 29
1 30
20 86
20 85
20 87
30 35
2 32
2 31
2 33
11 58
11 60
11 59
16 74
16 73
16 75
9 54
9 53
31 82
32 61
33 69
3 34
3 36
3 35
7 48
7 46
7 47
36 77
4 38
4 39
4 37
10 56
10 57
8 50
8 51
8 49
37 86
38 88
39 62
5 41
5 42
17 76
17 77
17 78
40 61
42 71
6 44
6 43
6 45
44 78
45 93
47 51
48 98
12 63
24 99
24 98
24 97
51 77
52 57
53 93
55 95
56 92
58 66
62 97
62 94
62 73
63 95
13 64
13 66
13 65
21 90
21 89
21 88
14 67
14 69
14 68
64 85
15 70
15 71
15 72
22 91
22 93
22 92
68 96
70 95
18 80
18 79
18 81
81 96
19 83
19 84
19 82