0 5 16 25 26 27 1 21 28 29 30 2 9 3 31 32 33 7 34 35 36 4 11 37 38 39 12 40 41 42 6 43 44 45 46 47 48 8 14 49 50 51 10 52 53 54 55 56 57 22 58 59 60 17 61 62 63 13 64 65 66 67 68 69 15 19 23 70 71 72 73 74 75 76 77 78 18 79 80 81 82 83 84 20 24 85 86 87 88 89 90 91 92 93 94 95 96 97 98 99
0 25
0 27
0 26
5 40
5 41
5 42
16 73
16 74
16 75
26 29
27 56
1 30
1 28
1 29
21 88
21 89
21 90
29 35
2 33
2 31
2 32
9 52
9 53
9 54
3 36
3 35
3 34
31 63
7 48
7 46
7 47
36 38
4 38
4 37
4 39
11 58
11 59
11 60
39 90
39 47
39 75
12 61
12 62
12 63
41 99
41 93
42 76
6 44
6 45
6 43
43 85
46 66
46 81
8 51
8 50
8 49
14 67
14 69
14 68
50 77
10 56
10 55
10 57
52 86
52 76
52 58
56 77
56 72
22 91
22 92
60 94
17 76
17 78
62 78
63 71
13 65
13 66
13 64
69 71
15 70
15 71
19 83
19 84
19 82
23 96
23 94
23 95
76 82
77 92
78 92
18 80
18 79
18 81
20 85
20 87
20 86
24 97
24 99
24 98