0 1 15 25 26 27 28 29 30 2 13 4 31 32 33 3 34 35 36 23 24 37 38 39 5 21 40 41 42 6 8 9 19 43 44 45 7 46 47 48 49 50 51 52 53 54 10 20 55 56 57 11 16 58 59 60 12 61 62 63 64 65 66 14 67 68 69 22 70 71 72 73 74 75 17 76 77 78 18 79 80 81 82 83 84 85 86 87 88 89 90 91 92 93 94 95 96 97 98 99
0 27
0 25
0 26
1 28
1 29
15 70
15 72
15 71
26 55
27 74
28 32
29 68
29 85
30 81
2 31
2 33
2 32
13 64
13 66
13 65
4 38
4 37
4 39
31 49
3 34
3 35
3 36
34 89
35 57
23 95
23 94
23 96
24 99
24 98
24 97
37 54
39 44
5 42
5 40
5 41
21 90
21 88
40 66
6 43
6 44
6 45
8 51
8 49
8 50
9 52
9 54
9 53
19 84
19 83
19 82
45 62
7 48
7 46
7 47
47 78
53 86
53 58
10 56
10 55
20 85
20 86
20 87
55 58
11 60
11 59
11 58
16 74
16 75
16 73
59 65
12 63
12 61
61 67
64 89
14 68
14 67
14 69
67 82
22 91
22 92
22 93
70 76
72 89
17 76
17 78
17 77
18 79
18 80
18 81
79 85
84 90
85 97
90 92
93 94