0 40 11 32 61 6 78 56 13 12 9 15 35 71 53 16 50 58 19 66 39 65 31 28 79 21 2 68 41 23 48 33 38 4 34 74 27 7 10 17 20 49 52 55 59 60 69 70 73 76 82 83 87 88 89 1 3 14 26 29 30 45 51 57 64 80 81 84 86 75 67 62 24 18 85 54 22 36 37 8 72 77 42 44 25 46 63 47 5 43
0 58
40 3
11 57
11 26
32 6
32 29
61 74
61 70
61 82
78 74
56 60
13 3
12 23
9 67
9 5
15 44
35 28
35 76
35 52
35 46
71 10
71 67
53 69
53 58
16 1
50 43
50 42
58 37
19 18
66 70
66 30
39 75
39 83
39 62
65 25
65 67
65 60
31 80
28 59
79 62
21 72
2 48
2 43
68 45
41 17
23 7
23 38
33 46
33 88
4 75
4 8
34 25
34 70
27 63
27 55
7 64
17 88
20 8
49 75
49 80
52 81
52 1
52 45
55 70
60 14
70 3
73 82
76 72
76 77
76 18
82 54
87 3
89 86
29 57
29 24
29 85
51 57
51 80
57 37
64 25
81 86
84 5
86 44
18 36
85 46
22 77
25 43
46 43
47 5