0 1 2 5 4 3 26 27 28 13 29 40 39 30 35 36 37 38 16 14 19 12 7 6 11 8 9 10 15 21 20 23 25 24 22 32 33 31 34 17 18 45 44 43 42 41 46 47 48 49 50 51 55 52 74 53 56 54 58 60 61 73 57 70 59 68 62 67 69 66 63 64 65 71 72 75 76 77 78 79
0 6
0 3
0 17
1 2
1 26
2 5
2 77
5 12
5 13
4 3
4 7
27 28
28 13
29 40
29 30
29 39
30 77
30 35
30 19
30 34
35 36
36 37
37 38
38 24
38 22
16 14
14 19
12 65
12 11
6 55
6 8
6 9
10 15
15 75
21 23
21 20
23 76
23 25
32 31
32 78
33 34
17 46
17 45
18 79
18 41
44 52
43 42
42 41
46 49
47 48
48 72
50 51
50 55
51 75
55 54
52 53
74 53
53 56
56 58
56 57
56 73
54 60
54 58
61 69
57 70
57 59
70 68
70 76
59 62
62 63
62 64
62 65
67 66
67 78
69 71
66 71
66 64
71 72
78 79