18 8 17 3 1 7 16 15 0 4 10 9 19 20 21 22 2 5 6 13 14 11 12 24 23 25 26 27 37 50 51 30 36 48 49 31 38 39 55 54 52 53 28 29 35 34 45 44 46 47 32 33 42 43 62 60 61 40 41 58 59 57 56 65 66 72 73 74 75 76 77 78 95 96 98
18 8
8 3
8 17
3 1
3 7
1 0
1 4
7 15
7 16
0 2
4 9
4 10
10 21
10 22
9 19
9 20
2 5
2 6
5 11
5 12
6 13
6 14
11 23
11 24
24 25
25 37
25 26
25 27
26 28
26 29
27 31
37 30
37 51
37 50
50 75
50 76
51 77
51 78
30 36
36 49
36 48
48 72
49 74
49 73
31 39
31 38
38 53
38 52
39 55
39 54
28 33
28 32
29 34
29 35
35 46
35 47
34 45
34 44
45 66
45 65
32 40
32 41
33 42
33 43
42 60
42 61
43 62
60 95
60 96
61 98
40 56
40 57
41 58
41 59