0 1 2 4 5 6 7 8 10 11 12 13 14 16 17 18 20 22 23 24 25 26 28 29 30 31 32 33 35 36 37 38 41 42 43 45 46 47 49 50 53 54 55 56 57 58 60 61 62 65 66 68 69 70 73 74 77 78 79 81 82 85 86 89 90 92 93 94 95 96 97 98
0 33
0 23
1 36
1 12
2 38
2 14
2 37
4 31
4 5
4 42
5 43
5 29
6 46
6 45
7 47
7 30
7 25
8 49
8 50
8 23
10 54
10 28
11 56
11 55
11 12
12 57
13 60
13 30
14 61
14 62
14 32
16 65
16 31
17 68
17 20
18 70
18 20
18 69
20 25
20 73
20 74
22 32
22 25
22 78
22 77
23 32
24 81
24 25
24 82
25 29
26 86
26 32
26 85
28 89
28 29
29 92
31 96
31 95
32 97
32 98
33 35
41 43
45 47
53 55
54 56
58 60
66 68
77 79
90 92
93 95
94 96