67 90 95 99 34 37 49 64 71 58 13 72 83 4 16 25 55 57 65 84 5 18 33 35 42 52 53 89 96 6 39 41 59 63 70 97 38 27 29 62 66 80 31 45 74 91 14 48 82 94 69 73 98 21 76 92 87 56 47 54
67 52
90 89
95 27
95 39
95 92
95 18
95 31
95 73
99 13
99 52
34 91
34 47
34 65
34 84
37 91
37 55
37 49
37 16
49 71
49 66
64 5
64 58
64 83
58 48
58 76
72 91
83 56
4 57
16 74
16 25
57 35
57 52
57 41
65 14
84 59
5 52
5 53
33 42
33 63
35 54
42 70
52 38
52 27
52 21
89 29
96 91
6 63
6 41
97 69
97 82
38 80
29 69
62 14
62 94
80 98
45 94
82 87
69 92
69 47