0 2 5 54 56 59 71 78 87 1 30 63 66 70 94 7 10 55 62 85 3 15 84 43 20 38 50 92 6 16 48 65 98 99 8 23 52 72 9 19 27 44 76 81 11 36 40 34 75 83 13 29 51 61 97 14 22 24 41 67 47 96 18 60 17 21 28 53 68 82 90 77 42 95 73 79 80 86 25 49 74 31 45 32 39 35 91 57 58
0 56
0 59
2 62
2 55
2 85
5 38
5 20
54 55
54 18
54 75
56 32
56 27
71 78
71 57
78 30
78 47
78 61
87 72
1 94
63 11
63 53
63 49
63 6
66 53
70 72
70 91
94 79
94 42
94 24
7 92
7 3
10 81
55 98
62 80
15 96
15 65
84 91
43 98
43 73
43 21
38 13
50 48
50 73
92 76
16 67
65 39
98 40
99 90
8 23
23 19
23 25
52 57
9 27
9 76
9 19
19 96
19 95
27 22
27 74
27 41
44 60
44 51
76 75
81 25
81 31
81 58
11 36
36 45
34 42
34 90
83 49
13 61
13 29
51 14
61 25
97 82
14 41
22 79
67 82
96 82
18 77
60 91
17 28
21 68
28 74
82 35
82 86
31 45