0 5 24 25 26 27 1 16 28 29 30 2 9 31 32 33 3 34 35 36 4 11 37 38 39 40 41 42 6 14 43 44 45 7 21 46 47 48 8 13 49 50 51 52 53 54 10 22 19 55 56 57 12 58 59 60 17 61 62 63 20 18 64 65 66 67 68 69 15 23 70 71 72 73 74 75 76 77 78 79 80 81 82 83 84 85 86 87 88 89 90 91 92 93 94 95 96 97 98 99
0 26
0 27
0 25
5 41
5 40
5 42
24 98
24 99
24 97
26 96
26 77
27 73
1 28
1 29
1 30
16 75
16 74
28 81
29 79
2 33
2 32
2 31
9 52
9 54
9 53
31 97
3 34
3 35
3 36
35 97
35 53
4 39
4 37
4 38
11 59
11 60
39 75
39 83
40 93
6 43
6 45
6 44
14 69
14 67
14 68
43 81
43 52
7 46
7 48
7 47
21 88
21 89
21 90
46 71
8 50
8 51
8 49
13 65
13 66
13 64
51 82
54 84
10 56
10 55
10 57
22 93
22 91
22 92
19 84
19 83
19 82
55 74
12 62
12 63
58 87
60 74
17 76
17 78
17 77
61 67
63 64
20 86
20 87
20 85
18 80
18 81
65 80
68 73
69 71
15 71
15 72
15 70
23 95
23 94
23 96
73 83
78 89
79 87
88 93