0 1 2 3 4 5 6 7 8 9 10 11 12 13 14 16 17 18 19 20 21 22 23 24 25 26 27 28 29 30 31 32 33 34 35 36 37 38 39 40 41 43 44 45 46 48 50 53 55 56 57 58 59 60 62 64 66 68 69 75 79
0 1
1 37
1 3
1 2
3 4
4 5
4 29
5 6
6 8
6 7
6 39
7 27
8 9
9 28
9 10
10 14
11 14
11 12
12 13
16 39
17 18
18 23
18 19
18 26
19 20
20 21
20 22
24 25
25 40
26 29
27 31
28 38
30 31
31 32
32 34
33 37
33 35
35 36
39 40
40 41
40 68
41 64
41 44
43 50
43 55
43 62
44 55
44 46
45 66
45 46
46 48
53 56
56 57
57 60
58 60
58 59
59 79
60 75
62 69
68 75