0 6 5 9 2 14 17 11 10 15 23 20 26 25 37 31 34 32 33 42 40 47 41 54 56 50 59 53 60 62 63 68 69 71 76 79 72 74 89 86 87 84 85 98 97 94 99 1 12 21 52 67 90 13 36 45 75 83 3 7 88 82 80 4 8 30 66 78 16 43 81 28 38 49 70 18 22 24 48 61 96 55 19 39 73 91 44 57 65 93 29 27 35 77 95 46 92 64 51 58
0 99
0 47
0 37
0 6
0 14
5 81
9 1
9 43
2 75
14 69
14 17
17 29
11 39
11 12
10 87
15 62
15 19
23 37
20 24
26 85
25 27
37 36
37 33
31 40
34 66
34 30
34 3
32 59
33 86
42 93
40 60
40 43
47 64
47 59
47 22
41 45
54 52
54 81
54 24
54 84
56 7
50 82
50 55
50 63
53 46
53 19
62 88
62 58
62 68
62 13
68 93
69 83
69 65
71 75
71 76
71 45
71 78
79 85
79 95
72 38
72 74
74 73
74 70
74 44
74 16
89 87
87 85
87 91
84 61
85 88
85 44
98 91
97 82
94 88
99 92
12 90
21 88
21 8
52 51
67 3
45 48
3 80
7 18
7 48
7 4
88 81
82 80
80 43
78 77
28 65
38 39
49 58
22 24
48 55
48 35
48 64
61 57
96 91
65 27