55 16 67 77 96 64 54 1 98 56 29 80 18 62 28 57 86 59 72 46 20 50 31 87 78 69 32 49 94 2 3 76 48 38 51 6 89 12 5 14 84 24 23 85 93 17 33 36 53 52 37 60 79 88 10 61 66 75 58 44 91 92 90 41 9 39 63 95 30 13 7 71 4 73 74 27 65 21 15 8 82 97 99 26 43 42 22 35 70 47 19 25 34 40 68 11 83 0 81 45
55 13
16 2
16 5
67 1
67 58
77 81
77 31
96 85
64 51
64 68
64 10
64 94
64 89
64 18
54 44
54 1
1 8
98 35
98 13
56 50
29 66
29 80
80 81
80 22
80 6
62 47
28 86
28 48
28 10
57 36
57 0
86 32
86 23
86 27
59 72
59 93
46 93
20 51
20 88
50 33
87 88
78 68
69 8
49 45
49 71
94 63
2 3
76 75
76 92
76 68
76 12
48 85
38 5
51 8
6 23
89 5
89 99
5 26
14 40
14 24
84 41
24 53
23 95
93 79
17 73
33 68
36 47
36 61
36 15
53 61
52 0
37 26
37 47
60 97
60 73
79 4
66 73
44 4
91 99
91 83
90 7
90 15
90 42
41 7
9 35
39 13
39 27
63 82
63 71
30 26
73 11
74 0
65 22
21 68
97 43
97 70
99 34
47 19
25 34