0 14 5 8 25 26 27 1 15 4 28 29 30 2 3 31 32 33 12 34 35 36 23 37 38 39 17 40 41 42 6 19 10 43 44 45 7 11 20 46 47 48 13 16 49 50 51 9 21 52 53 54 55 56 57 58 59 60 61 62 63 64 65 66 67 68 69 70 71 72 18 24 73 74 75 76 77 78 79 80 81 82 83 84 85 86 87 88 89 90 22 91 92 93 94 95 96 97 98 99
0 27
0 26
0 25
14 68
14 67
14 69
5 42
5 41
5 40
8 49
8 50
8 51
25 76
25 45
1 29
1 28
1 30
15 72
15 70
15 71
4 39
4 38
4 37
30 45
2 33
2 32
2 31
3 36
3 34
3 35
32 81
32 64
33 47
12 62
12 63
12 61
34 59
35 82
36 38
36 69
23 94
23 96
23 95
39 47
17 76
17 78
40 97
6 44
6 43
6 45
19 82
19 83
19 84
10 57
10 56
10 55
7 47
7 48
11 59
11 58
11 60
20 87
20 86
20 85
46 56
48 53
13 66
13 65
13 64
16 74
16 73
16 75
51 90
51 77
9 53
9 52
9 54
21 89
21 90
21 88
54 92
56 61
62 74
63 68
70 96
18 79
18 80
18 81
24 98
24 97
24 99
73 94
78 83
83 99
86 90
88 97
22 91
22 92
22 93