0 10 21 25 26 27 1 23 16 28 29 30 2 6 20 31 32 33 3 22 11 34 35 36 4 13 37 38 39 5 9 40 41 42 43 44 45 7 8 46 47 48 15 49 50 51 18 52 53 54 55 56 57 58 59 60 12 61 62 63 19 64 65 66 14 67 68 69 70 71 72 73 74 75 17 76 77 78 79 80 81 24 82 83 84 85 86 87 88 89 90 91 92 93 94 95 96 97 98 99
0 26
0 25
0 27
10 55
10 57
10 56
21 88
21 89
21 90
27 34
1 28
1 30
1 29
23 94
23 96
23 95
16 74
16 73
16 75
28 31
30 94
2 32
2 31
2 33
6 44
6 43
6 45
20 86
20 85
20 87
3 34
3 35
3 36
22 91
22 93
22 92
11 60
11 59
11 58
34 43
35 40
35 68
4 39
4 38
4 37
13 66
13 64
13 65
38 45
5 41
5 42
5 40
9 54
9 53
7 48
7 46
7 47
8 50
8 49
8 51
46 76
15 71
15 72
15 70
51 98
18 79
18 81
18 80
52 91
54 84
54 98
55 89
58 83
59 75
12 61
12 63
12 62
62 89
19 84
19 82
19 83
65 91
65 88
14 68
14 69
14 67
67 99
67 90
69 77
70 87
17 76
17 78
17 77
80 94
24 99
24 97
24 98
83 87
83 95