0 27 86 43 1 12 84 77 11 76 55 18 24 49 53 97 66 65 41 5 42 33 50 58 92 63 16 40 48 62 9 3 13 68 93 99 30 4 26 23 59 31 21 6 78 2 36 25 34 61 17 32 35 87 46 90 57 89 75 96 88 44 72 56 70 29 81 67 91 39 28 15 85 45 38 19 20 22 71 10 94 47 73 64 95 14 80 7 74 69 79 60 8 82 83 52 51 98 37 54
0 84
0 11
27 50
27 26
86 34
43 36
43 25
1 13
12 59
84 89
84 29
77 51
77 70
11 95
76 4
76 82
55 42
18 66
18 81
18 83
24 17
49 42
49 19
49 31
49 70
53 87
53 39
53 98
97 52
65 85
41 14
41 59
41 38
5 73
42 59
42 81
42 45
33 94
58 17
58 28
58 23
92 29
63 78
63 20
16 87
40 74
40 19
40 32
48 8
48 71
62 34
9 52
3 90
3 44
3 10
13 25
13 88
13 67
68 37
93 35
99 83
30 6
4 15
4 47
26 70
59 56
21 10
6 75
6 47
78 51
2 87
34 95
34 10
61 69
61 74
17 80
32 57
35 14
35 80
35 72
87 88
87 54
87 64
46 69
57 94
96 72
88 29
70 85
81 79
67 22
91 52
91 7
15 37
15 20
85 7
22 79
73 8
7 8
60 37