1 2 3 4 5 6 7 8 9 10 11 12 13 14 15 16 18 19 21 22 23 24 25 26 27 28 29 30 31 33 36 39 42 45 46 48 51 52 54 56 59 60 63 64 65 66 67 68 69 70 71 72 73 74 75 76 77 78 79 80 81 82 83 84 85 86 87 88 89 90 91 92 93 0
1 2
2 4
3 6
4 8
5 10
6 13
7 15
8 16
9 19
10 21
11 22
12 25
12 24
13 27
14 28
14 29
15 31
16 33
18 36
19 39
21 42
22 45
23 46
24 48
25 51
26 52
27 54
28 56
29 59
30 60
31 63
33 64
36 66
39 67
42 69
45 70
46 71
48 72
51 73
52 74
54 75
56 76
59 77
60 78
63 79
64 80
65 80
66 81
67 81
68 82
69 82
70 83
71 83
73 84
74 85
75 85
76 86
78 87
79 87
80 88
81 88
82 89
83 89
84 90
85 90
86 91
87 91
88 92
89 92
90 93
91 93
92 0
93 0