0 20 10 56 57 58 59 60 61 65 66 68 70 76 78 79 83 85 86 87 89 1 9 92 93 94 95 97 99 2 24 3 4 7 23 46 5 41 6 55 8 13 35 33 36 17 11 12 15 54 16 21 14 18 48 19 50 38 43 26 28 29 42 52 37 49 53 44
0 20
0 10
0 66
0 76
0 86
0 85
0 70
0 59
0 60
0 57
20 24
20 11
20 3
10 17
56 2
58 5
61 9
65 14
66 16
68 19
78 41
79 42
83 46
87 50
89 52
1 93
1 92
1 97
1 94
1 99
1 95
9 36
92 2
2 24
4 7
4 46
4 23
7 5
23 43
23 38
46 19
46 6
46 28
5 41
41 29
6 55
55 44
8 35
8 33
13 21
13 16
35 26
35 18
33 17
33 36
17 12
12 15
12 54
54 42
21 50
21 14
18 48
48 37
43 42
52 44
37 53
37 49