0 8 13 40 42 46 50 51 52 53 54 57 59 60 62 64 65 66 68 1 16 70 71 72 74 76 77 78 80 81 84 86 87 89 90 92 95 96 2 31 20 35 99 3 26 10 28 4 6 25 30 5 7 14 9 36 11 17 18 39 12 29 15 19 37 23 24 33 27 34 32
0 13
0 8
0 64
0 53
0 46
0 50
0 62
8 14
13 4
13 7
40 2
42 5
51 16
52 17
54 20
57 23
59 26
60 27
65 33
66 34
68 36
1 16
1 78
1 89
1 95
1 80
1 77
1 81
16 39
70 3
71 4
72 5
74 7
76 9
84 19
86 23
87 24
90 28
92 31
96 37
2 35
2 20
2 31
31 32
31 29
20 37
20 19
35 34
35 9
99 3
3 10
3 28
3 26
10 36
28 39
28 34
4 30
4 25
4 6
6 5
25 24
25 23
30 11
11 17
11 18
11 39
18 15
39 27
12 29
24 33