2 9 93 16 23 30 37 44 51 58 65 72 79 86 0 7 91 14 21 28 35 42 49 56 63 70 77 84 1 3 94 5 8 10 12 15 17 19 22 24 26 29 31 33 36 38 40 43 45 47 50 52 54 57 59 61 64 66 68 71 73 75 78 80 82 85 87 89 92 96 4 6 11 13 18 20 25 27 32 34 39 41 46 48 53 55
2 9
2 93
2 0
2 5
9 16
9 12
93 86
93 96
16 23
16 19
23 30
23 26
30 37
30 33
37 44
37 40
44 51
44 47
51 58
51 54
58 65
58 61
65 72
65 68
72 79
72 75
79 82
86 89
0 7
0 91
0 1
0 3
7 14
7 8
7 10
91 84
91 92
91 94
14 21
14 15
14 17
21 28
21 22
21 24
28 35
28 29
28 31
35 42
35 36
35 38
42 49
42 43
42 45
49 56
49 50
49 52
56 63
56 57
56 59
63 70
63 64
63 66
70 77
70 71
70 73
77 78
77 80
84 85
84 87
5 4
5 6
12 11
12 13
19 18
19 20
26 25
26 27
33 32
33 34
40 39
40 41
47 46
47 48
54 53
54 55