0 1 2 3 4 6 7 8 10 11 12 13 14 15 16 17 18 19 20 21 22 24 25 26 27 28 29 30 32 33 34 35 36 37 38 40 41 42 45 46 47 49 50 53 54 55 56 57 58 59 60 61 62 63 65 66 67 68 69 70 71 72 73 74 77 78 81 82 84 85 86 88 89 90 91 93 94 97 98
0 34
0 21
0 3
0 33
1 18
1 12
1 35
2 29
2 8
2 37
3 40
4 42
4 19
4 41
6 46
6 22
7 19
7 47
8 50
8 49
10 54
10 53
11 21
11 56
11 30
12 58
13 59
13 60
13 27
13 22
14 18
14 62
14 61
15 63
15 19
16 65
17 68
17 24
17 67
18 70
18 69
18 25
19 71
19 20
20 30
20 73
20 74
22 77
22 26
22 78
24 82
24 81
25 29
25 84
25 27
26 85
26 86
27 88
28 32
28 90
28 89
29 91
30 93
30 94
32 98
32 97
34 36
38 40
45 47
53 55
54 56
57 59
65 67
66 68
69 71
70 72
82 84
89 91