65 50 19 89 96 67 29 82 49 87 68 84 63 6 24 22 12 4 41 38 34 35 92 54 26 93 21 13 86 88 11 98 91 95 71 36 7 62 18 47 80 44 90 14 64 57 28 40 55 39 61 33 69 78 8 94 74 53 75 46 76 48 23 99 17 97 2 79 45 66 25 30 77 56 9 72 85 42 1 58 3 27 16 52 15 43 70
65 78
65 38
65 52
50 19
19 3
89 71
89 25
89 6
96 94
96 11
67 6
67 54
29 87
82 49
82 44
49 95
87 99
87 28
87 26
87 56
87 55
68 48
84 93
84 63
6 75
6 42
6 27
24 62
22 72
22 86
12 95
12 69
12 70
12 58
4 33
41 90
41 1
41 38
38 34
38 92
35 48
26 93
26 17
93 97
93 2
21 95
21 98
13 25
13 11
13 40
86 88
86 66
88 8
11 74
98 91
91 23
91 39
91 61
71 36
71 33
71 85
7 18
62 99
18 77
18 47
80 56
14 69
64 97
64 57
57 79
33 97
33 53
78 94
53 23
75 48
75 46
75 45
76 48
23 16
99 72
17 30
30 77
56 9
9 15
3 52
15 43