0 1 2 3 4 5 6 7 8 10 11 12 13 14 15 16 18 20 21 22 23 24 26 27 28 29 30 31 32 34 35 36 37 38 39 40 41 42 43 44 45 46 47 49 50 53 54 57 58 59 61 62 65 66 69 70 73 74 76 77 78 80 81 82 85 86 88 89 90 91 93 94 97 98
0 34
0 1
0 20
0 2
1 36
1 15
1 35
1 29
2 38
3 39
3 12
3 26
3 6
3 40
4 7
4 41
5 44
5 8
5 20
5 43
6 46
6 16
7 47
8 49
8 50
8 24
10 54
10 21
10 53
11 20
12 58
13 18
13 14
13 59
14 62
14 61
15 18
15 27
16 66
16 65
18 69
18 30
18 70
20 73
20 74
21 23
21 76
22 77
22 78
23 80
24 81
24 82
24 32
26 31
26 85
27 88
27 28
28 90
29 91
30 94
30 93
32 97
32 98
37 39
38 40
41 43
42 44
45 47
57 59
74 76
78 80
86 88
89 91