0 1 2 3 4 6 8 10 12 13 14 15 16 18 19 20 22 24 26 27 28 29 30 31 32 33 34 35 36 37 38 40 41 42 45 46 49 50 53 54 57 58 60 61 62 64 65 66 69 70 71 72 73 74 77 78 81 82 85 86 88 89 90 91 93 94 96 97 98
0 33
0 34
1 36
1 13
1 35
2 30
2 37
3 40
3 18
3 32
4 41
4 42
4 19
4 13
4 12
4 24
4 29
6 46
6 45
6 10
8 49
8 12
8 50
8 20
8 16
10 30
10 53
10 54
12 57
13 60
13 14
14 61
15 64
15 31
15 26
16 65
16 66
18 70
19 72
19 71
20 73
20 74
22 78
22 26
22 27
22 30
22 77
24 82
24 81
26 32
26 85
27 88
28 89
28 90
29 91
30 93
31 96
32 98
32 97
34 36
38 40
58 60
62 64
69 71
70 72
86 88
89 91
94 96