70 69 71 7 8 6 11 5 38 4 42 3 2 1 0 21 20 22 77 23 24 53 52 54 34 55 56 33 32 31 28 30 29 86 85 87 88 89 78 79 80 66 65 67 58 68 9 10 26 25 27 40 41 39 64 63 48 62 75 61 18 60 59 37 36 35 47 46 45 44 17 43 14 13 15 16 57 12 19 83 82 84 81 49 50 51 74 76 73 72 90 96 91 92 93 95
70 71
70 69
69 68
71 72
7 6
8 76
6 11
11 10
11 12
5 38
5 4
38 37
4 3
42 43
3 2
1 0
0 89
21 20
20 19
20 46
22 23
22 77
77 76
23 24
23 53
24 25
53 52
53 54
54 34
55 33
56 57
56 50
33 32
32 92
31 28
28 27
30 86
30 29
29 82
86 87
86 85
85 84
87 88
88 78
89 90
78 79
79 80
79 66
80 81
80 65
66 67
67 68
58 59
58 57
9 10
10 26
26 27
26 25
25 74
40 39
40 41
41 12
39 64
64 63
63 62
63 48
75 74
61 18
18 17
18 19
60 59
60 93
59 37
36 35
35 47
47 46
46 45
44 43
17 16
43 14
14 13
14 15
13 96
13 12
15 16
15 57
16 91
19 83
83 82
49 50
50 51
73 72
90 91
96 95
92 93