0 1 2 3 4 5 6 7 8 9 10 11 12 13 14 15 16 17 18 19 20 21 22 23 24 25 26 27 28 29 30 31 32 33 34 35 36 37 38 39 40 41 42 43 44 45 46 47 48 49 50 51 52 53 54 55 56 57 58 59 60 63 64 65 73 88
0 45
0 10
0 42
0 30
0 88
1 32
2 65
2 35
3 64
4 23
5 21
6 14
6 37
6 38
6 39
6 25
7 35
7 33
7 48
8 41
9 49
11 32
12 53
13 33
14 47
14 41
15 56
15 22
16 64
17 18
17 34
19 65
19 44
20 65
20 22
21 26
22 43
23 58
24 36
24 34
24 57
26 33
26 59
26 53
27 42
28 54
29 36
31 88
32 33
33 58
34 54
34 63
36 52
36 43
38 40
39 55
41 73
45 73
45 63
46 49
49 65
50 73
51 63
59 60
64 73