0 1 2 4 5 6 7 8 9 10 12 14 16 17 18 19 20 22 23 24 25 26 27 28 30 31 32 33 34 35 36 37 38 41 42 43 45 46 47 48 49 50 52 53 54 57 58 61 62 65 66 67 69 70 71 72 73 74 77 78 79 81 82 84 85 86 87 88 89 90 93 94 96 97 98
0 34
0 19
0 4
0 8
0 33
1 35
2 37
2 38
2 20
4 42
4 24
5 43
5 7
5 26
6 46
6 19
7 47
7 48
8 49
8 27
9 52
9 31
10 53
10 54
10 28
12 58
12 57
12 28
14 61
14 22
14 62
14 18
16 66
16 32
17 67
17 27
18 24
19 72
19 30
19 71
20 73
20 28
20 74
22 77
22 32
22 78
23 79
24 82
24 81
25 84
26 28
27 88
27 87
28 89
28 90
30 93
31 32
31 96
32 97
32 98
33 35
34 36
41 43
45 47
46 48
50 52
65 67
69 71
70 72
77 79
82 84
85 87
86 88
94 96