0 78 57 68 55 1 34 24 54 10 66 2 30 5 37 65 80 3 8 7 18 52 4 15 31 39 69 77 29 12 58 75 6 20 33 74 73 44 47 9 14 16 48 11 28 64 13 19 35 56 45 85 17 79 71 21 43 26 59 22 40 23 62 25 51 27 72 38 50 32 46 36 41 63 42 53 49 76 67 61 60 70
0 78
0 68
0 57
78 25
78 50
78 63
57 37
57 53
57 85
68 13
55 66
1 66
1 54
1 24
1 34
1 10
34 71
34 77
24 65
54 76
54 56
66 6
2 30
2 5
30 26
5 29
65 17
65 9
80 33
3 18
3 7
3 8
3 52
8 47
7 6
7 44
52 23
52 74
52 49
4 69
15 73
31 27
39 29
69 51
77 32
12 64
58 75
75 36
75 60
6 33
6 20
6 73
33 46
73 64
47 62
14 56
16 11
16 85
48 22
48 36
48 42
28 17
64 26
13 19
35 43
45 59
85 40
85 70
79 61
79 25
21 26
21 59
21 43
26 51
26 25
22 40
62 27
27 38
27 72
50 67
41 63