0 1 2 3 4 5 6 8 9 10 12 13 14 15 16 18 19 20 22 23 24 26 28 29 30 31 32 33 34 35 36 37 38 39 40 41 42 43 45 46 49 50 52 53 54 57 58 59 60 61 62 63 65 66 69 70 71 73 74 77 78 80 81 82 85 86 89 90 91 93 94 96 97 98
0 34
0 3
0 33
1 35
2 37
2 38
3 40
3 23
3 28
4 15
4 41
4 42
5 43
5 22
6 46
6 45
6 8
8 49
8 9
8 31
9 52
9 19
10 53
10 18
10 54
12 57
12 58
13 60
13 16
13 31
14 62
14 61
15 63
16 66
16 65
16 30
18 70
18 22
18 26
19 71
19 20
19 23
20 73
20 74
22 78
22 77
23 80
24 82
24 32
24 81
26 86
26 85
28 90
28 89
29 91
30 32
30 93
31 96
32 97
32 98
33 35
34 36
37 39
38 40
41 43
50 52
57 59
58 60
61 63
69 71
78 80
89 91
94 96