0 7 1 32 34 35 40 41 43 44 46 49 54 55 3 58 60 61 62 63 64 65 66 67 68 69 70 71 72 73 74 75 76 2 26 4 77 79 80 84 85 86 88 91 96 9 19 10 98 27 5 6 29 8 12 15 13 11 28 23 16 24 17 18 30 20 21 22 25
0 7
0 34
0 1
0 43
0 44
0 54
0 32
0 41
0 40
0 49
0 55
0 46
7 29
1 3
1 67
1 71
1 69
1 68
1 66
1 61
1 62
1 58
1 74
1 63
1 72
1 64
35 6
43 15
3 10
3 19
3 77
3 98
3 9
60 4
65 15
70 21
73 25
75 27
76 29
2 4
2 26
2 91
2 84
2 96
2 80
2 79
4 27
4 5
79 6
85 15
86 16
88 18
9 13
19 5
10 11
27 20
8 15
8 12
15 23
11 28
28 21
28 17
28 25
23 22
16 24
24 30
17 18
18 30