0 1 2 4 5 6 7 8 10 11 12 14 15 16 17 18 20 21 22 24 25 26 28 30 31 32 33 34 35 36 37 38 41 42 43 45 46 49 50 53 54 55 56 57 58 61 62 63 64 65 66 67 69 70 73 74 76 77 78 81 82 84 85 86 89 90 93 94 97 98
0 33
0 34
0 17
1 35
1 6
1 17
1 36
2 37
2 4
2 30
2 38
4 14
4 42
4 10
4 8
5 20
5 18
5 43
6 10
6 45
6 7
6 11
6 31
6 26
6 46
7 28
8 49
8 50
8 24
11 55
11 32
11 56
12 31
12 58
12 57
12 20
14 61
15 64
15 26
16 66
16 17
17 67
18 70
18 69
20 73
20 74
21 76
21 32
22 77
22 32
22 78
24 82
24 81
25 84
26 86
26 85
28 90
28 89
30 93
30 94
32 98
32 97
41 43
53 55
54 56
61 63
62 64
65 67
82 84