16 19 14 12 15 10 9 7 6 5 4 1 20 22 23 24 25 26 31 32 33 30 29 34 35 36 37 38 39 40 41 42 43 44 45 46 47 48 49 51 52 53 54 55 56 57 58 59 60 61 62 67 66 68 69 70 71 72 73 74 75 76 77 78 79 80 82 83 84 85 87 88 89 92 94 95 98 64 63 50
16 14
16 19
19 20
14 12
14 15
12 10
10 9
9 7
7 6
6 5
5 4
4 1
20 22
22 23
23 24
24 25
25 26
26 29
31 33
31 30
31 32
33 34
30 29
34 35
34 36
35 37
37 38
37 39
38 50
39 40
40 42
40 41
42 43
43 44
44 45
44 46
46 47
47 48
48 51
48 49
51 52
51 53
53 54
54 55
55 57
55 56
56 58
58 59
59 60
60 61
60 62
61 63
62 67
67 66
67 69
67 68
69 70
70 71
71 72
72 73
73 74
74 76
75 77
76 77
77 78
78 79
79 80
80 82
82 83
83 84
84 85
85 87
87 88
88 89
89 92
92 94
94 95
95 98
64 63