0 1 2 5 7 13 16 17 27 39 42 46 52 56 88 92 99 12 28 49 73 79 9 11 14 22 23 31 33 44 72 4 25 38 35 41 62 71 6 15 19 26 32 10 20 21 37 61 97 8 24 59 89 29 51 81 91 60 90 95 34 30 18 98 36 40 63 64 87 83 82
0 92
0 13
0 88
0 7
0 99
0 56
1 28
2 22
2 9
2 5
2 17
5 28
5 15
16 36
16 61
17 40
17 92
27 28
39 88
42 25
42 46
42 87
46 92
46 97
52 15
88 23
88 49
92 33
92 30
12 34
28 19
73 64
79 23
79 41
79 90
9 38
9 31
11 90
14 21
22 62
23 82
23 44
31 63
33 89
72 10
4 62
25 24
25 35
71 20
71 10
71 32
6 10
6 26
19 37
20 36
20 37
21 81
37 60
8 51
24 51
59 63
89 64
29 87
81 34
91 64
95 34
95 18
34 83
18 64
98 82