0 3 4 6 13 15 20 21 22 23 24 25 27 29 33 35 36 37 38 39 40 42 45 46 47 48 49 50 56 59 64 68 69 70 71 72 74 75 79 80 81 82 88 90 91 92 96 97 99 1 5 8 9 11 18 26 30 31 32 51 52 53 55 61 62 63 66 76 77 78 84 85 87 89 93 2 7 12 16 17 19 28 43 44 54 57 60 65 83 86 10 58 67 73 94 98 34 41 14 95
0 68
3 5
3 21
3 92
4 19
6 25
13 39
15 84
20 37
20 10
21 16
22 7
23 68
23 56
24 72
25 56
25 88
27 69
27 40
27 12
29 46
33 38
33 83
35 8
35 66
35 78
36 11
36 66
37 30
39 32
39 90
40 49
40 87
42 60
42 71
42 77
45 86
45 43
46 85
46 58
46 63
46 69
47 7
48 5
48 56
48 58
48 65
49 62
49 79
50 94
50 10
50 82
56 97
59 96
59 31
59 91
64 34
64 52
64 90
70 63
72 85
72 61
74 89
75 81
80 60
81 9
81 43
81 95
81 41
92 1
97 30
99 78
5 53
5 57
8 26
9 2
18 26
31 89
31 95
32 93
51 19
52 14
52 83
52 98
53 60
53 44
55 16
61 73
63 95
66 58
66 67
76 67
78 84
93 67
7 83
7 28
17 83
19 58
54 57