0 1 2 3 4 5 6 7 8 9 10 11 12 13 14 15 16 17 18 19 20 21 22 23 24 25 26 27 28 29 30 31 32 33 34 35 36 37 38 39 40 41 42 43 44 45 46 47 48 49 50 51 52 53 54 55 56 57 58 59 60 61 62 63 64 65 66 67 68 69 70 71 72 73 74 75 76 77 78 79 80 81 82 83 84 85 86 87 88 89 90 91 92 93 94 95 96 97 98 99
0 86
1 68
2 45
2 94
3 95
3 80
4 68
4 44
4 73
5 39
6 71
6 7
7 8
8 32
9 37
10 25
11 63
11 98
12 74
13 74
13 54
14 91
14 69
14 47
15 56
16 51
17 66
17 34
18 83
18 96
19 64
19 20
19 76
20 21
21 75
22 62
23 31
23 70
23 24
25 77
25 87
26 89
26 76
27 47
27 65
27 61
28 82
29 66
30 88
31 37
32 33
35 97
36 94
37 42
38 84
39 67
40 44
40 99
41 61
42 77
43 90
45 95
45 93
46 51
47 64
47 49
48 90
50 79
51 67
51 55
52 83
52 68
53 56
56 65
56 88
56 59
57 69
57 78
58 98
59 60
59 81
62 85
63 66
63 70
65 66
67 89
70 71
70 85
71 72
72 95
74 84
77 79
82 83
83 86
84 86
90 91
92 93
93 97
95 96