0 1 2 3 4 5 6 7 8 9 10 11 12 14 15 16 18 19 20 22 24 26 27 28 29 30 31 32 33 34 35 36 37 38 39 41 42 44 45 46 47 49 50 51 53 54 56 57 58 61 62 63 65 66 69 70 71 73 74 77 78 81 82 85 86 87 88 89 90 91 92 93 94 95 96 97 98
0 12
1 28
1 35
1 36
2 37
2 19
2 38
3 39
3 32
3 29
3 15
4 32
4 41
4 42
4 9
5 44
5 12
6 45
6 46
6 24
7 47
7 26
7 18
8 49
8 50
9 51
10 11
10 32
10 53
10 54
12 57
12 58
14 62
14 22
15 63
15 30
16 31
16 66
16 65
18 19
18 70
19 22
19 31
19 71
20 73
20 28
20 74
22 77
22 78
24 81
24 82
26 86
27 88
27 87
28 89
28 90
29 92
31 95
31 96
32 98
32 97
33 35
34 36
37 39
42 44
45 47
49 51
54 56
61 63
69 71
85 87
86 88
89 91
90 92
93 95
94 96