0 9 18 25 26 27 1 8 20 28 29 30 2 24 31 32 33 3 4 11 34 35 36 12 16 23 37 38 39 5 15 40 41 42 6 14 43 44 45 7 46 47 48 17 49 50 51 52 53 54 10 21 55 56 57 58 59 60 13 61 62 63 64 65 66 67 68 69 70 71 72 73 74 75 76 77 78 19 79 80 81 82 83 84 85 86 87 22 88 89 90 91 92 93 94 95 96 97 98 99
0 26
0 25
0 27
9 53
9 52
9 54
18 79
18 81
18 80
25 59
26 56
1 30
1 29
1 28
8 51
8 49
8 50
20 87
20 85
20 86
28 76
2 31
2 32
2 33
24 97
24 99
24 98
31 36
31 87
3 34
3 35
4 39
4 38
4 37
11 59
11 58
11 60
34 55
34 36
12 63
12 61
12 62
16 73
16 75
16 74
23 95
23 94
23 96
38 71
5 41
5 40
5 42
15 72
15 70
15 71
41 66
6 44
6 43
6 45
14 67
14 68
43 88
7 46
7 47
46 57
47 91
48 57
48 76
17 76
17 77
17 78
49 97
50 71
51 78
52 73
53 70
53 64
10 56
10 57
10 55
21 88
21 89
21 90
13 64
13 65
13 66
61 85
67 69
69 98
70 94
72 81
19 82
19 84
19 83
80 89
82 86
22 91
22 93
22 92