0 5 1 31 54 42 50 2 37 27 3 4 56 35 6 22 32 7 12 48 8 41 9 47 11 10 59 24 39 13 16 25 14 28 21 15 17 38 43 18 45 19 20 52 26 23 30 53 29 36 49 33 55 34 57 40 44 46 51 58 60
0 5
0 55
5 35
1 42
1 50
1 54
31 41
31 58
54 11
50 35
50 25
2 39
2 9
37 57
37 34
27 21
3 16
3 4
4 20
56 16
35 20
6 32
6 22
22 24
32 8
7 12
12 24
48 15
48 18
48 19
8 41
8 29
8 51
41 19
41 44
47 46
47 17
10 59
59 43
24 46
39 28
13 25
14 46
14 53
14 28
28 49
28 60
21 17
21 26
17 52
38 30
43 51
18 45
45 34
20 52
23 30
30 49
29 36
33 55
34 40