0 36 38 30 43 4 39 20 57 34 12 23 28 59 22 26 44 33 51 32 69 70 71 72 73 74 75 76 77 78 79 81 82 83 84 85 87 89 90 91 92 93 94 95 96 97 98 99 19 6 7 15 60 25 54 31 42 64 52 18 65 58
0 36
0 32
0 87
0 98
0 38
0 92
0 89
0 91
0 99
0 69
0 95
0 94
0 70
0 79
0 77
0 72
0 90
0 78
0 71
0 34
0 82
0 84
0 97
0 83
0 74
0 75
0 96
0 73
0 85
0 81
0 76
36 42
36 18
36 6
36 31
36 51
36 93
38 7
38 64
38 65
38 25
30 44
30 87
43 51
4 19
39 95
20 82
57 52
57 59
57 22
12 28
12 23
23 26
23 85
28 54
59 15
22 84
33 90
51 60
81 19
64 58