0 7 1 35 38 40 42 43 46 50 2 54 55 56 57 58 59 61 62 63 65 67 68 69 70 71 29 8 72 73 81 83 84 87 89 90 3 18 91 94 95 96 97 99 4 30 17 5 10 6 12 21 26 9 13 11 24 27 14 15 16 32 19 20 22 23 25 28 31
0 1
0 7
0 42
0 43
0 50
0 46
0 35
7 17
7 58
1 2
1 54
1 67
1 63
1 59
1 56
1 69
1 61
1 70
38 9
40 14
2 29
2 8
2 89
2 81
2 73
55 4
57 6
62 14
65 22
68 25
71 31
29 10
8 21
8 26
72 3
83 19
84 23
87 28
90 31
3 18
3 96
3 91
3 97
18 6
18 15
18 32
91 5
94 10
95 11
96 13
99 16
4 17
4 30
30 16
30 31
6 12
12 27
21 9
21 14
21 22
26 19
9 13
11 24
24 27
32 28
19 20
22 23
23 25