95 47 22 71 48 2 20 83 9 32 41 57 59 69 12 18 80 85 23 1 11 16 39 67 79 88 64 38 5 21 46 50 10 97 70 0 24 90 73 15 37 75 94 98 74 42 86 8 14 19 49 82 54 26 36 55 29 68 89 93 30
95 0
95 26
47 85
47 46
47 90
22 38
22 30
71 19
71 32
71 21
48 32
2 67
20 50
20 42
83 5
9 38
9 49
9 55
9 79
32 80
32 36
41 69
57 90
59 75
59 64
59 79
69 75
69 93
12 18
12 26
80 29
85 11
85 15
85 24
23 24
1 30
11 88
11 70
16 38
16 94
16 8
39 90
67 90
79 97
79 15
88 5
88 14
38 50
5 0
46 74
46 86
10 54
10 15
73 68
73 37
15 19
37 75
98 36
19 82
36 89