0 1 3 5 95 4 98 6 9 99 8 10 11 14 13 15 16 19 18 20 21 24 23 25 26 29 28 30 31 34 33 35 36 39 38 40 41 44 43 45 46 49 48 50 51 54 53 55 56 59 58 60 61 64 63 65 66 69 68 70 71 74 73 75 76 79 78 80 81 84 83 85 86 89 88 90 91 94 93 96
0 1
0 3
0 5
0 95
1 4
5 6
5 8
5 10
95 96
95 98
95 90
6 9
99 96
10 11
10 13
10 15
11 14
15 16
15 18
15 20
16 19
20 21
20 23
20 25
21 24
25 26
25 28
25 30
26 29
30 31
30 33
30 35
31 34
35 36
35 38
35 40
36 39
40 41
40 43
40 45
41 44
45 46
45 48
45 50
46 49
50 51
50 53
50 55
51 54
55 56
55 58
55 60
56 59
60 61
60 63
60 65
61 64
65 66
65 68
65 70
66 69
70 71
70 73
70 75
71 74
75 76
75 78
75 80
76 79
80 81
80 83
80 85
81 84
85 86
85 88
86 89
90 91
90 93
91 94