33 95 45 2 37 43 49 1 10 82 23 60 76 71 61 34 20 99 39 67 53 32 68 16 73 51 56 28 66 94 52 31 18 63 17 64 9 77 47 54 75 7 87 42 72 3 11 13 26 98 96 59 12 80 58 90 35 50 84 93 22 27 29 36 48 81 85 5 86 25 92 91 41
33 91
33 43
95 82
95 11
95 63
95 13
95 99
95 64
45 80
45 10
2 1
2 17
37 49
37 27
49 87
1 39
23 3
23 60
23 81
60 84
76 39
71 47
61 53
61 52
34 84
20 99
20 85
39 56
67 9
53 16
53 77
32 64
68 63
73 58
51 28
51 94
56 59
28 9
28 54
66 93
94 90
94 64
52 93
52 29
31 50
31 35
31 63
18 42
17 3
77 58
47 36
47 96
75 7
7 81
42 93
72 3
72 92
3 90
11 48
13 29
26 96
98 96
98 35
59 41
12 27
12 80
35 5
93 86
22 41
27 91
48 25
48 91