50 49 2 51 52 53 0 86 54 55 31 32 30 13 29 63 64 56 62 83 61 60 59 3 4 5 9 8 10 82 85 25 24 26 72 11 27 28 70 39 12 92 80 91 93 43 94 18 95 38 46 17 19 20 48 21 67 75 14 22 23 57 40 42 58 41 35 34 36 37 77 78 76 79 33 65 15 16 66 90 89 88 73 44 45 87 71 74 47 68 69 1 81 84 7 6
50 52
49 76
49 90
2 63
2 1
51 52
52 53
53 54
53 86
0 1
86 32
86 87
54 55
55 36
55 56
31 30
32 33
30 13
13 14
29 28
63 64
62 83
62 61
83 9
83 5
83 84
83 3
60 59
59 58
59 14
59 71
3 4
5 6
9 82
9 10
8 72
82 81
85 27
85 84
25 24
24 73
24 23
26 11
72 71
72 1
72 44
11 12
27 28
70 92
70 34
70 71
39 38
12 92
92 91
92 80
92 93
80 79
80 81
91 90
93 43
93 94
94 95
18 19
18 46
38 73
46 47
17 37
20 21
48 47
48 66
21 22
21 75
67 22
67 68
75 76
75 74
14 65
14 15
57 40
40 41
42 41
41 35
35 36
34 36
36 37
77 76
78 79
15 16
66 71
89 73
88 87
73 71
44 45
68 69
7 6