22 72 43 28 52 2 38 26 41 96 65 25 36 87 44 1 59 79 55 29 80 95 17 33 12 15 93 39 83 71 97 34 70 37 62 82 5 40 60 27 69 18 85 7 32 54 24 66 73 48 50 3 78 68 42 16 11 21 90 8 63 4 98 20 45 89 46 51 84 30 35 10 57 6 49 9 58 88 81 64 76 75 47 86 56 94 74 14 67 13 61 31 91 77 53 92 0 99 19 23
22 49
72 70
43 78
28 53
28 32
28 37
52 59
2 25
2 4
2 81
38 93
38 88
26 76
26 80
41 84
41 50
96 69
65 8
65 36
65 88
65 10
65 89
25 36
25 5
25 70
87 67
44 16
44 86
1 40
59 33
59 90
79 88
79 62
79 49
55 60
55 51
29 74
29 73
80 27
80 11
95 23
17 15
33 21
12 18
15 13
39 48
83 77
71 68
97 98
97 53
34 67
70 20
82 32
5 11
40 69
60 75
69 35
18 46
18 32
18 78
85 73
7 94
7 75
7 63
54 81
24 8
66 23
73 67
73 64
48 57
50 9
50 3
68 10
68 13
68 86
42 30
42 9
42 0
11 90
21 58
90 31
90 47
8 19
8 14
45 75
46 94
46 77
30 19
35 9
57 6
6 75
9 92
9 64
9 56
88 77
14 99
61 53
91 77
92 23