0 2 1 4 5 21 88 3 76 7 9 10 11 48 6 90 8 49 12 20 95 14 51 13 17 50 19 22 75 15 23 96 18 28 26 27 45 55 43 53 24 25 81 38 46 35 39 41 31 40 32 80 30 74 33 34 94 64 36 37 54 52 59 68 69 56 71 47 60 61 62 73 72 67 66 57 98 84 70 87 99
0 2
2 76
1 4
1 88
4 48
4 11
5 6
5 90
21 20
21 43
88 55
3 9
3 76
3 7
3 10
7 49
9 95
9 20
10 51
10 14
11 51
6 8
8 49
8 12
12 50
13 75
13 19
17 18
17 28
50 73
19 55
19 15
22 45
22 55
22 53
15 96
23 81
96 71
18 45
18 26
18 27
28 30
26 40
26 31
27 80
55 60
55 46
53 33
24 38
25 39
25 35
81 41
38 56
35 54
35 36
41 52
32 94
80 94
30 74
33 64
34 64
64 84
36 52
36 59
37 68
37 69
37 54
54 67
52 72
56 66
47 61
60 61
61 62
62 98
72 84
67 57
66 70
98 87
70 87
87 99