0 70 28 51 13 8 74 36 47 7 26 2 64 66 42 87 20 92 34 18 80 98 49 43 57 65 31 46 24 79 12 84 55 56 11 50 21 3 94 41 9 60 30 14 82 27 40 77 61 62 59 58 48 52 29 33 85 73 86 35 91 71 45 67 53 68 32 96 10 93 25 76 72 97 39 90 83 38 88 16 81 6 95 44 89 5 22 63 15 37 19 75 1 69 17 54 4 23 78
0 37
70 28
28 23
51 23
13 83
13 8
74 36
36 9
36 23
36 56
36 84
47 7
7 26
7 4
26 89
2 19
64 52
64 23
66 23
42 24
42 87
20 6
92 17
34 23
18 80
80 98
98 49
49 43
43 81
43 44
43 57
57 65
31 46
46 48
24 6
24 79
79 12
55 23
11 72
50 73
21 85
3 17
94 1
94 68
41 39
41 9
41 22
9 4
60 4
30 54
14 6
14 83
14 82
27 59
40 77
77 69
61 62
61 59
59 4
58 39
48 23
52 29
29 90
33 23
85 23
73 86
86 17
35 91
91 25
71 16
45 23
67 68
53 68
32 44
32 96
10 93
10 23
25 23
25 76
72 97
72 75
97 63
90 19
83 38
88 23
16 23
81 19
6 23
6 17
95 23
89 5
15 69
15 23
37 19
75 23
75 1
54 23
23 78