0 37 50 73 81 1 41 80 89 95 2 19 29 43 57 3 12 28 39 83 87 4 22 47 62 77 5 9 18 27 32 55 67 6 21 26 48 82 88 92 7 23 25 36 52 8 40 94 31 34 42 46 65 10 60 64 68 11 24 71 72 56 59 66 74 13 33 14 15 53 93 51 16 38 44 61 69 91 99 17 98 35 49 20 75 86 76 54 45 96 58 97 30 78 90 70 85 79 63 84
0 73
37 15
37 45
50 21
50 20
73 1
73 90
81 68
81 15
1 89
41 79
80 43
80 70
80 29
89 64
89 79
89 60
95 53
95 68
95 7
2 43
2 19
19 49
29 97
29 67
29 58
57 74
57 3
12 56
12 74
28 62
39 58
83 62
83 72
87 96
87 66
87 63
4 22
4 47
22 8
22 34
47 64
47 82
77 45
77 34
5 27
5 67
9 65
9 31
9 42
18 17
18 61
18 46
18 69
18 35
32 42
55 34
67 91
6 26
21 56
21 33
26 52
48 54
88 51
88 84
88 52
88 36
92 71
7 23
23 44
25 53
40 13
40 46
40 34
94 30
94 79
34 71
42 59
42 71
10 64
68 14
11 71
24 76
71 78
72 86
56 78
33 38
14 93
51 45
16 38
44 58
44 85
69 54
99 85
17 98
20 75
86 97
76 58
96 30