2 0 6 3 7 1 8 5 9 10 11 12 4 13 14 15 16 17 18 19 20 21 22 23 24 25 26 27 28 29 30 31 32 33 34 35 36 37 38 39 40 41 42 43 44 45 46 47 48 49 50 51 52 53 54 55 56 57 58 59 60 61 62 63 64 65 66 67 68 69 70 71 72 73 74 75 76 77 78 79 80 81 82 83 84 85 86 87 88 89 90 91 92 93 94 95 96 97 98 99
2 31
0 53
6 78
3 79
3 68
7 69
7 25
1 75
1 41
8 5
8 21
8 14
5 43
5 76
9 45
10 97
10 77
11 36
12 18
12 55
4 47
13 24
14 99
15 42
15 27
16 94
16 88
16 33
17 84
18 23
18 93
19 34
20 41
22 73
22 65
22 61
23 34
23 59
24 34
24 57
26 79
27 34
28 98
28 43
28 89
29 46
29 90
29 40
30 76
31 94
31 34
32 79
35 65
35 91
36 91
36 63
37 94
37 91
38 46
38 86
38 81
38 66
39 72
40 68
40 45
42 82
42 58
43 77
44 74
44 48
47 94
49 75
49 57
49 51
49 95
50 53
52 93
53 70
53 90
53 62
54 91
56 64
56 68
58 92
59 79
59 60
61 74
63 80
63 67
64 83
69 99
71 86
72 77
77 80
78 97
79 84
81 85
83 87
96 97