0 6 9 33 52 68 81 87 89 1 2 21 44 47 67 70 71 78 88 28 37 48 57 3 30 85 4 8 69 80 5 25 53 65 77 91 92 16 22 34 40 7 11 12 38 43 26 55 83 10 31 49 46 54 59 75 93 18 13 99 23 15 62 29 42 51 19 56
0 87
0 89
6 34
6 40
9 55
9 43
33 43
52 12
52 62
52 7
68 3
68 87
81 71
87 85
87 65
87 22
87 15
89 19
1 88
1 67
1 70
2 28
2 47
2 57
21 88
21 46
44 38
47 5
47 49
67 78
71 42
71 5
71 34
88 22
88 80
28 54
37 8
37 30
48 69
48 18
48 59
57 23
30 62
4 8
8 77
8 53
8 92
69 12
80 5
25 29
53 91
65 38
65 43
65 11
91 56
16 83
34 12
11 26
26 29
55 31
83 42
10 49
49 99
46 93
75 19
18 13
99 51