0 1 2 3 4 5 6 8 10 11 12 13 14 15 16 18 20 22 23 24 25 26 27 28 29 30 32 34 35 36 37 38 39 40 41 42 43 44 45 46 49 50 53 54 56 57 58 60 61 62 63 65 66 69 70 73 74 77 78 79 81 82 85 86 87 89 90 91 92 93 94 97 98
0 34
0 10
1 35
1 29
1 36
2 25
2 38
2 37
3 13
3 8
3 24
3 32
4 20
4 41
4 26
5 43
5 44
5 8
6 45
6 46
6 23
6 24
8 50
8 29
8 49
8 22
10 53
11 23
11 16
11 56
12 58
12 57
13 60
14 62
14 28
15 32
15 63
16 66
16 65
18 70
18 20
18 69
20 74
20 73
20 28
22 78
23 79
24 81
24 82
25 29
26 85
26 86
27 87
28 89
29 92
30 93
30 32
30 94
32 97
32 98
34 36
37 39
38 40
41 43
42 44
54 56
58 60
61 63
77 79
85 87
89 91
90 92