59 12 82 6 21 99 20 46 88 1 95 47 16 54 93 11 24 40 97 43 57 67 75 87 65 4 73 44 23 85 29 48 68 39 71 52 53 31 81 19 10 92 2 84 55 78 69 77 28 36 94 79 30 27 8 83 26 41 51 56 22
59 44
59 43
12 20
82 8
82 28
6 95
6 87
21 23
99 71
20 47
46 40
46 83
46 29
46 69
88 29
88 52
1 2
1 19
95 52
47 53
47 78
16 2
54 73
54 93
93 84
93 29
11 39
11 94
24 36
40 30
40 57
97 56
97 39
43 4
67 53
67 75
67 92
67 22
87 48
65 19
4 36
4 29
73 2
44 31
23 48
85 26
85 81
48 71
68 41
68 79
39 77
31 27
31 8
81 55
81 83
10 78
84 77
78 69
94 79
26 51