0 1 2 4 6 7 8 11 12 16 19 21 25 27 31 33 36 38 40 41 42 43 45 46 54 57 59 60 61 63 67 68 70 73 74 79 81 82 83 84 87 88 90 94 95 3 13 14 17 20 22 26 28 29 32 37 50 52 53 58 62 65 66 77 86 89 91 92 5 9 10 15 24 34 47 48 71 75 78 80 23 30 35 49 64 69 72 85 93 44 51 56 18 76 55 39
0 4
0 78
1 52
2 83
2 84
6 46
7 91
8 80
8 38
11 30
12 55
16 53
19 42
19 9
21 56
21 89
25 22
25 73
27 79
27 78
31 32
31 72
31 60
33 80
33 44
33 46
36 60
38 50
40 71
40 48
41 30
41 47
43 49
45 34
54 91
54 84
54 60
57 86
57 87
59 26
60 74
61 3
63 78
63 5
67 47
68 64
70 58
74 88
81 77
82 84
82 15
84 49
84 69
88 17
90 22
90 15
90 58
94 92
94 39
95 86
3 55
13 32
14 18
14 23
17 86
17 51
20 53
20 10
22 55
26 78
28 48
29 53
29 85
32 85
37 66
37 69
50 75
50 89
50 62
52 23
53 65
62 9
65 34
77 55
89 35
5 80
24 35
47 69
47 23
71 85
75 76
23 39
49 93
64 55
44 55