14 21 24 25 32 33 34 35 36 37 38 41 44 45 46 47 48 51 52 53 54 55 56 57 58 61 62 63 64 65 66 67 68 71 72 73 74 75 76 77 78 81 82 83 84 85 86 87 88 1 2 3 4 5 6 7 8 20 30 39 40 49 50 59 60 69 70 79 80 29 98
14 4
14 24
21 20
24 25
24 34
32 33
33 34
34 35
34 44
35 36
36 37
37 38
38 39
41 40
41 51
44 45
44 54
45 46
46 47
47 48
48 49
51 50
51 52
51 61
52 53
53 54
54 55
55 56
56 57
57 58
58 59
61 60
61 62
61 71
62 63
63 64
64 65
65 66
66 67
67 68
68 69
71 70
71 72
71 81
72 73
73 74
74 75
75 76
76 77
77 78
78 79
81 80
81 82
82 83
83 84
84 85
85 86
86 87
87 88
88 98
1 2
2 3
3 4
4 5
5 6
6 7
7 8
20 30
30 40
39 29