0 61 63 65 66 68 69 70 73 77 78 79 81 82 86 87 89 92 93 97 98 1 12 8 2 51 15 3 36 4 33 14 5 57 20 6 54 7 27 56 53 9 21 10 11 24 35 17 64 16 23 38 18 49 19 25 30 42 59 26 45 28 50 41 43 58 48 52
0 61
0 66
0 63
0 97
0 81
0 92
0 77
0 65
61 3
61 26
63 10
63 25
68 4
69 5
70 6
73 11
78 16
79 17
82 20
86 27
87 28
89 30
93 36
98 42
1 8
1 12
12 35
8 51
2 51
2 15
15 64
3 36
36 18
4 14
4 33
33 25
33 19
14 17
5 20
5 57
20 25
6 54
54 59
7 27
7 53
7 56
56 50
56 41
53 9
9 21
21 30
11 24
24 49
17 23
64 38
16 23
16 38
23 42
18 49
25 59
30 59
26 45
45 48
28 50
43 58
43 48
58 52