0 17 18 23 24 30 34 39 55 59 60 64 71 78 79 92 1 2 8 9 13 16 19 21 27 31 49 58 66 68 81 86 91 94 10 20 25 29 38 46 48 51 52 61 69 73 76 82 90 96 3 26 43 57 70 80 95 4 5 7 12 47 74 84 87 99 6 11 14 15 41 44 53 67 88 93 98 35 40 45 63 89 33 50 83 97 65 85 22 28 56 77 32 36 42 37 72 75 62 54
0 78
0 30
17 80
17 53
18 92
18 91
23 31
23 94
24 89
30 32
34 78
34 13
39 50
39 72
39 36
55 72
59 7
60 65
60 73
64 72
64 66
71 20
78 19
79 4
79 51
92 20
92 9
1 21
2 10
8 52
8 68
8 6
9 7
9 49
9 56
16 80
19 41
19 20
21 70
21 12
27 20
31 5
31 40
31 69
49 85
49 4
58 5
68 37
81 50
86 84
10 99
25 57
25 35
29 35
38 76
46 48
46 44
48 11
51 43
51 35
51 42
52 15
52 50
52 77
61 40
61 33
69 82
73 12
76 6
90 84
90 89
90 95
96 67
3 80
3 26
26 14
57 88
80 15
80 35
47 88
74 85
87 85
99 40
99 77
99 83
99 22
6 67
44 88
53 97
93 89
93 36
98 40
35 28
40 63
45 50
63 54
83 65
65 75
56 62