1 2 3 4 5 6 7 8 9 10 11 12 13 14 15 16 17 18 19 20 21 22 23 24 25 26 27 28 29 31 32 33 34 35 36 37 38 39 40 41 42 43 44 45 46 47 48 49 50 51 52 53 54 55 56 57 58 59 60 61 62
1 2
2 3
3 4
4 5
5 6
6 7
7 8
8 9
9 10
10 11
11 12
12 13
13 14
14 37
14 15
14 35
14 36
14 38
15 16
15 32
15 31
15 33
15 34
16 39
16 40
16 17
16 41
16 42
17 18
18 19
19 20
20 21
21 22
22 23
23 24
24 25
25 26
26 27
27 28
28 29
31 43
31 45
31 44
31 46
31 47
32 51
32 50
32 49
32 52
32 48
33 53
33 54
33 55
33 56
33 57
34 62
34 60
34 58
34 61
34 59