0 25 24 62 65 66 67 68 71 72 74 75 76 77 78 79 82 83 86 89 91 93 97 1 3 33 44 4 8 5 42 37 6 7 52 31 9 58 11 28 56 13 61 14 38 59 41 16 55 40 17 20 18 22 19 26 21 23 54 32 35 27 30 50 53 39 47 60 49 57
0 24
0 67
0 25
0 82
0 75
0 89
0 68
0 91
0 93
0 78
0 72
0 66
0 74
0 71
0 62
0 83
24 54
24 41
24 32
24 35
62 1
65 5
76 19
77 20
79 23
82 28
86 33
97 50
3 33
3 44
44 4
44 18
4 8
5 37
5 42
42 22
37 53
37 30
37 41
37 6
7 31
7 52
52 21
31 17
9 11
9 58
58 57
11 56
11 28
56 60
13 61
61 40
14 38
14 59
38 27
59 20
59 16
16 55
16 40
55 49
40 19
17 20
20 26
18 22
23 54
27 30
50 49
39 47
47 60