0 22 34 36 91 1 4 11 35 56 82 86 93 96 2 8 78 83 87 3 19 29 64 69 88 12 43 5 6 13 42 70 85 51 62 90 25 30 9 23 68 76 10 80 15 28 46 60 61 95 14 38 67 18 16 47 97 39 41 49 17 72 84 58 65 99 20 48 98 21 54 66 57 26 53 32 40 73 74 44 50 89
0 34
22 87
34 42
34 85
36 73
36 30
36 74
91 23
1 82
1 93
1 96
4 12
4 43
11 95
11 61
35 99
56 29
56 41
56 65
82 25
86 49
96 23
2 8
8 9
8 90
78 85
78 47
83 69
87 62
3 19
19 28
19 60
64 48
64 97
64 76
64 9
69 60
69 72
69 89
69 18
88 62
88 53
43 53
5 13
5 70
6 62
6 51
13 38
42 32
42 99
70 23
51 39
62 72
25 61
23 28
68 40
68 54
76 21
76 14
10 80
80 67
80 39
15 16
46 38
46 54
60 44
95 57
38 73
18 58
16 49
16 97
47 65
41 48
41 66
17 72
17 84
72 21
99 50
20 48
98 21
26 53