33 14 88 75 82 87 11 73 35 37 44 92 5 26 29 85 90 43 45 27 94 41 6 21 51 39 61 47 80 49 34 81 76 96 9 53 57 2 71 50 12 64 59 24 3 60 25 22 56 98 63 58 17 67 38 79 66 74 55 89
33 89
33 47
33 82
14 12
88 43
75 79
75 11
82 55
87 25
87 67
11 94
11 38
73 29
35 26
35 43
37 27
37 59
44 34
92 25
5 2
5 24
26 49
29 24
85 41
85 74
90 39
43 67
43 61
45 27
27 49
27 96
94 3
41 6
6 79
21 64
21 51
51 50
51 58
39 71
61 47
61 76
61 17
47 58
80 50
34 59
34 81
76 9
96 60
96 63
53 60
57 67
2 63
71 89
12 59
64 56
64 66
59 22
98 74
63 38