0 3 4 10 17 18 28 33 47 72 1 5 7 11 15 20 25 69 6 8 12 13 37 44 45 59 70 82 9 21 56 67 71 14 19 27 36 39 41 51 58 40 73 88 99 97 92 57 26 65 46 77 87 90 98 54 61 84 96 81 62 79 80 86
0 3
0 28
0 72
3 59
4 21
4 18
4 7
10 92
17 1
18 82
18 54
28 79
28 6
33 58
33 12
47 46
72 98
1 5
5 58
5 14
5 19
5 51
11 21
11 15
20 12
20 21
25 26
69 70
69 90
69 9
8 71
8 99
8 88
13 44
13 39
37 81
37 92
37 27
37 46
44 27
45 90
59 82
70 21
82 96
9 97
56 36
56 80
67 19
14 77
14 99
27 98
27 41
27 62
27 40
36 87
39 61
73 77
99 65
97 26
57 77
26 87
46 86
84 80