0 30 36 37 34 44 45 46 47 49 50 53 54 55 58 61 64 66 69 70 72 73 1 15 75 76 77 78 79 81 84 85 88 89 92 94 99 2 31 22 4 23 43 5 10 6 39 25 17 7 33 8 26 9 40 14 12 35 13 42 27 18 41 19 24 29 32
0 34
0 36
0 30
0 55
0 37
0 70
0 50
0 49
0 46
0 64
0 45
0 66
0 72
0 53
0 69
0 54
34 17
34 43
44 1
47 5
49 7
58 18
61 24
73 40
1 15
1 88
1 89
1 76
1 85
1 78
15 23
75 2
77 5
79 7
81 9
84 12
92 22
94 25
99 32
2 31
31 22
22 42
4 43
4 23
23 42
5 10
10 14
6 25
6 39
6 17
25 19
17 27
17 9
17 35
7 33
7 8
33 29
8 26
26 14
9 40
12 35
13 42
42 24
18 19
18 41
41 32