0 1 2 3 4 5 6 7 8 10 11 12 13 14 15 16 18 19 20 21 22 23 24 25 26 28 30 31 32 33 34 35 36 37 38 39 41 42 43 45 46 47 49 50 53 54 55 56 57 58 61 62 63 65 66 69 70 71 73 74 75 77 78 79 80 81 82 84 85 86 89 90 93 94 95 96 97 98
0 24
0 33
0 6
1 36
1 31
2 37
2 38
3 39
3 26
4 7
4 41
4 5
4 42
5 28
5 8
5 22
5 21
6 46
6 45
7 47
8 49
8 50
10 54
10 53
10 15
11 56
11 55
11 23
11 28
12 57
12 25
12 30
12 58
12 18
13 26
13 25
14 62
14 61
15 63
16 66
16 65
16 23
18 70
18 69
19 71
20 74
20 26
21 75
23 80
23 26
23 79
24 81
25 84
26 85
26 86
28 90
28 89
30 94
30 32
31 96
31 95
32 98
32 97
33 35
34 36
37 39
41 43
45 47
53 55
61 63
69 71
73 75
77 79
78 80
82 84
93 95
94 96