0 10 13 25 26 27 1 5 19 28 29 30 2 9 31 32 33 3 34 35 36 4 21 7 37 38 39 40 41 42 6 16 43 44 45 20 46 47 48 8 11 49 50 51 17 52 53 54 55 56 57 12 58 59 60 61 62 63 18 64 65 66 14 15 67 68 69 70 71 72 73 74 75 76 77 78 79 80 81 82 83 84 22 23 85 86 87 88 89 90 91 92 93 24 94 95 96 97 98 99
0 27
0 25
0 26
10 55
10 56
10 57
13 66
13 64
13 65
26 28
27 70
1 28
1 30
1 29
5 42
5 40
5 41
19 83
19 84
19 82
29 80
2 33
2 31
2 32
9 53
9 52
9 54
33 97
33 86
3 34
3 36
3 35
34 58
34 62
4 38
4 37
4 39
21 88
21 90
21 89
7 47
7 46
7 48
37 98
38 88
39 82
40 84
41 47
6 43
6 44
6 45
16 75
16 74
16 73
45 97
20 86
20 85
20 87
8 51
8 49
8 50
11 60
11 59
11 58
49 52
50 61
17 77
17 76
17 78
56 92
12 61
12 63
12 62
63 93
18 80
18 81
18 79
65 81
66 90
14 68
14 67
14 69
15 72
15 70
15 71
67 71
68 74
71 78
73 94
76 93
22 91
22 93
22 92
23 96
23 95
23 94
24 97
24 99
24 98