53 52 56 66 67 77 76 79 89 69 59 68 49 58 57 48 36 39 29 38 37 19 28 27 26 15 16 14 13 5 4 6 7 8 9 3 2 1 0 10 11 20 21 30 40 31 32 22 23 24 25 33 41 50 51 60 61 70 80 71 72 73 74 81 90 91 92 93 94 95 96 97 82 83 86 87 88 62 63 45 46 47 43 42 12 17 18 35
53 52
52 51
56 57
66 77
66 67
67 68
77 76
79 69
79 89
89 88
69 59
69 68
59 49
59 58
49 48
49 39
58 57
48 47
36 35
36 37
39 29
39 38
29 19
29 28
38 37
19 18
19 9
27 15
27 26
26 25
15 16
16 17
14 5
14 13
13 12
5 4
5 6
4 3
6 7
7 8
3 2
2 1
0 10
10 11
10 20
11 12
20 30
20 21
21 22
30 40
40 41
40 50
31 22
31 32
32 33
22 23
23 24
41 42
50 60
50 51
51 45
60 70
60 61
61 62
70 80
70 71
80 81
80 90
71 72
72 73
73 74
81 82
90 91
91 92
92 93
93 94
94 95
95 96
96 97
82 83
86 87
87 88
62 63
45 46
46 47
43 42
17 18