0 1 3 4 6 8 9 10 13 14 15 16 17 18 19 20 21 22 23 25 26 28 29 30 32 33 35 36 37 38 40 41 42 44 45 48 49 51 52 54 57 58 59 61 62 63 64 65 66 67 72 73 74 76 77 78 79 80 81 82 83 84 86 87 88 89 90 91 92 94 95 96 97 98 2 5 7 12 24 27 34 39 43 46 47 53 55 68 69 75 85 93 31 50 71 99 11 56 60 70
0 74
0 88
0 13
1 5
3 17
3 7
4 42
4 63
6 31
6 80
6 37
8 32
8 82
9 43
9 54
10 35
10 40
10 38
10 24
10 83
14 41
15 97
15 72
15 64
16 96
16 88
16 85
17 85
17 41
18 79
19 42
20 55
20 62
20 54
20 23
21 44
21 89
22 23
22 70
25 51
25 46
26 27
26 11
26 50
28 88
29 66
30 84
30 33
30 87
32 52
32 93
33 77
35 47
36 41
37 99
40 91
42 86
42 74
44 99
44 81
45 73
48 72
48 65
49 82
49 11
52 98
52 79
57 73
57 89
58 79
59 66
61 95
61 5
62 82
62 71
63 12
64 95
65 75
66 76
66 96
67 47
67 34
73 94
74 2
77 46
77 89
77 91
78 80
79 89
82 96
89 53
89 90
92 60
92 55
96 68
97 2
7 69
39 70
99 56