0 1 2 4 5 6 7 8 9 10 12 14 16 17 18 19 20 21 22 24 25 26 27 28 29 30 32 33 34 35 36 37 38 41 42 44 45 46 47 49 50 52 53 54 57 58 61 62 65 66 68 69 70 71 72 73 74 75 76 77 78 81 82 84 85 86 87 89 90 91 93 94 97 98
0 30
0 8
0 12
1 35
1 36
1 25
2 38
2 17
2 25
2 37
4 30
4 41
5 44
5 27
6 46
6 45
6 25
7 21
7 47
8 50
8 21
8 49
9 52
10 53
10 17
10 54
12 57
12 19
12 58
14 61
14 62
14 28
16 65
16 66
17 68
17 29
17 24
17 27
18 70
18 69
19 71
20 28
21 76
21 75
22 77
22 78
22 25
24 81
24 32
25 84
26 86
26 27
27 87
28 90
28 89
29 91
30 93
30 94
32 98
32 97
33 35
34 36
42 44
45 47
50 52
66 68
69 71
70 72
73 75
74 76
82 84
85 87
89 91