7 8 6 5 4 15 16 24 14 25 13 12 11 21 31 41 40 51 52 42 53 62 72 73 74 64 75 85 84 86 95 96 94 93 92 91 90 80 70 60 50 97 87 88 78 68 58 48 59 47 57 37 46 56 36 55 54 45 65 43 44 35 34 33 66 27 26 67 77 76 49 69 79 89 39 29 19 9 38 28 18 17 83 82 81 71 61 63 32 22 23 30 20 10 0 1 2 3
7 8
7 6
8 9
6 5
5 4
4 3
15 16
15 14
15 24
16 17
24 23
24 25
14 13
25 26
13 12
12 11
11 21
21 31
31 41
41 51
41 40
40 30
40 50
51 61
52 62
52 42
52 53
42 32
53 63
53 43
53 44
62 72
72 73
73 74
74 75
64 63
64 65
75 76
85 86
85 84
84 83
86 87
95 96
95 94
96 97
94 93
93 92
92 91
91 90
90 80
80 70
70 60
60 50
87 88
88 78
78 68
68 58
48 38
59 69
59 49
47 37
57 67
37 27
46 36
46 56
56 66
36 35
55 54
54 44
45 44
65 66
43 33
34 33
27 26
67 77
77 76
49 39
69 79
79 89
39 29
29 19
19 9
38 28
28 18
18 17
83 82
82 81
81 71
71 61
32 22
22 23
30 20
20 10
10 0
0 1
1 2
2 3