16 13 2 22 8 17 1 15 6 20 23 24 0 14 4 11 9 5 21 7 10 19 18 12 3 25 26 27 28 29 30 40 42 43 44 45 47 48 49 50 51 65 66 67 68 69 70 71 72 85 86 88 89 90 91 92 93 94 95 96
16 13
13 66
13 65
13 2
2 3
22 91
22 93
22 92
22 17
8 49
8 51
8 50
1 29
1 28
1 30
15 70
15 71
15 72
15 24
6 45
6 44
6 43
6 12
20 86
20 85
23 94
23 95
23 96
0 27
0 25
0 26
14 68
14 69
14 67
14 4
14 11
4 9
5 42
5 40
21 88
21 89
21 90
21 10
21 19
7 48
7 47
10 18
25 65
25 47
25 91
27 49
28 95
42 85
43 88
44 95
68 93
69 71
70 94
70 86