1 0 2 3 4 5 6 7 9 10 11 12 13 14 15 17 18 19 20 21 22 23 24 25 27 28 29 31 32 33 34 35 37 38 40 41 43 45 46 47 48 50 51 52 53 54 55 57 61 63 64 65 66 67 68 69 71 72 73 74 75 79 82 83 85 86 92 95 97 99
1 6
0 20
0 7
0 21
2 6
3 17
3 14
4 6
4 19
5 24
5 33
6 9
7 64
7 69
9 55
9 10
9 27
10 37
11 35
11 54
11 25
11 43
12 14
12 48
13 51
13 63
13 38
14 55
14 63
14 15
14 18
17 22
20 95
20 67
20 85
23 63
24 34
24 67
25 82
28 41
29 92
31 37
32 46
33 54
34 40
34 46
34 47
34 97
37 75
41 99
41 52
45 69
46 71
47 61
47 53
47 65
50 53
51 74
52 83
54 57
54 92
55 79
63 68
66 71
69 73
71 74
72 73
74 99
86 97