6 73 25 17 8 27 89 32 47 54 3 19 87 57 83 12 61 95 92 2 50 0 38 56 62 37 4 43 77 18 96 39 35 99 29 10 71 74 86 97 24 69 70 28 58 82 9 42 36 81 26 84 98 13 93 16 67 20 23 68 79 52 33 75 64 48 22 49 11 94 5 15 90 21 72 53 76
6 19
6 74
73 52
73 48
25 18
25 33
25 84
17 64
17 27
17 15
8 32
8 23
8 89
27 37
89 92
89 49
47 86
47 74
54 36
3 48
87 93
87 38
87 72
57 26
83 68
83 20
83 33
12 77
12 95
61 92
95 50
92 68
92 42
2 62
50 82
0 74
0 68
0 56
38 11
38 79
38 35
56 13
62 81
62 28
37 26
37 67
4 36
4 22
43 69
77 58
96 93
39 11
39 53
39 99
35 81
99 29
10 81
10 71
74 97
74 5
97 90
97 9
24 28
69 16
70 11
28 16
28 94
58 76
82 75
36 64
36 21
84 98
68 64
52 53
75 64
49 11