0 4 8 10 11 14 15 16 17 18 19 22 23 24 28 30 31 45 52 56 57 58 59 62 63 64 65 66 70 71 72 73 74 75 76 78 80 82 85 86 87 90 91 92 94 95 1 2 12 13 27 29 32 34 37 39 41 42 43 47 49 50 53 54 55 67 68 69 81 83 84 89 93 96 9 20 21 26 35 36 60 61 77 3 5 33 38 40 44 46 48 79 99 6 88 25 51 98 97 7
0 72
0 80
0 66
4 85
8 70
8 2
10 5
11 6
11 90
11 24
11 49
14 80
15 77
16 65
16 92
17 37
17 12
18 32
19 48
19 68
22 79
23 89
23 91
28 34
30 87
30 51
31 54
45 81
52 26
52 76
56 21
57 69
57 12
57 78
58 84
58 3
58 50
58 92
59 99
59 9
62 97
62 61
63 43
64 13
66 25
70 73
70 83
71 21
71 86
71 93
72 42
72 84
73 32
74 85
75 95
75 40
82 94
82 9
82 84
85 46
86 27
90 35
91 41
92 98
94 32
94 81
95 42
1 41
13 60
27 33
29 25
32 88
32 35
34 36
39 41
42 21
43 89
43 26
47 7
50 60
50 53
54 77
54 36
55 88
67 7
67 46
68 84
69 81
84 97
84 96
89 5
96 38
20 51
20 36
20 21
35 5
77 44
46 6
79 99