0 13 19 31 46 70 81 83 92 1 27 52 56 2 10 34 40 74 76 3 69 4 79 96 5 8 32 35 6 28 91 94 7 84 48 57 59 9 11 55 80 30 68 75 82 12 36 50 53 25 38 14 37 67 15 16 33 72 73 18 29 20 85 66 51 65 98 22 44 49 24 64 26 99 58 90 95 54 61 87 43 41 77 39 97 93 45
0 13
0 83
0 81
19 68
31 28
31 83
31 64
31 99
46 34
46 77
70 56
70 61
81 25
83 76
92 3
92 7
1 56
27 11
52 73
52 20
56 64
2 74
2 10
34 30
34 51
34 16
40 15
40 35
74 90
74 7
74 26
74 68
69 99
4 96
79 24
96 7
5 35
5 8
32 58
35 43
6 91
6 94
28 49
94 87
94 20
7 84
48 24
48 97
48 51
57 36
57 65
59 58
59 87
9 11
11 30
11 68
11 82
55 58
80 41
30 20
30 33
68 25
68 95
75 51
82 66
82 37
12 36
12 50
50 45
53 54
38 85
14 67
14 37
16 72
18 85
18 20
29 98
20 98
65 24
22 49
44 26
49 93
95 41
54 43
54 39
43 93