0 1 2 3 4 5 6 7 8 9 10 11 12 13 14 15 16 17 18 19 20 21 22 23 24 25 26 27 28 29 30 31 32 33 34 35 36 37 38 39 40 41 42 43 44 45 46 47 48 49 50 51 52 53 54 55 56 57 58 59 60 61 62 63 64 65 66 67 68 69 70 71 72 73 95 97
0 17
1 29
1 50
1 57
2 16
3 34
4 57
5 49
6 72
7 22
8 23
8 73
9 49
10 29
10 25
10 58
10 59
11 27
12 53
12 34
12 36
13 95
13 18
14 41
14 55
15 36
16 49
17 57
17 23
18 22
19 61
19 42
20 28
21 95
22 39
23 60
23 33
23 48
24 62
24 44
26 63
27 29
28 95
28 63
28 56
28 61
29 66
30 63
31 34
32 72
33 68
35 67
35 57
36 54
36 45
37 49
37 65
38 50
39 45
39 51
40 73
41 56
43 61
43 47
44 97
45 49
46 48
50 69
51 64
51 72
52 97
60 95
63 70
69 71
95 97