0 10 65 67 68 69 70 71 73 74 76 78 82 83 86 87 88 90 92 93 94 95 97 1 8 40 2 27 3 13 4 5 37 24 6 39 53 7 33 9 60 11 12 20 14 15 22 35 16 17 18 19 21 23 38 25 32 26 28 29 36 30 31 43 34 41 42 44
0 10
0 90
0 74
0 82
0 65
0 94
0 69
0 83
0 76
0 87
0 86
0 71
0 93
0 68
0 70
0 97
0 67
0 92
0 78
0 73
0 95
10 3
65 1
67 4
68 5
73 11
74 12
78 18
82 26
83 27
86 30
87 31
88 32
90 34
92 36
93 39
94 41
95 42
97 44
1 40
1 8
2 27
3 13
13 20
5 37
5 24
6 39
6 53
39 16
53 17
53 25
53 28
7 33
33 20
33 43
9 60
60 14
60 31
15 35
15 22
35 28
19 21
21 38
21 23
38 29
25 32
29 36