0 1 2 4 6 8 9 10 11 12 14 16 17 18 20 21 22 23 24 25 26 28 29 30 31 32 33 34 35 36 37 38 41 42 45 46 49 50 51 53 54 56 57 58 61 62 65 66 67 69 70 73 74 75 77 78 79 80 81 82 85 86 89 90 91 92 93 94 97 98
0 34
0 33
1 36
1 32
1 23
1 18
2 37
2 12
2 14
2 38
4 41
4 42
4 18
6 31
6 45
6 21
6 8
6 46
8 49
8 50
9 51
9 28
10 20
10 54
10 53
11 56
12 57
12 58
12 18
14 62
14 61
16 32
16 66
17 67
17 22
18 70
18 25
18 69
20 74
20 26
20 73
21 75
22 77
22 78
23 79
23 30
23 26
24 81
24 32
24 82
26 86
26 85
29 91
29 92
29 31
30 94
30 93
32 98
32 97
33 35
34 36
49 51
54 56
65 67
73 75
77 79
78 80
89 91
90 92