0 1 3 8 9 12 16 17 19 23 25 26 27 30 33 40 41 42 45 48 54 56 59 64 66 67 70 71 73 80 82 84 85 86 87 91 98 99 4 6 7 11 13 18 20 22 24 29 31 35 37 43 46 47 52 53 55 57 60 62 68 74 78 83 89 90 94 95 2 5 10 15 21 32 36 38 39 50 69 81 88 92 14 28 34 44 61 72 93 96 49 51 58 75 76 77 79 63 97 65
0 84
1 11
1 67
1 8
3 13
3 56
9 96
9 74
9 46
12 17
12 60
12 78
16 71
17 5
17 46
17 42
19 78
19 49
23 53
23 45
25 57
26 21
26 78
27 89
27 14
27 86
30 42
33 59
33 6
40 46
41 87
41 71
42 59
48 39
48 15
54 57
54 36
54 93
56 51
56 38
64 77
64 69
66 58
70 43
70 51
73 81
80 89
80 75
82 10
82 91
84 50
84 24
85 46
85 22
86 76
87 37
87 49
98 63
99 60
99 90
99 62
99 20
4 38
7 5
7 68
7 36
11 55
18 5
20 51
20 61
29 55
29 65
29 15
31 88
35 62
37 79
43 58
43 53
47 79
52 36
53 92
55 77
60 32
68 63
83 89
94 39
95 77
2 38
5 50
5 77
10 39
69 76
81 28
88 76
92 44
28 97
28 76
34 63
72 63