0 8 68 59 19 38 70 3 13 39 36 35 11 17 18 29 58 16 47 42 73 74 75 76 77 78 79 80 81 82 83 84 85 86 87 89 90 91 92 93 94 95 96 97 98 2 4 34 46 21 23 72 63 66 20 30 54 41 37 40 65 61 45
0 68
0 77
0 98
0 79
0 97
0 86
0 35
0 90
0 75
0 74
0 89
0 96
0 93
0 94
0 73
0 78
0 95
0 82
0 83
0 80
0 92
0 91
0 76
0 85
0 84
0 87
0 81
8 23
8 3
8 77
68 13
68 42
68 61
68 63
59 29
59 58
19 66
19 39
38 37
38 36
38 95
70 30
70 2
70 18
3 11
13 45
13 39
36 41
35 54
17 47
17 83
18 84
29 91
58 72
16 82
47 20
47 65
42 40
86 21
4 34
4 46
46 30