1 94 2 9 22 93 11 19 24 66 88 91 4 5 6 7 12 13 15 16 17 20 23 28 29 31 32 35 42 52 54 57 79 83 84 85 92 3 8 10 21 25 26 27 34 38 39 51 60 61 62 63 71 74 75 77 78 80 81 86 87
1 62
1 5
1 4
1 80
1 29
1 79
94 92
94 2
94 23
2 12
2 4
2 3
9 28
9 54
9 5
9 88
22 27
22 52
93 86
93 6
11 39
11 10
11 12
11 52
19 86
19 20
19 61
24 25
24 71
24 26
24 17
66 7
91 26
91 29
91 13
6 74
7 38
7 8
12 8
15 85
15 92
16 17
16 78
20 35
23 32
31 10
31 57
32 81
32 63
35 34
42 21
83 84
84 85
85 75
92 51
3 21
25 87
60 61
71 74
75 77