0 29 55 56 58 59 63 64 66 68 69 70 74 75 76 79 85 86 89 90 92 93 96 1 43 97 98 99 2 28 3 4 12 52 5 8 42 6 39 7 40 48 24 9 14 11 23 41 54 13 15 53 35 49 17 18 30 38 20 21 25 50 26 34 36 27 31 32 45 44 47 51
0 29
0 85
0 55
0 59
0 58
0 66
0 64
0 69
0 86
0 56
0 92
0 63
0 89
0 68
0 90
59 5
69 18
70 20
74 25
75 26
76 27
79 30
86 40
93 49
96 53
1 99
1 43
1 97
43 18
43 17
43 9
98 3
2 28
28 8
3 12
3 4
12 41
12 23
12 54
52 6
5 6
5 8
5 42
42 49
6 39
7 48
7 40
7 24
40 20
48 32
14 35
11 23
41 45
41 25
54 21
13 53
13 15
53 25
35 25
18 38
18 30
30 31
38 26
25 50
50 44
26 34
26 36
34 27
36 45
44 47
47 51