66 70 41 1 28 95 4 29 74 68 76 18 86 8 25 2 91 3 32 82 49 34 7 59 6 44 50 16 83 77 53 63 99 10 75 14 13 42 78 88 45 47 87 84 72 61 73 40 22 57 39 26 27 89 33 36 58 37 56 38 94 92 90 46 67
66 42
66 58
70 40
70 72
41 99
41 13
41 4
41 32
1 18
1 58
1 25
28 68
95 22
95 36
95 88
4 63
29 39
29 68
74 39
74 49
74 6
68 90
68 14
76 2
18 87
18 77
86 47
86 56
86 53
8 88
8 72
25 92
2 40
91 78
91 56
3 45
32 27
82 26
82 6
34 27
34 33
34 58
34 75
7 26
7 16
59 57
59 63
59 83
44 61
44 90
50 47
16 45
77 84
10 14
42 39
42 36
78 87
78 94
84 89
73 37
26 37
89 67
56 38
56 46