0 10 22 25 26 27 1 11 17 28 29 30 2 31 32 33 3 16 20 9 13 34 35 36 4 37 38 39 5 24 40 41 42 6 43 44 45 7 18 46 47 48 8 15 49 50 51 52 53 54 21 55 56 57 19 58 59 60 12 61 62 63 64 65 66 14 23 67 68 69 70 71 72 73 74 75 76 77 78 79 80 81 82 83 84 85 86 87 88 89 90 91 92 93 94 95 96 97 98 99
0 26
0 25
0 27
10 55
10 56
10 57
22 91
22 92
22 93
25 73
27 97
1 30
1 28
1 29
11 59
11 58
11 60
17 77
17 78
17 76
28 56
30 58
2 31
2 33
31 89
31 77
32 85
33 65
3 34
3 35
3 36
16 73
16 74
20 87
20 85
20 86
9 54
9 53
9 52
13 65
13 64
13 66
34 41
4 38
4 39
4 37
39 85
5 41
5 40
5 42
24 97
24 99
40 50
42 99
6 44
6 43
6 45
45 83
7 48
7 46
18 80
18 79
18 81
47 91
48 57
8 49
8 50
8 51
15 72
15 71
15 70
52 90
21 89
21 90
21 88
55 94
57 65
19 84
19 83
19 82
12 63
12 62
12 61
62 92
62 96
66 74
14 69
14 67
14 68
23 94
23 95
23 96
68 82
71 80
75 95
80 98
84 96
86 96
87 98