0 7 4 25 26 27 1 28 29 30 2 17 23 22 31 32 33 3 13 34 35 36 5 37 38 39 12 40 41 42 6 15 8 43 44 45 46 47 48 24 49 50 51 9 52 53 54 10 21 55 56 57 11 20 58 59 60 61 62 63 64 65 66 14 18 67 68 69 70 71 72 16 73 74 75 19 76 77 78 79 80 81 82 83 84 85 86 87 88 89 90 91 92 93 94 95 96 97 98 99
0 26
0 25
0 27
7 48
7 46
7 47
4 37
4 38
4 39
25 75
26 48
1 28
1 30
1 29
29 36
2 31
2 32
2 33
17 78
17 77
17 76
23 96
23 94
23 95
22 92
22 91
31 91
32 99
32 87
33 47
3 36
3 34
3 35
13 65
13 66
13 64
34 82
5 41
5 42
5 40
39 98
12 61
12 62
12 63
40 47
42 95
42 49
6 43
6 45
6 44
15 72
15 71
8 51
8 49
8 50
43 97
46 88
46 69
48 59
48 70
24 98
24 97
24 99
9 52
9 54
9 53
53 73
53 66
54 82
10 56
10 55
10 57
21 90
21 89
21 88
56 75
56 76
11 59
11 60
11 58
20 85
20 87
20 86
61 89
64 81
14 68
14 67
14 69
18 81
18 79
18 80
71 89
16 74
16 75
16 73
19 83
19 84
78 93
79 83