0 54 58 94 95 44 7 47 11 91 53 17 37 72 77 12 61 22 20 51 70 99 28 8 66 50 55 4 5 82 89 10 69 26 98 52 74 43 18 85 2 39 31 1 14 78 36 86 96 56 19 63 40 49 21 3 64 32 41 84 97 13 79 34 71 33 73 93 9 30 83 60 59 75 57 48 87 16 15 80 45 24 68 29 76 67 25 92 6 23 81 90 88 65 27 62 42 46 38 35
0 52
54 81
54 1
58 93
58 34
94 49
94 16
94 77
94 28
95 11
44 43
44 96
7 2
7 93
7 65
47 64
47 71
11 42
91 31
91 99
53 55
53 25
17 49
17 73
37 63
72 82
12 13
61 14
22 90
20 31
20 56
20 2
20 69
20 57
51 40
51 6
70 9
99 48
28 18
28 60
8 82
66 40
50 86
55 9
4 36
5 80
82 71
89 65
10 88
10 32
10 3
69 49
69 39
26 3
98 71
52 2
52 15
74 45
43 42
43 1
43 71
85 93
2 30
31 25
1 63
14 59
14 36
78 75
78 62
36 81
36 68
86 59
96 62
19 88
19 84
63 24
63 27
40 64
49 41
21 67
3 45
32 29
41 71
97 34
13 42
79 24
33 45
73 92
93 23
9 38
83 76
75 87
57 46
16 80
80 90
80 76
24 67
25 35
81 88