0 1 2 3 4 6 7 8 9 10 12 13 14 15 16 17 18 19 20 21 22 23 24 25 26 27 28 29 30 32 33 34 35 36 37 38 40 41 42 45 46 47 48 49 50 51 53 54 57 58 59 60 61 62 63 65 66 67 69 70 71 73 74 75 76 77 78 79 81 82 84 85 86 88 89 90 92 93 94 97 98
0 3
0 34
0 8
1 36
1 35
1 24
1 18
1 13
1 27
1 32
2 12
2 38
2 37
4 42
4 21
4 41
6 46
7 17
7 18
7 48
7 47
8 49
8 19
8 50
9 51
9 29
9 18
10 17
10 53
10 21
10 16
10 54
12 57
13 59
13 60
13 14
14 62
14 25
15 63
15 25
16 66
16 65
18 70
18 20
19 71
20 30
21 22
21 75
21 76
22 77
22 78
23 79
23 28
24 81
24 82
25 84
26 85
26 86
27 88
28 89
29 92
30 94
30 93
32 98
32 97
33 35
38 40
45 47
46 48
49 51
57 59
58 60
61 63
65 67
69 71
73 75
74 76
77 79
86 88
90 92