0 1 2 3 4 5 6 8 10 11 12 14 16 18 20 22 23 24 25 26 28 30 31 32 33 34 35 36 37 38 39 40 41 42 43 44 45 46 49 50 53 54 56 57 58 61 62 65 66 69 70 73 74 77 78 79 81 82 84 85 86 89 90 93 94 96 97 98
0 34
0 30
0 33
1 35
1 25
2 38
2 32
2 5
3 40
3 20
3 39
3 12
4 42
4 25
5 43
5 44
5 14
5 24
6 18
6 45
6 20
6 46
8 50
8 25
8 49
10 54
10 53
11 56
11 25
12 28
12 58
12 57
14 62
14 61
16 66
16 65
16 23
18 70
18 69
20 31
20 73
20 74
20 26
22 28
22 78
23 79
23 32
24 81
25 84
26 85
26 86
28 90
28 89
30 93
31 96
32 97
32 98
33 35
34 36
37 39
38 40
41 43
42 44
54 56
77 79
82 84
94 96