0 5 12 19 23 28 31 33 34 36 37 58 64 66 75 78 89 95 97 1 4 9 25 41 43 52 67 72 73 80 83 98 99 2 14 18 40 42 45 53 55 62 69 82 84 87 93 3 13 27 47 60 74 79 96 8 11 16 20 22 26 29 56 57 71 90 92 21 30 32 38 44 49 50 51 59 63 86 88 6 24 39 54 68 94 7 77 10 48 65 70 91 46 85 15 35 76 17 81 61
0 28
0 66
5 82
12 96
12 43
19 23
19 58
23 11
23 97
31 15
31 89
31 97
31 90
33 29
33 91
34 8
36 54
36 22
36 3
37 1
58 2
64 70
64 73
66 30
66 4
66 92
75 60
78 15
89 72
89 60
95 79
97 49
1 43
1 41
4 90
4 20
9 99
9 48
9 67
9 80
25 43
52 54
72 85
73 81
73 57
80 90
83 6
83 26
98 24
99 35
2 45
14 94
14 15
18 47
18 48
40 90
42 45
53 17
55 16
55 77
62 93
62 7
69 26
82 27
84 38
84 71
87 49
13 76
27 49
74 17
74 96
74 21
79 15
96 30
96 86
8 24
8 16
11 32
22 90
26 39
26 57
29 63
56 39
71 6
71 30
90 24
92 88
32 7
32 10
38 44
44 68
50 68
51 94
59 35
24 61
77 91
77 76
65 85
91 46