0 1 2 4 5 6 7 8 9 10 12 13 14 15 16 17 18 19 20 21 22 24 25 26 27 28 29 30 31 32 33 34 35 36 37 38 41 42 44 45 46 48 49 50 51 53 54 57 58 59 61 62 63 64 65 66 67 69 70 71 73 74 76 77 78 81 82 84 85 86 87 88 89 90 93 94 95 96 97 98
0 33
0 34
0 20
1 36
1 24
1 8
2 37
2 38
2 5
4 41
4 19
4 9
5 44
5 9
6 46
6 15
6 45
7 14
7 9
8 50
8 49
9 28
10 53
10 54
10 16
10 12
12 58
13 59
13 19
14 61
14 29
15 63
15 25
15 64
16 65
16 24
16 21
16 66
17 67
17 22
18 70
18 69
18 19
19 71
20 73
20 29
20 74
21 76
21 32
21 29
22 77
22 78
24 81
25 84
26 31
27 87
27 31
27 88
28 90
28 31
28 89
30 93
31 95
31 96
32 97
32 98
33 35
42 44
46 48
49 51
57 59
61 63
62 64
65 67
82 84
85 87
86 88
93 95
94 96