18 48 75 81 50 92 90 74 28 70 7 44 23 36 43 61 86 30 15 79 87 78 14 17 59 68 85 8 41 66 71 69 82 34 47 60 29 63 72 88 12 55 3 31 37 42 54 21 24 6 13 20 62 45 38 52 73 91 4 16 58 83 56 80 99 93 76 46 57 96 10 94 64 19 26 84 89
18 56
18 94
48 30
48 3
48 54
75 54
75 29
81 43
50 79
50 90
50 54
50 6
50 63
50 13
92 46
92 37
92 7
92 73
92 55
92 78
90 68
90 19
74 7
74 91
28 54
28 94
28 47
70 42
70 37
70 71
44 57
44 54
23 21
23 34
23 82
36 79
43 96
43 17
61 30
86 46
86 15
30 84
15 41
79 24
79 89
87 76
87 31
78 38
14 91
59 66
85 80
85 91
8 96
66 47
66 10
69 42
69 12
69 26
82 31
82 99
60 42
60 16
63 62
63 64
72 76
88 31
3 45
3 83
37 52
21 83
20 45
73 96
4 76
58 83
83 46
93 26